#
# There is insufficient memory for the Java Runtime Environment to continue.
# Native memory allocation (malloc) failed to allocate 1801776 bytes for Chunk::new
# Possible reasons:
#   The system is out of physical RAM or swap space
#   The process is running with CompressedOops enabled, and the Java Heap may be blocking the growth of the native heap
# Possible solutions:
#   Reduce memory load on the system
#   Increase physical memory or swap space
#   Check if swap backing store is full
#   Decrease Java heap size (-Xmx/-Xms)
#   Decrease number of Java threads
#   Decrease Java thread stack sizes (-Xss)
#   Set larger code cache with -XX:ReservedCodeCacheSize=
#   JVM is running with Unscaled Compressed Oops mode in which the Java heap is
#     placed in the first 4GB address space. The Java Heap base address is the
#     maximum limit for the native heap growth. Please use -XX:HeapBaseMinAddress
#     to set the Java Heap base and to place the Java Heap above 4GB virtual address.
# This output file may be truncated or incomplete.
#
#  Out of Memory Error (arena.cpp:184), pid=13876, tid=7452
#
# JRE version: OpenJDK Runtime Environment (19.0.2+7) (build 19.0.2+7-44)
# Java VM: OpenJDK 64-Bit Server VM (19.0.2+7-44, mixed mode, sharing, tiered, compressed oops, compressed class ptrs, g1 gc, windows-amd64)
# No core dump will be written. Minidumps are not enabled by default on client versions of Windows
#

---------------  S U M M A R Y ------------

Command Line: -javaagent:C:\Program Files\JetBrains\IntelliJ IDEA Community Edition 2022.3.2\lib\idea_rt.jar=1426:C:\Program Files\JetBrains\IntelliJ IDEA Community Edition 2022.3.2\bin -Dfile.encoding=UTF-8 -Dsun.stdout.encoding=UTF-8 -Dsun.stderr.encoding=UTF-8 com.fichier.fichier.FichierApplication

Host: Intel(R) Core(TM) i5-3437U CPU @ 1.90GHz, 4 cores, 3G,  Windows 10 , 64 bit Build 19041 (10.0.19041.3031)
Time: Mon Jul 10 14:44:51 2023 Afrique de l, 64 bit Build 19041 (10.0.19041.3031) elapsed time: 1641.748579 seconds (0d 0h 27m 21s)

---------------  T H R E A D  ---------------

Current thread (0x000001d2ab1611c0):  JavaThread "C2 CompilerThread0" daemon [_thread_in_native, id=7452, stack(0x00000041cce00000,0x00000041ccf00000)]


Current CompileTask:
C2:1641748 15076   !   4       org.apache.catalina.core.StandardWrapperValve::invoke (2395 bytes)

Stack: [0x00000041cce00000,0x00000041ccf00000]
Native frames: (J=compiled Java code, j=interpreted, Vv=VM code, C=native code)
V  [jvm.dll+0x6ee21a]
V  [jvm.dll+0x85765e]
V  [jvm.dll+0x85904e]
V  [jvm.dll+0x859703]
V  [jvm.dll+0x28298f]
V  [jvm.dll+0xc9adf]
V  [jvm.dll+0xc9e65]
V  [jvm.dll+0x3bca12]
V  [jvm.dll+0x3860e1]
V  [jvm.dll+0x38555a]
V  [jvm.dll+0x24c3d9]
V  [jvm.dll+0x24b781]
V  [jvm.dll+0x1d6ce1]
V  [jvm.dll+0x25b25a]
V  [jvm.dll+0x2596e8]
V  [jvm.dll+0x807588]
V  [jvm.dll+0x80125a]
V  [jvm.dll+0x6ecf0b]
C  [ucrtbase.dll+0x21bb2]
C  [KERNEL32.DLL+0x17614]
C  [ntdll.dll+0x526f1]


---------------  P R O C E S S  ---------------

Threads class SMR info:
_java_thread_list=0x000001d2b38ea740, length=31, elements={
0x000001d2ab158db0, 0x000001d2ab159d40, 0x000001d2ab15b7b0, 0x000001d2ab15d2f0,
0x000001d2ab15fc30, 0x000001d2ab160560, 0x000001d2ab1611c0, 0x000001d2ab163360,
0x000001d2ab1d9870, 0x000001d2ab13c7a0, 0x000001d2af6452e0, 0x000001d2aff00350,
0x000001d2aff01890, 0x000001d2afeffe00, 0x000001d2aff008a0, 0x000001d2b30ee520,
0x000001d2b30eaab0, 0x000001d2b30eda80, 0x000001d2b30efa60, 0x000001d2b30ebff0,
0x000001d2b30eefc0, 0x000001d2b30e8030, 0x000001d2b30eb550, 0x000001d2b30eea70,
0x000001d2b30e9020, 0x000001d2b30e8580, 0x000001d2b30e8ad0, 0x000001d2b30e9570,
0x000001d2b30e9ac0, 0x000001d2b30ea560, 0x000001d2b30ea010
}

Java Threads: ( => current thread )
  0x000001d2ab158db0 JavaThread "Reference Handler" daemon [_thread_blocked, id=3676, stack(0x00000041cc800000,0x00000041cc900000)]
  0x000001d2ab159d40 JavaThread "Finalizer" daemon [_thread_blocked, id=7516, stack(0x00000041cc900000,0x00000041cca00000)]
  0x000001d2ab15b7b0 JavaThread "Signal Dispatcher" daemon [_thread_blocked, id=1644, stack(0x00000041cca00000,0x00000041ccb00000)]
  0x000001d2ab15d2f0 JavaThread "Attach Listener" daemon [_thread_blocked, id=6668, stack(0x00000041ccb00000,0x00000041ccc00000)]
  0x000001d2ab15fc30 JavaThread "Service Thread" daemon [_thread_blocked, id=6420, stack(0x00000041ccc00000,0x00000041ccd00000)]
  0x000001d2ab160560 JavaThread "Monitor Deflation Thread" daemon [_thread_blocked, id=8856, stack(0x00000041ccd00000,0x00000041cce00000)]
=>0x000001d2ab1611c0 JavaThread "C2 CompilerThread0" daemon [_thread_in_native, id=7452, stack(0x00000041cce00000,0x00000041ccf00000)]
  0x000001d2ab163360 JavaThread "C1 CompilerThread0" daemon [_thread_blocked, id=7540, stack(0x00000041ccf00000,0x00000041cd000000)]
  0x000001d2ab1d9870 JavaThread "Sweeper thread" daemon [_thread_blocked, id=11296, stack(0x00000041cd000000,0x00000041cd100000)]
  0x000001d2ab13c7a0 JavaThread "Common-Cleaner" daemon [_thread_blocked, id=5360, stack(0x00000041cd100000,0x00000041cd200000)]
  0x000001d2af6452e0 JavaThread "Notification Thread" daemon [_thread_blocked, id=9320, stack(0x00000041cd300000,0x00000041cd400000)]
  0x000001d2aff00350 JavaThread "mysql-cj-abandoned-connection-cleanup" daemon [_thread_blocked, id=4012, stack(0x00000041cdb00000,0x00000041cdc00000)]
  0x000001d2aff01890 JavaThread "HikariPool-1 housekeeper" daemon [_thread_blocked, id=13796, stack(0x00000041cdd00000,0x00000041cde00000)]
  0x000001d2afeffe00 JavaThread "Catalina-utility-1" [_thread_blocked, id=11072, stack(0x00000041cde00000,0x00000041cdf00000)]
  0x000001d2aff008a0 JavaThread "Catalina-utility-2" [_thread_blocked, id=10872, stack(0x00000041cdf00000,0x00000041ce000000)]
  0x000001d2b30ee520 JavaThread "container-0" [_thread_blocked, id=1940, stack(0x00000041ce000000,0x00000041ce100000)]
  0x000001d2b30eaab0 JavaThread "File Watcher" daemon [_thread_blocked, id=1864, stack(0x00000041ce100000,0x00000041ce200000)]
  0x000001d2b30eda80 JavaThread "Live Reload Server" daemon [_thread_in_native, id=10024, stack(0x00000041ce300000,0x00000041ce400000)]
  0x000001d2b30efa60 JavaThread "http-nio-8085-exec-1" daemon [_thread_blocked, id=10276, stack(0x00000041ce200000,0x00000041ce300000)]
  0x000001d2b30ebff0 JavaThread "http-nio-8085-exec-2" daemon [_thread_blocked, id=1044, stack(0x00000041ce400000,0x00000041ce500000)]
  0x000001d2b30eefc0 JavaThread "http-nio-8085-exec-3" daemon [_thread_blocked, id=10116, stack(0x00000041ce500000,0x00000041ce600000)]
  0x000001d2b30e8030 JavaThread "http-nio-8085-exec-4" daemon [_thread_blocked, id=9220, stack(0x00000041ce600000,0x00000041ce700000)]
  0x000001d2b30eb550 JavaThread "http-nio-8085-exec-5" daemon [_thread_blocked, id=14020, stack(0x00000041ce700000,0x00000041ce800000)]
  0x000001d2b30eea70 JavaThread "http-nio-8085-exec-6" daemon [_thread_blocked, id=2796, stack(0x00000041ce800000,0x00000041ce900000)]
  0x000001d2b30e9020 JavaThread "http-nio-8085-exec-7" daemon [_thread_blocked, id=6888, stack(0x00000041ce900000,0x00000041cea00000)]
  0x000001d2b30e8580 JavaThread "http-nio-8085-exec-8" daemon [_thread_blocked, id=10248, stack(0x00000041cea00000,0x00000041ceb00000)]
  0x000001d2b30e8ad0 JavaThread "http-nio-8085-exec-9" daemon [_thread_blocked, id=12600, stack(0x00000041ceb00000,0x00000041cec00000)]
  0x000001d2b30e9570 JavaThread "http-nio-8085-exec-10" daemon [_thread_blocked, id=12376, stack(0x00000041cec00000,0x00000041ced00000)]
  0x000001d2b30e9ac0 JavaThread "http-nio-8085-Poller" daemon [_thread_in_native, id=10876, stack(0x00000041ced00000,0x00000041cee00000)]
  0x000001d2b30ea560 JavaThread "http-nio-8085-Acceptor" daemon [_thread_in_native, id=3608, stack(0x00000041cee00000,0x00000041cef00000)]
  0x000001d2b30ea010 JavaThread "DestroyJavaVM" [_thread_blocked, id=8760, stack(0x00000041cc100000,0x00000041cc200000)]

Other Threads:
  0x000001d28f91eab0 VMThread "VM Thread" [stack: 0x00000041cc700000,0x00000041cc800000] [id=12948]
  0x000001d2af7fec90 WatcherThread "VM Periodic Task Thread" [stack: 0x00000041cd400000,0x00000041cd500000] [id=6248]
  0x000001d28f89ca70 WorkerThread "GC Thread#0" [stack: 0x00000041cc200000,0x00000041cc300000] [id=14004]
  0x000001d2afbe5560 WorkerThread "GC Thread#1" [stack: 0x00000041cd600000,0x00000041cd700000] [id=2340]
  0x000001d2afb4f790 WorkerThread "GC Thread#2" [stack: 0x00000041cd700000,0x00000041cd800000] [id=8912]
  0x000001d2afb317c0 WorkerThread "GC Thread#3" [stack: 0x00000041cd800000,0x00000041cd900000] [id=1256]
  0x000001d28f8a5690 ConcurrentGCThread "G1 Main Marker" [stack: 0x00000041cc300000,0x00000041cc400000] [id=2524]
  0x000001d28f8a7270 WorkerThread "G1 Conc#0" [stack: 0x00000041cc400000,0x00000041cc500000] [id=7836]
  0x000001d28f8f86b0 ConcurrentGCThread "G1 Refine#0" [stack: 0x00000041cc500000,0x00000041cc600000] [id=6244]
  0x000001d28f8f9390 ConcurrentGCThread "G1 Service" [stack: 0x00000041cc600000,0x00000041cc700000] [id=5384]

Threads with active compile tasks:
C2 CompilerThread0  1641791 15076   !   4       org.apache.catalina.core.StandardWrapperValve::invoke (2395 bytes)

VM state: not at safepoint (normal execution)

VM Mutex/Monitor currently owned by a thread: None

Heap address: 0x00000000c1a00000, size: 998 MB, Compressed Oops mode: 32-bit

CDS archive(s) mapped at: [0x0000000800000000-0x0000000800c40000-0x0000000800c40000), size 12845056, SharedBaseAddress: 0x0000000800000000, ArchiveRelocationMode: 0.
Compressed class space mapped at: 0x0000000801000000-0x0000000841000000, reserved size: 1073741824
Narrow klass base: 0x0000000800000000, Narrow klass shift: 0, Narrow klass range: 0x100000000

GC Precious Log:
 CardTable entry size: 512
 Card Set container configuration: InlinePtr #cards 5 size 8 Array Of Cards #cards 12 size 40 Howl #buckets 4 coarsen threshold 1843 Howl Bitmap #cards 512 size 80 coarsen threshold 460 Card regions per heap region 1 cards per card region 2048
 CPUs: 4 total, 4 available
 Memory: 3990M
 Large Page Support: Disabled
 NUMA Support: Disabled
 Compressed Oops: Enabled (32-bit)
 Heap Region Size: 1M
 Heap Min Capacity: 8M
 Heap Initial Capacity: 64M
 Heap Max Capacity: 998M
 Pre-touch: Disabled
 Parallel Workers: 4
 Concurrent Workers: 1
 Concurrent Refinement Workers: 4
 Periodic GC: Disabled

Heap:
 garbage-first heap   total 122880K, used 92794K [0x00000000c1a00000, 0x0000000100000000)
  region size 1024K, 62 young (63488K), 1 survivors (1024K)
 Metaspace       used 69894K, committed 70400K, reserved 1114112K
  class space    used 8313K, committed 8640K, reserved 1048576K

Heap Regions: E=young(eden), S=young(survivor), O=old, HS=humongous(starts), HC=humongous(continues), CS=collection set, F=free, OA=open archive, CA=closed archive, TAMS=top-at-mark-start (previous, next)
|   0|0x00000000c1a00000, 0x00000000c1b00000, 0x00000000c1b00000|100%|HS|  |TAMS 0x00000000c1b00000, 0x00000000c1a00000| Complete 
|   1|0x00000000c1b00000, 0x00000000c1c00000, 0x00000000c1c00000|100%| O|  |TAMS 0x00000000c1c00000, 0x00000000c1b00000| Untracked 
|   2|0x00000000c1c00000, 0x00000000c1d00000, 0x00000000c1d00000|100%| O|  |TAMS 0x00000000c1d00000, 0x00000000c1c00000| Untracked 
|   3|0x00000000c1d00000, 0x00000000c1e00000, 0x00000000c1e00000|100%| O|  |TAMS 0x00000000c1e00000, 0x00000000c1d00000| Untracked 
|   4|0x00000000c1e00000, 0x00000000c1f00000, 0x00000000c1f00000|100%| O|  |TAMS 0x00000000c1f00000, 0x00000000c1e00000| Untracked 
|   5|0x00000000c1f00000, 0x00000000c2000000, 0x00000000c2000000|100%| O|  |TAMS 0x00000000c2000000, 0x00000000c1f00000| Untracked 
|   6|0x00000000c2000000, 0x00000000c2100000, 0x00000000c2100000|100%| O|  |TAMS 0x00000000c2100000, 0x00000000c2000000| Untracked 
|   7|0x00000000c2100000, 0x00000000c2200000, 0x00000000c2200000|100%| O|  |TAMS 0x00000000c2200000, 0x00000000c2100000| Untracked 
|   8|0x00000000c2200000, 0x00000000c228a200, 0x00000000c2300000| 53%| O|  |TAMS 0x00000000c2284800, 0x00000000c2200000| Complete 
|   9|0x00000000c2300000, 0x00000000c2400000, 0x00000000c2400000|100%| O|  |TAMS 0x00000000c2400000, 0x00000000c2300000| Untracked 
|  10|0x00000000c2400000, 0x00000000c2500000, 0x00000000c2500000|100%| O|  |TAMS 0x00000000c2500000, 0x00000000c2400000| Untracked 
|  11|0x00000000c2500000, 0x00000000c2600000, 0x00000000c2600000|100%| O|  |TAMS 0x00000000c2600000, 0x00000000c2500000| Untracked 
|  12|0x00000000c2600000, 0x00000000c2700000, 0x00000000c2700000|100%| O|  |TAMS 0x00000000c2700000, 0x00000000c2600000| Untracked 
|  13|0x00000000c2700000, 0x00000000c2800000, 0x00000000c2800000|100%| O|  |TAMS 0x00000000c2800000, 0x00000000c2700000| Untracked 
|  14|0x00000000c2800000, 0x00000000c2900000, 0x00000000c2900000|100%| O|  |TAMS 0x00000000c2900000, 0x00000000c2800000| Untracked 
|  15|0x00000000c2900000, 0x00000000c2a00000, 0x00000000c2a00000|100%| O|  |TAMS 0x00000000c2a00000, 0x00000000c2900000| Untracked 
|  16|0x00000000c2a00000, 0x00000000c2a00000, 0x00000000c2b00000|  0%| F|  |TAMS 0x00000000c2a00000, 0x00000000c2a00000| Untracked 
|  17|0x00000000c2b00000, 0x00000000c2c00000, 0x00000000c2c00000|100%| O|  |TAMS 0x00000000c2c00000, 0x00000000c2b00000| Untracked 
|  18|0x00000000c2c00000, 0x00000000c2d00000, 0x00000000c2d00000|100%| O|  |TAMS 0x00000000c2d00000, 0x00000000c2c00000| Untracked 
|  19|0x00000000c2d00000, 0x00000000c2d00000, 0x00000000c2e00000|  0%| F|  |TAMS 0x00000000c2d00000, 0x00000000c2d00000| Untracked 
|  20|0x00000000c2e00000, 0x00000000c2f00000, 0x00000000c2f00000|100%| O|  |TAMS 0x00000000c2f00000, 0x00000000c2e00000| Untracked 
|  21|0x00000000c2f00000, 0x00000000c3000000, 0x00000000c3000000|100%| O|  |TAMS 0x00000000c3000000, 0x00000000c2f00000| Untracked 
|  22|0x00000000c3000000, 0x00000000c3100000, 0x00000000c3100000|100%| O|  |TAMS 0x00000000c3100000, 0x00000000c3000000| Untracked 
|  23|0x00000000c3100000, 0x00000000c3200000, 0x00000000c3200000|100%| O|  |TAMS 0x00000000c3200000, 0x00000000c3100000| Untracked 
|  24|0x00000000c3200000, 0x00000000c3300000, 0x00000000c3300000|100%| O|  |TAMS 0x00000000c3300000, 0x00000000c3200000| Untracked 
|  25|0x00000000c3300000, 0x00000000c3300000, 0x00000000c3400000|  0%| F|  |TAMS 0x00000000c3300000, 0x00000000c3300000| Untracked 
|  26|0x00000000c3400000, 0x00000000c3500000, 0x00000000c3500000|100%| O|  |TAMS 0x00000000c3500000, 0x00000000c3400000| Untracked 
|  27|0x00000000c3500000, 0x00000000c3600000, 0x00000000c3600000|100%| O|  |TAMS 0x00000000c3600000, 0x00000000c3500000| Untracked 
|  28|0x00000000c3600000, 0x00000000c3700000, 0x00000000c3700000|100%| O|  |TAMS 0x00000000c3700000, 0x00000000c3600000| Untracked 
|  29|0x00000000c3700000, 0x00000000c3800000, 0x00000000c3800000|100%| O|  |TAMS 0x00000000c3800000, 0x00000000c3700000| Untracked 
|  30|0x00000000c3800000, 0x00000000c3900000, 0x00000000c3900000|100%| O|  |TAMS 0x00000000c3900000, 0x00000000c3800000| Untracked 
|  31|0x00000000c3900000, 0x00000000c3a00000, 0x00000000c3a00000|100%| O|  |TAMS 0x00000000c3a00000, 0x00000000c3900000| Untracked 
|  32|0x00000000c3a00000, 0x00000000c3b00000, 0x00000000c3b00000|100%| O|  |TAMS 0x00000000c3b00000, 0x00000000c3a00000| Untracked 
|  33|0x00000000c3b00000, 0x00000000c3b00000, 0x00000000c3c00000|  0%| F|  |TAMS 0x00000000c3b00000, 0x00000000c3b00000| Untracked 
|  34|0x00000000c3c00000, 0x00000000c3c00000, 0x00000000c3d00000|  0%| F|  |TAMS 0x00000000c3c00000, 0x00000000c3c00000| Untracked 
|  35|0x00000000c3d00000, 0x00000000c3d00000, 0x00000000c3e00000|  0%| F|  |TAMS 0x00000000c3d00000, 0x00000000c3d00000| Untracked 
|  36|0x00000000c3e00000, 0x00000000c3e00000, 0x00000000c3f00000|  0%| F|  |TAMS 0x00000000c3e00000, 0x00000000c3e00000| Untracked 
|  37|0x00000000c3f00000, 0x00000000c3f00000, 0x00000000c4000000|  0%| F|  |TAMS 0x00000000c3f00000, 0x00000000c3f00000| Untracked 
|  38|0x00000000c4000000, 0x00000000c4000000, 0x00000000c4100000|  0%| F|  |TAMS 0x00000000c4000000, 0x00000000c4000000| Untracked 
|  39|0x00000000c4100000, 0x00000000c4100000, 0x00000000c4200000|  0%| F|  |TAMS 0x00000000c4100000, 0x00000000c4100000| Untracked 
|  40|0x00000000c4200000, 0x00000000c4200000, 0x00000000c4300000|  0%| F|  |TAMS 0x00000000c4200000, 0x00000000c4200000| Untracked 
|  41|0x00000000c4300000, 0x00000000c4300000, 0x00000000c4400000|  0%| F|  |TAMS 0x00000000c4300000, 0x00000000c4300000| Untracked 
|  42|0x00000000c4400000, 0x00000000c4400000, 0x00000000c4500000|  0%| F|  |TAMS 0x00000000c4400000, 0x00000000c4400000| Untracked 
|  43|0x00000000c4500000, 0x00000000c4500000, 0x00000000c4600000|  0%| F|  |TAMS 0x00000000c4500000, 0x00000000c4500000| Untracked 
|  44|0x00000000c4600000, 0x00000000c4600000, 0x00000000c4700000|  0%| F|  |TAMS 0x00000000c4600000, 0x00000000c4600000| Untracked 
|  45|0x00000000c4700000, 0x00000000c4700000, 0x00000000c4800000|  0%| F|  |TAMS 0x00000000c4700000, 0x00000000c4700000| Untracked 
|  46|0x00000000c4800000, 0x00000000c4800000, 0x00000000c4900000|  0%| F|  |TAMS 0x00000000c4800000, 0x00000000c4800000| Untracked 
|  47|0x00000000c4900000, 0x00000000c4914820, 0x00000000c4a00000|  8%| S|CS|TAMS 0x00000000c4900000, 0x00000000c4900000| Complete 
|  48|0x00000000c4a00000, 0x00000000c4a00000, 0x00000000c4b00000|  0%| F|  |TAMS 0x00000000c4a00000, 0x00000000c4a00000| Untracked 
|  49|0x00000000c4b00000, 0x00000000c4b00000, 0x00000000c4c00000|  0%| F|  |TAMS 0x00000000c4b00000, 0x00000000c4b00000| Untracked 
|  50|0x00000000c4c00000, 0x00000000c4c00000, 0x00000000c4d00000|  0%| F|  |TAMS 0x00000000c4c00000, 0x00000000c4c00000| Untracked 
|  51|0x00000000c4d00000, 0x00000000c4d00000, 0x00000000c4e00000|  0%| F|  |TAMS 0x00000000c4d00000, 0x00000000c4d00000| Untracked 
|  52|0x00000000c4e00000, 0x00000000c4e00000, 0x00000000c4f00000|  0%| F|  |TAMS 0x00000000c4e00000, 0x00000000c4e00000| Untracked 
|  53|0x00000000c4f00000, 0x00000000c4f00000, 0x00000000c5000000|  0%| F|  |TAMS 0x00000000c4f00000, 0x00000000c4f00000| Untracked 
|  54|0x00000000c5000000, 0x00000000c5000000, 0x00000000c5100000|  0%| F|  |TAMS 0x00000000c5000000, 0x00000000c5000000| Untracked 
|  55|0x00000000c5100000, 0x00000000c5100000, 0x00000000c5200000|  0%| F|  |TAMS 0x00000000c5100000, 0x00000000c5100000| Untracked 
|  56|0x00000000c5200000, 0x00000000c5200000, 0x00000000c5300000|  0%| F|  |TAMS 0x00000000c5200000, 0x00000000c5200000| Untracked 
|  57|0x00000000c5300000, 0x00000000c5300000, 0x00000000c5400000|  0%| F|  |TAMS 0x00000000c5300000, 0x00000000c5300000| Untracked 
|  58|0x00000000c5400000, 0x00000000c548b810, 0x00000000c5500000| 54%| E|  |TAMS 0x00000000c5400000, 0x00000000c5400000| Complete 
|  59|0x00000000c5500000, 0x00000000c5600000, 0x00000000c5600000|100%| E|CS|TAMS 0x00000000c5500000, 0x00000000c5500000| Complete 
|  60|0x00000000c5600000, 0x00000000c5700000, 0x00000000c5700000|100%| E|CS|TAMS 0x00000000c5600000, 0x00000000c5600000| Complete 
|  61|0x00000000c5700000, 0x00000000c5800000, 0x00000000c5800000|100%| E|CS|TAMS 0x00000000c5700000, 0x00000000c5700000| Complete 
|  62|0x00000000c5800000, 0x00000000c5900000, 0x00000000c5900000|100%| E|CS|TAMS 0x00000000c5800000, 0x00000000c5800000| Complete 
|  63|0x00000000c5900000, 0x00000000c5a00000, 0x00000000c5a00000|100%| E|CS|TAMS 0x00000000c5900000, 0x00000000c5900000| Complete 
|  64|0x00000000c5a00000, 0x00000000c5b00000, 0x00000000c5b00000|100%| E|CS|TAMS 0x00000000c5a00000, 0x00000000c5a00000| Complete 
|  65|0x00000000c5b00000, 0x00000000c5c00000, 0x00000000c5c00000|100%| E|CS|TAMS 0x00000000c5b00000, 0x00000000c5b00000| Complete 
|  66|0x00000000c5c00000, 0x00000000c5d00000, 0x00000000c5d00000|100%| E|CS|TAMS 0x00000000c5c00000, 0x00000000c5c00000| Complete 
|  67|0x00000000c5d00000, 0x00000000c5e00000, 0x00000000c5e00000|100%| E|CS|TAMS 0x00000000c5d00000, 0x00000000c5d00000| Complete 
|  68|0x00000000c5e00000, 0x00000000c5f00000, 0x00000000c5f00000|100%| E|CS|TAMS 0x00000000c5e00000, 0x00000000c5e00000| Complete 
|  69|0x00000000c5f00000, 0x00000000c6000000, 0x00000000c6000000|100%| E|CS|TAMS 0x00000000c5f00000, 0x00000000c5f00000| Complete 
|  70|0x00000000c6000000, 0x00000000c6100000, 0x00000000c6100000|100%| E|CS|TAMS 0x00000000c6000000, 0x00000000c6000000| Complete 
|  71|0x00000000c6100000, 0x00000000c6200000, 0x00000000c6200000|100%| E|CS|TAMS 0x00000000c6100000, 0x00000000c6100000| Complete 
|  72|0x00000000c6200000, 0x00000000c6300000, 0x00000000c6300000|100%| E|CS|TAMS 0x00000000c6200000, 0x00000000c6200000| Complete 
|  73|0x00000000c6300000, 0x00000000c6400000, 0x00000000c6400000|100%| E|CS|TAMS 0x00000000c6300000, 0x00000000c6300000| Complete 
|  74|0x00000000c6400000, 0x00000000c6500000, 0x00000000c6500000|100%| E|CS|TAMS 0x00000000c6400000, 0x00000000c6400000| Complete 
|  75|0x00000000c6500000, 0x00000000c6600000, 0x00000000c6600000|100%| E|CS|TAMS 0x00000000c6500000, 0x00000000c6500000| Complete 
|  76|0x00000000c6600000, 0x00000000c6700000, 0x00000000c6700000|100%| E|CS|TAMS 0x00000000c6600000, 0x00000000c6600000| Complete 
|  77|0x00000000c6700000, 0x00000000c6800000, 0x00000000c6800000|100%| E|CS|TAMS 0x00000000c6700000, 0x00000000c6700000| Complete 
|  78|0x00000000c6800000, 0x00000000c6900000, 0x00000000c6900000|100%| E|CS|TAMS 0x00000000c6800000, 0x00000000c6800000| Complete 
|  79|0x00000000c6900000, 0x00000000c6a00000, 0x00000000c6a00000|100%| E|CS|TAMS 0x00000000c6900000, 0x00000000c6900000| Complete 
|  80|0x00000000c6a00000, 0x00000000c6b00000, 0x00000000c6b00000|100%| E|CS|TAMS 0x00000000c6a00000, 0x00000000c6a00000| Complete 
|  81|0x00000000c6b00000, 0x00000000c6c00000, 0x00000000c6c00000|100%| E|CS|TAMS 0x00000000c6b00000, 0x00000000c6b00000| Complete 
|  82|0x00000000c6c00000, 0x00000000c6d00000, 0x00000000c6d00000|100%| E|CS|TAMS 0x00000000c6c00000, 0x00000000c6c00000| Complete 
|  83|0x00000000c6d00000, 0x00000000c6e00000, 0x00000000c6e00000|100%| E|CS|TAMS 0x00000000c6d00000, 0x00000000c6d00000| Complete 
|  84|0x00000000c6e00000, 0x00000000c6f00000, 0x00000000c6f00000|100%| E|CS|TAMS 0x00000000c6e00000, 0x00000000c6e00000| Complete 
|  85|0x00000000c6f00000, 0x00000000c7000000, 0x00000000c7000000|100%| E|CS|TAMS 0x00000000c6f00000, 0x00000000c6f00000| Complete 
|  86|0x00000000c7000000, 0x00000000c7100000, 0x00000000c7100000|100%| E|CS|TAMS 0x00000000c7000000, 0x00000000c7000000| Complete 
|  87|0x00000000c7100000, 0x00000000c7200000, 0x00000000c7200000|100%| E|CS|TAMS 0x00000000c7100000, 0x00000000c7100000| Complete 
|  88|0x00000000c7200000, 0x00000000c7300000, 0x00000000c7300000|100%| E|CS|TAMS 0x00000000c7200000, 0x00000000c7200000| Complete 
|  89|0x00000000c7300000, 0x00000000c7400000, 0x00000000c7400000|100%| E|CS|TAMS 0x00000000c7300000, 0x00000000c7300000| Complete 
|  90|0x00000000c7400000, 0x00000000c7500000, 0x00000000c7500000|100%| E|CS|TAMS 0x00000000c7400000, 0x00000000c7400000| Complete 
|  91|0x00000000c7500000, 0x00000000c7600000, 0x00000000c7600000|100%| E|CS|TAMS 0x00000000c7500000, 0x00000000c7500000| Complete 
|  92|0x00000000c7600000, 0x00000000c7700000, 0x00000000c7700000|100%| E|CS|TAMS 0x00000000c7600000, 0x00000000c7600000| Complete 
|  93|0x00000000c7700000, 0x00000000c7800000, 0x00000000c7800000|100%| E|CS|TAMS 0x00000000c7700000, 0x00000000c7700000| Complete 
|  94|0x00000000c7800000, 0x00000000c7900000, 0x00000000c7900000|100%| E|CS|TAMS 0x00000000c7800000, 0x00000000c7800000| Complete 
|  95|0x00000000c7900000, 0x00000000c7a00000, 0x00000000c7a00000|100%| E|CS|TAMS 0x00000000c7900000, 0x00000000c7900000| Complete 
|  96|0x00000000c7a00000, 0x00000000c7b00000, 0x00000000c7b00000|100%| E|CS|TAMS 0x00000000c7a00000, 0x00000000c7a00000| Complete 
|  97|0x00000000c7b00000, 0x00000000c7c00000, 0x00000000c7c00000|100%| E|CS|TAMS 0x00000000c7b00000, 0x00000000c7b00000| Complete 
|  98|0x00000000c7c00000, 0x00000000c7d00000, 0x00000000c7d00000|100%| E|CS|TAMS 0x00000000c7c00000, 0x00000000c7c00000| Complete 
|  99|0x00000000c7d00000, 0x00000000c7e00000, 0x00000000c7e00000|100%| E|CS|TAMS 0x00000000c7d00000, 0x00000000c7d00000| Complete 
| 100|0x00000000c7e00000, 0x00000000c7f00000, 0x00000000c7f00000|100%| E|CS|TAMS 0x00000000c7e00000, 0x00000000c7e00000| Complete 
| 101|0x00000000c7f00000, 0x00000000c8000000, 0x00000000c8000000|100%| E|CS|TAMS 0x00000000c7f00000, 0x00000000c7f00000| Complete 
| 102|0x00000000c8000000, 0x00000000c8100000, 0x00000000c8100000|100%| E|CS|TAMS 0x00000000c8000000, 0x00000000c8000000| Complete 
| 103|0x00000000c8100000, 0x00000000c8200000, 0x00000000c8200000|100%| E|CS|TAMS 0x00000000c8100000, 0x00000000c8100000| Complete 
| 104|0x00000000c8200000, 0x00000000c8300000, 0x00000000c8300000|100%| E|CS|TAMS 0x00000000c8200000, 0x00000000c8200000| Complete 
| 105|0x00000000c8300000, 0x00000000c8400000, 0x00000000c8400000|100%| E|CS|TAMS 0x00000000c8300000, 0x00000000c8300000| Complete 
| 106|0x00000000c8400000, 0x00000000c8500000, 0x00000000c8500000|100%| E|CS|TAMS 0x00000000c8400000, 0x00000000c8400000| Complete 
| 107|0x00000000c8500000, 0x00000000c8600000, 0x00000000c8600000|100%| E|CS|TAMS 0x00000000c8500000, 0x00000000c8500000| Complete 
| 108|0x00000000c8600000, 0x00000000c8700000, 0x00000000c8700000|100%| E|CS|TAMS 0x00000000c8600000, 0x00000000c8600000| Complete 
| 109|0x00000000c8700000, 0x00000000c8800000, 0x00000000c8800000|100%| E|CS|TAMS 0x00000000c8700000, 0x00000000c8700000| Complete 
| 110|0x00000000c8800000, 0x00000000c8900000, 0x00000000c8900000|100%| E|CS|TAMS 0x00000000c8800000, 0x00000000c8800000| Complete 
| 111|0x00000000c8900000, 0x00000000c8a00000, 0x00000000c8a00000|100%| E|CS|TAMS 0x00000000c8900000, 0x00000000c8900000| Complete 
| 112|0x00000000c8a00000, 0x00000000c8b00000, 0x00000000c8b00000|100%| E|CS|TAMS 0x00000000c8a00000, 0x00000000c8a00000| Complete 
| 113|0x00000000c8b00000, 0x00000000c8c00000, 0x00000000c8c00000|100%| E|CS|TAMS 0x00000000c8b00000, 0x00000000c8b00000| Complete 
| 114|0x00000000c8c00000, 0x00000000c8d00000, 0x00000000c8d00000|100%| E|CS|TAMS 0x00000000c8c00000, 0x00000000c8c00000| Complete 
| 230|0x00000000d0000000, 0x00000000d0100000, 0x00000000d0100000|100%| E|CS|TAMS 0x00000000d0000000, 0x00000000d0000000| Complete 
| 231|0x00000000d0100000, 0x00000000d0200000, 0x00000000d0200000|100%| E|CS|TAMS 0x00000000d0100000, 0x00000000d0100000| Complete 
| 232|0x00000000d0200000, 0x00000000d0300000, 0x00000000d0300000|100%| E|CS|TAMS 0x00000000d0200000, 0x00000000d0200000| Complete 
| 233|0x00000000d0300000, 0x00000000d0400000, 0x00000000d0400000|100%| E|CS|TAMS 0x00000000d0300000, 0x00000000d0300000| Complete 
| 997|0x00000000fff00000, 0x0000000100000000, 0x0000000100000000|100%| O|  |TAMS 0x0000000100000000, 0x00000000fff00000| Untracked 

Card table byte_map: [0x000001d2a69b0000,0x000001d2a6bb0000] _byte_map_base: 0x000001d2a63a3000

Marking Bits (Prev, Next): (CMBitMap*) 0x000001d28f89d0a0, (CMBitMap*) 0x000001d28f89d0e0
 Prev Bits: [0x000001d2a6db0000, 0x000001d2a7d48000)
 Next Bits: [0x000001d2a7d50000, 0x000001d2a8ce8000)

Polling page: 0x000001d28d790000

Metaspace:

Usage:
  Non-class:     60.14 MB used.
      Class:      8.12 MB used.
       Both:     68.26 MB used.

Virtual space:
  Non-class space:       64.00 MB reserved,      60.31 MB ( 94%) committed,  1 nodes.
      Class space:        1.00 GB reserved,       8.44 MB ( <1%) committed,  1 nodes.
             Both:        1.06 GB reserved,      68.75 MB (  6%) committed. 

Chunk freelists:
   Non-Class:  3.71 MB
       Class:  3.65 MB
        Both:  7.37 MB

MaxMetaspaceSize: unlimited
CompressedClassSpaceSize: 1.00 GB
Initial GC threshold: 21.00 MB
Current GC threshold: 114.50 MB
CDS: on
MetaspaceReclaimPolicy: balanced
 - commit_granule_bytes: 65536.
 - commit_granule_words: 8192.
 - virtual_space_node_default_size: 8388608.
 - enlarge_chunks_in_place: 1.
 - new_chunks_are_fully_committed: 0.
 - uncommit_free_chunks: 1.
 - use_allocation_guard: 0.


Internal statistics:

num_allocs_failed_limit: 9.
num_arena_births: 840.
num_arena_deaths: 248.
num_vsnodes_births: 2.
num_vsnodes_deaths: 0.
num_space_committed: 1100.
num_space_uncommitted: 0.
num_chunks_returned_to_freelist: 275.
num_chunks_taken_from_freelist: 3599.
num_chunk_merges: 76.
num_chunk_splits: 2460.
num_chunks_enlarged: 1929.
num_inconsistent_stats: 0.

CodeHeap 'non-profiled nmethods': size=120000Kb used=13591Kb max_used=14162Kb free=106408Kb
 bounds [0x000001d29f280000, 0x000001d2a0060000, 0x000001d2a67b0000]
CodeHeap 'profiled nmethods': size=120000Kb used=18955Kb max_used=26203Kb free=101044Kb
 bounds [0x000001d2977b0000, 0x000001d299150000, 0x000001d29ece0000]
CodeHeap 'non-nmethods': size=5760Kb used=1423Kb max_used=1479Kb free=4336Kb
 bounds [0x000001d29ece0000, 0x000001d29ef50000, 0x000001d29f280000]
 total_blobs=12155 nmethods=11486 adapters=577
 compilation: enabled
              stopped_count=0, restarted_count=0
 full_count=0

Compilation events (20 events):
Event: 1637.587 Thread 0x000001d2ab163360 nmethod 15065 0x000001d29893d310 code [0x000001d29893d920, 0x000001d298941978]
Event: 1637.587 Thread 0x000001d2ab163360 15066       3       sun.nio.ch.SocketChannelImpl::implCloseSelectableChannel (40 bytes)
Event: 1637.589 Thread 0x000001d2ab163360 nmethod 15066 0x000001d297f81110 code [0x000001d297f812e0, 0x000001d297f81578]
Event: 1637.589 Thread 0x000001d2ab163360 15068       3       sun.nio.ch.SocketDispatcher::invalidateAndClose (46 bytes)
Event: 1637.589 Thread 0x000001d2ab163360 nmethod 15068 0x000001d297b14810 code [0x000001d297b14a00, 0x000001d297b14e78]
Event: 1637.589 Thread 0x000001d2ab163360 15069   !   3       sun.nio.ch.SocketChannelImpl::tryFinishClose (10 bytes)
Event: 1637.590 Thread 0x000001d2ab163360 nmethod 15069 0x000001d2986ff210 code [0x000001d2986ff3c0, 0x000001d2986ff548]
Event: 1638.695 Thread 0x000001d2ab163360 15070       3       org.apache.tomcat.util.threads.LimitLatch$Sync::tryReleaseShared (13 bytes)
Event: 1638.696 Thread 0x000001d2ab163360 nmethod 15070 0x000001d298950e90 code [0x000001d298951040, 0x000001d2989511a8]
Event: 1638.696 Thread 0x000001d2ab163360 15071       3       org.apache.tomcat.util.threads.LimitLatch::getCount (8 bytes)
Event: 1638.696 Thread 0x000001d2ab163360 nmethod 15071 0x000001d297a81f10 code [0x000001d297a820a0, 0x000001d297a821d8]
Event: 1638.704 Thread 0x000001d2ab163360 15072       3       org.apache.coyote.AbstractProtocol$ConnectionHandler::release (14 bytes)
Event: 1638.706 Thread 0x000001d2ab163360 nmethod 15072 0x000001d297c26610 code [0x000001d297c268c0, 0x000001d297c277d8]
Event: 1638.720 Thread 0x000001d2ab163360 15073   !   3       java.nio.channels.spi.AbstractSelectableChannel::register (152 bytes)
Event: 1638.723 Thread 0x000001d2ab163360 nmethod 15073 0x000001d297aec490 code [0x000001d297aec880, 0x000001d297aee3f8]
Event: 1641.206 Thread 0x000001d2ab1611c0 15074   !   4       com.fichier.fichier.configuration.JwtRequestFilter::doFilterInternal (183 bytes)
Event: 1641.373 Thread 0x000001d2ab1611c0 nmethod 15074 0x000001d29fe46710 code [0x000001d29fe46be0, 0x000001d29fe49820]
Event: 1641.373 Thread 0x000001d2ab1611c0 15075   !   4       org.springframework.http.converter.json.AbstractJackson2HttpMessageConverter::writeInternal (465 bytes)
Event: 1641.547 Thread 0x000001d2ab1611c0 nmethod 15075 0x000001d29ff07490 code [0x000001d29ff079c0, 0x000001d29ff0ac60]
Event: 1641.548 Thread 0x000001d2ab1611c0 15076   !   4       org.apache.catalina.core.StandardWrapperValve::invoke (2395 bytes)

GC Heap History (20 events):
Event: 1630.131 GC heap before
{Heap before GC invocations=95 (full 0):
 garbage-first heap   total 119808K, used 102198K [0x00000000c1a00000, 0x0000000100000000)
  region size 1024K, 70 young (71680K), 1 survivors (1024K)
 Metaspace       used 69852K, committed 70400K, reserved 1114112K
  class space    used 8313K, committed 8640K, reserved 1048576K
}
Event: 1630.133 GC heap after
{Heap after GC invocations=96 (full 0):
 garbage-first heap   total 119808K, used 31592K [0x00000000c1a00000, 0x0000000100000000)
  region size 1024K, 1 young (1024K), 1 survivors (1024K)
 Metaspace       used 69852K, committed 70400K, reserved 1114112K
  class space    used 8313K, committed 8640K, reserved 1048576K
}
Event: 1631.808 GC heap before
{Heap before GC invocations=97 (full 0):
 garbage-first heap   total 119808K, used 102248K [0x00000000c1a00000, 0x0000000100000000)
  region size 1024K, 70 young (71680K), 1 survivors (1024K)
 Metaspace       used 69852K, committed 70400K, reserved 1114112K
  class space    used 8313K, committed 8640K, reserved 1048576K
}
Event: 1631.809 GC heap after
{Heap after GC invocations=98 (full 0):
 garbage-first heap   total 119808K, used 31597K [0x00000000c1a00000, 0x0000000100000000)
  region size 1024K, 1 young (1024K), 1 survivors (1024K)
 Metaspace       used 69852K, committed 70400K, reserved 1114112K
  class space    used 8313K, committed 8640K, reserved 1048576K
}
Event: 1631.866 GC heap before
{Heap before GC invocations=98 (full 0):
 garbage-first heap   total 119808K, used 35693K [0x00000000c1a00000, 0x0000000100000000)
  region size 1024K, 5 young (5120K), 1 survivors (1024K)
 Metaspace       used 69852K, committed 70400K, reserved 1114112K
  class space    used 8313K, committed 8640K, reserved 1048576K
}
Event: 1631.873 GC heap after
{Heap after GC invocations=99 (full 0):
 garbage-first heap   total 119808K, used 31360K [0x00000000c1a00000, 0x0000000100000000)
  region size 1024K, 1 young (1024K), 1 survivors (1024K)
 Metaspace       used 69852K, committed 70400K, reserved 1114112K
  class space    used 8313K, committed 8640K, reserved 1048576K
}
Event: 1633.236 GC heap before
{Heap before GC invocations=99 (full 0):
 garbage-first heap   total 119808K, used 102016K [0x00000000c1a00000, 0x0000000100000000)
  region size 1024K, 70 young (71680K), 1 survivors (1024K)
 Metaspace       used 69854K, committed 70400K, reserved 1114112K
  class space    used 8313K, committed 8640K, reserved 1048576K
}
Event: 1633.239 GC heap after
{Heap after GC invocations=100 (full 0):
 garbage-first heap   total 239616K, used 31414K [0x00000000c1a00000, 0x0000000100000000)
  region size 1024K, 1 young (1024K), 1 survivors (1024K)
 Metaspace       used 69854K, committed 70400K, reserved 1114112K
  class space    used 8313K, committed 8640K, reserved 1048576K
}
Event: 1635.127 GC heap before
{Heap before GC invocations=101 (full 0):
 garbage-first heap   total 122880K, used 121526K [0x00000000c1a00000, 0x0000000100000000)
  region size 1024K, 89 young (91136K), 1 survivors (1024K)
 Metaspace       used 69872K, committed 70400K, reserved 1114112K
  class space    used 8313K, committed 8640K, reserved 1048576K
}
Event: 1635.129 GC heap after
{Heap after GC invocations=102 (full 0):
 garbage-first heap   total 124928K, used 31439K [0x00000000c1a00000, 0x0000000100000000)
  region size 1024K, 1 young (1024K), 1 survivors (1024K)
 Metaspace       used 69872K, committed 70400K, reserved 1114112K
  class space    used 8313K, committed 8640K, reserved 1048576K
}
Event: 1635.210 GC heap before
{Heap before GC invocations=102 (full 0):
 garbage-first heap   total 124928K, used 36559K [0x00000000c1a00000, 0x0000000100000000)
  region size 1024K, 6 young (6144K), 1 survivors (1024K)
 Metaspace       used 69872K, committed 70400K, reserved 1114112K
  class space    used 8313K, committed 8640K, reserved 1048576K
}
Event: 1635.213 GC heap after
{Heap after GC invocations=103 (full 0):
 garbage-first heap   total 124928K, used 31417K [0x00000000c1a00000, 0x0000000100000000)
  region size 1024K, 1 young (1024K), 1 survivors (1024K)
 Metaspace       used 69872K, committed 70400K, reserved 1114112K
  class space    used 8313K, committed 8640K, reserved 1048576K
}
Event: 1636.862 GC heap before
{Heap before GC invocations=103 (full 0):
 garbage-first heap   total 124928K, used 105145K [0x00000000c1a00000, 0x0000000100000000)
  region size 1024K, 73 young (74752K), 1 survivors (1024K)
 Metaspace       used 69873K, committed 70400K, reserved 1114112K
  class space    used 8313K, committed 8640K, reserved 1048576K
}
Event: 1636.864 GC heap after
{Heap after GC invocations=104 (full 0):
 garbage-first heap   total 124928K, used 31450K [0x00000000c1a00000, 0x0000000100000000)
  region size 1024K, 1 young (1024K), 1 survivors (1024K)
 Metaspace       used 69873K, committed 70400K, reserved 1114112K
  class space    used 8313K, committed 8640K, reserved 1048576K
}
Event: 1638.320 GC heap before
{Heap before GC invocations=105 (full 0):
 garbage-first heap   total 124928K, used 105178K [0x00000000c1a00000, 0x0000000100000000)
  region size 1024K, 73 young (74752K), 1 survivors (1024K)
 Metaspace       used 69890K, committed 70400K, reserved 1114112K
  class space    used 8313K, committed 8640K, reserved 1048576K
}
Event: 1638.322 GC heap after
{Heap after GC invocations=106 (full 0):
 garbage-first heap   total 124928K, used 31451K [0x00000000c1a00000, 0x0000000100000000)
  region size 1024K, 1 young (1024K), 1 survivors (1024K)
 Metaspace       used 69890K, committed 70400K, reserved 1114112K
  class space    used 8313K, committed 8640K, reserved 1048576K
}
Event: 1638.391 GC heap before
{Heap before GC invocations=106 (full 0):
 garbage-first heap   total 124928K, used 36571K [0x00000000c1a00000, 0x0000000100000000)
  region size 1024K, 6 young (6144K), 1 survivors (1024K)
 Metaspace       used 69890K, committed 70400K, reserved 1114112K
  class space    used 8313K, committed 8640K, reserved 1048576K
}
Event: 1638.395 GC heap after
{Heap after GC invocations=107 (full 0):
 garbage-first heap   total 124928K, used 31340K [0x00000000c1a00000, 0x0000000100000000)
  region size 1024K, 1 young (1024K), 1 survivors (1024K)
 Metaspace       used 69890K, committed 70400K, reserved 1114112K
  class space    used 8313K, committed 8640K, reserved 1048576K
}
Event: 1639.801 GC heap before
{Heap before GC invocations=107 (full 0):
 garbage-first heap   total 124928K, used 105068K [0x00000000c1a00000, 0x0000000100000000)
  region size 1024K, 73 young (74752K), 1 survivors (1024K)
 Metaspace       used 69894K, committed 70400K, reserved 1114112K
  class space    used 8313K, committed 8640K, reserved 1048576K
}
Event: 1639.803 GC heap after
{Heap after GC invocations=108 (full 0):
 garbage-first heap   total 124928K, used 31354K [0x00000000c1a00000, 0x0000000100000000)
  region size 1024K, 1 young (1024K), 1 survivors (1024K)
 Metaspace       used 69894K, committed 70400K, reserved 1114112K
  class space    used 8313K, committed 8640K, reserved 1048576K
}

Dll operation events (14 events):
Event: 0.025 Loaded shared library C:\Users\zoand\.jdks\openjdk-19.0.2\bin\java.dll
Event: 0.041 Loaded shared library C:\Users\zoand\.jdks\openjdk-19.0.2\bin\jsvml.dll
Event: 0.333 Loaded shared library C:\Users\zoand\.jdks\openjdk-19.0.2\bin\zip.dll
Event: 0.338 Loaded shared library C:\Users\zoand\.jdks\openjdk-19.0.2\bin\instrument.dll
Event: 0.352 Loaded shared library C:\Users\zoand\.jdks\openjdk-19.0.2\bin\net.dll
Event: 0.355 Loaded shared library C:\Users\zoand\.jdks\openjdk-19.0.2\bin\nio.dll
Event: 0.362 Loaded shared library C:\Users\zoand\.jdks\openjdk-19.0.2\bin\zip.dll
Event: 0.753 Loaded shared library C:\Program Files\JetBrains\IntelliJ IDEA Community Edition 2022.3.2\bin\breakgen64.dll
Event: 0.771 Loaded shared library C:\Users\zoand\.jdks\openjdk-19.0.2\bin\extnet.dll
Event: 0.819 Loaded shared library C:\Users\zoand\.jdks\openjdk-19.0.2\bin\verify.dll
Event: 0.830 Loaded shared library C:\Users\zoand\.jdks\openjdk-19.0.2\bin\jimage.dll
Event: 1.657 Loaded shared library C:\Users\zoand\.jdks\openjdk-19.0.2\bin\management.dll
Event: 1.661 Loaded shared library C:\Users\zoand\.jdks\openjdk-19.0.2\bin\management_ext.dll
Event: 9.673 Loaded shared library C:\Users\zoand\.jdks\openjdk-19.0.2\bin\sunmscapi.dll

Deoptimization events (20 events):
Event: 1612.364 Thread 0x000001d2b30e8030 Uncommon trap: trap_request=0xffffff45 fr.pc=0x000001d29fe82670 relative=0x0000000000001a10
Event: 1612.365 Thread 0x000001d2b30e8030 Uncommon trap: reason=unstable_if action=reinterpret pc=0x000001d29fe82670 method=org.apache.catalina.core.StandardWrapperValve.invoke(Lorg/apache/catalina/connector/Request;Lorg/apache/catalina/connector/Response;)V @ 725 c2
Event: 1612.365 Thread 0x000001d2b30e8030 DEOPT PACKING pc=0x000001d29fe82670 sp=0x00000041ce6fefd0
Event: 1612.365 Thread 0x000001d2b30e8030 DEOPT UNPACKING pc=0x000001d29ed46da3 sp=0x00000041ce6fef88 mode 2
Event: 1613.203 Thread 0x000001d2b30e8030 Uncommon trap: trap_request=0xffffff45 fr.pc=0x000001d29f9dde30 relative=0x0000000000001af0
Event: 1613.203 Thread 0x000001d2b30e8030 Uncommon trap: reason=unstable_if action=reinterpret pc=0x000001d29f9dde30 method=java.util.concurrent.locks.ReentrantReadWriteLock$Sync.tryReleaseShared(I)Z @ 129 c2
Event: 1613.203 Thread 0x000001d2b30e8030 DEOPT PACKING pc=0x000001d29f9dde30 sp=0x00000041ce6fcb80
Event: 1613.203 Thread 0x000001d2b30e8030 DEOPT UNPACKING pc=0x000001d29ed46da3 sp=0x00000041ce6fc9a8 mode 2
Event: 1614.888 Thread 0x000001d2b30efa60 Uncommon trap: trap_request=0xffffff45 fr.pc=0x000001d29f83fa60 relative=0x00000000000001a0
Event: 1614.888 Thread 0x000001d2b30efa60 Uncommon trap: reason=unstable_if action=reinterpret pc=0x000001d29f83fa60 method=java.util.concurrent.locks.ReentrantReadWriteLock$Sync.tryReleaseShared(I)Z @ 129 c2
Event: 1614.888 Thread 0x000001d2b30efa60 DEOPT PACKING pc=0x000001d29f83fa60 sp=0x00000041ce2fc140
Event: 1614.888 Thread 0x000001d2b30efa60 DEOPT UNPACKING pc=0x000001d29ed46da3 sp=0x00000041ce2fc0d8 mode 2
Event: 1623.565 Thread 0x000001d2b30e8ad0 Uncommon trap: trap_request=0xffffff45 fr.pc=0x000001d29f403540 relative=0x00000000000010e0
Event: 1623.565 Thread 0x000001d2b30e8ad0 Uncommon trap: reason=unstable_if action=reinterpret pc=0x000001d29f403540 method=java.util.concurrent.ConcurrentLinkedDeque.last()Ljava/util/concurrent/ConcurrentLinkedDeque$Node; @ 60 c2
Event: 1623.565 Thread 0x000001d2b30e8ad0 DEOPT PACKING pc=0x000001d29f403540 sp=0x00000041cebfc590
Event: 1623.565 Thread 0x000001d2b30e8ad0 DEOPT UNPACKING pc=0x000001d29ed46da3 sp=0x00000041cebfc2c0 mode 2
Event: 1623.580 Thread 0x000001d2b30ebff0 Uncommon trap: trap_request=0xffffff45 fr.pc=0x000001d29fccf9f4 relative=0x00000000000019f4
Event: 1623.580 Thread 0x000001d2b30ebff0 Uncommon trap: reason=unstable_if action=reinterpret pc=0x000001d29fccf9f4 method=java.util.concurrent.locks.ReentrantReadWriteLock$Sync.tryReleaseShared(I)Z @ 129 c2
Event: 1623.580 Thread 0x000001d2b30ebff0 DEOPT PACKING pc=0x000001d29fccf9f4 sp=0x00000041ce4fc8d0
Event: 1623.580 Thread 0x000001d2b30ebff0 DEOPT UNPACKING pc=0x000001d29ed46da3 sp=0x00000041ce4fc628 mode 2

Classes loaded (20 events):
Event: 68.791 Loading class com/sun/crypto/provider/HmacCore done
Event: 68.791 Loading class com/sun/crypto/provider/HmacCore$HmacSHA512 done
Event: 68.791 Loading class sun/security/provider/SHA5$SHA512
Event: 68.792 Loading class sun/security/provider/SHA5
Event: 68.792 Loading class sun/security/provider/SHA5 done
Event: 68.792 Loading class sun/security/provider/SHA5$SHA512 done
Event: 69.945 Loading class java/util/concurrent/locks/ReentrantReadWriteLock$Sync$HoldCounter
Event: 69.945 Loading class java/util/concurrent/locks/ReentrantReadWriteLock$Sync$HoldCounter done
Event: 71.209 Loading class java/util/concurrent/locks/AbstractQueuedSynchronizer$SharedNode
Event: 71.210 Loading class java/util/concurrent/locks/AbstractQueuedSynchronizer$SharedNode done
Event: 73.593 Loading class java/util/concurrent/ConcurrentLinkedQueue$Itr
Event: 73.594 Loading class java/util/concurrent/ConcurrentLinkedQueue$Itr done
Event: 167.961 Loading class java/lang/ObjectCustomizer
Event: 167.961 Loading class java/lang/ObjectCustomizer done
Event: 167.963 Loading class java/lang/ObjectCustomizer
Event: 167.963 Loading class java/lang/ObjectCustomizer done
Event: 188.242 Loading class sun/util/locale/LocaleExtensions
Event: 188.243 Loading class sun/util/locale/LocaleExtensions done
Event: 1419.307 Loading class sun/net/ConnectionResetException
Event: 1419.310 Loading class sun/net/ConnectionResetException done

Classes unloaded (20 events):
Event: 1253.974 Thread 0x000001d28f91eab0 Unloading class 0x0000000801141000 'java/lang/invoke/LambdaForm$MH+0x0000000801141000'
Event: 1253.974 Thread 0x000001d28f91eab0 Unloading class 0x0000000801140c00 'java/lang/invoke/LambdaForm$BMH+0x0000000801140c00'
Event: 1253.974 Thread 0x000001d28f91eab0 Unloading class 0x0000000801130800 'java/lang/invoke/LambdaForm$MH+0x0000000801130800'
Event: 1253.974 Thread 0x000001d28f91eab0 Unloading class 0x000000080112dc00 'java/lang/invoke/LambdaForm$MH+0x000000080112dc00'
Event: 1253.975 Thread 0x000001d28f91eab0 Unloading class 0x000000080111a000 'java/lang/invoke/LambdaForm$MH+0x000000080111a000'
Event: 1253.975 Thread 0x000001d28f91eab0 Unloading class 0x0000000801119400 'java/lang/invoke/LambdaForm$MH+0x0000000801119400'
Event: 1253.975 Thread 0x000001d28f91eab0 Unloading class 0x0000000801119000 'java/lang/invoke/LambdaForm$MH+0x0000000801119000'
Event: 1253.975 Thread 0x000001d28f91eab0 Unloading class 0x0000000801118c00 'java/lang/invoke/LambdaForm$MH+0x0000000801118c00'
Event: 1253.975 Thread 0x000001d28f91eab0 Unloading class 0x0000000801118000 'java/lang/invoke/LambdaForm$MH+0x0000000801118000'
Event: 1253.975 Thread 0x000001d28f91eab0 Unloading class 0x0000000801111000 'java/lang/invoke/LambdaForm$MH+0x0000000801111000'
Event: 1253.975 Thread 0x000001d28f91eab0 Unloading class 0x00000008010b8c00 'java/lang/invoke/LambdaForm$MH+0x00000008010b8c00'
Event: 1253.975 Thread 0x000001d28f91eab0 Unloading class 0x00000008010b8800 'java/lang/invoke/LambdaForm$MH+0x00000008010b8800'
Event: 1253.975 Thread 0x000001d28f91eab0 Unloading class 0x0000000801085400 'java/lang/invoke/LambdaForm$MH+0x0000000801085400'
Event: 1253.975 Thread 0x000001d28f91eab0 Unloading class 0x0000000801085000 'java/lang/invoke/LambdaForm$MH+0x0000000801085000'
Event: 1253.976 Thread 0x000001d28f91eab0 Unloading class 0x000000080103c000 'java/lang/invoke/LambdaForm$MH+0x000000080103c000'
Event: 1253.976 Thread 0x000001d28f91eab0 Unloading class 0x0000000801010000 'java/lang/invoke/LambdaForm$MH+0x0000000801010000'
Event: 1253.977 Thread 0x000001d28f91eab0 Unloading class 0x0000000801002400 'java/lang/invoke/LambdaForm$MH+0x0000000801002400'
Event: 1253.977 Thread 0x000001d28f91eab0 Unloading class 0x0000000801002000 'java/lang/invoke/LambdaForm$MH+0x0000000801002000'
Event: 1253.977 Thread 0x000001d28f91eab0 Unloading class 0x0000000801001c00 'java/lang/invoke/LambdaForm$MH+0x0000000801001c00'
Event: 1253.977 Thread 0x000001d28f91eab0 Unloading class 0x0000000801001400 'java/lang/invoke/LambdaForm$MH+0x0000000801001400'

Classes redefined (0 events):
No events

Internal exceptions (20 events):
Event: 69.012 Thread 0x000001d2b30e8030 Exception <a 'java/lang/IncompatibleClassChangeError'{0x00000000cab130d8}: Found class java.lang.Object, but interface was expected> (0x00000000cab130d8) 
thrown [s\open\src\hotspot\share\interpreter\linkResolver.cpp, line 841]
Event: 71.149 Thread 0x000001d2b30eea70 Exception <a 'java/lang/NoSuchMethodError'{0x00000000ca874c10}: 'java.lang.Object java.lang.invoke.DirectMethodHandle$Holder.invokeInterface(java.lang.Object, java.lang.Object, java.lang.Object, java.lang.Object, java.lang.Object)'> (0x00000000ca874c10) 
thrown [s\open\src\hotspot\share\interpreter\linkResolver.cpp, line 774]
Event: 167.963 Thread 0x000001d2b30e8ad0 Exception <a 'java/lang/ClassNotFoundException'{0x00000000ce155198}: java/lang/ObjectCustomizer> (0x00000000ce155198) 
thrown [s\open\src\hotspot\share\classfile\systemDictionary.cpp, line 255]
Event: 167.967 Thread 0x000001d2b30e8ad0 Exception <a 'java/lang/ClassNotFoundException'{0x00000000ce162f78}: com/fichier/fichier/entity/ChatCustomizer> (0x00000000ce162f78) 
thrown [s\open\src\hotspot\share\classfile\systemDictionary.cpp, line 255]
Event: 276.318 Thread 0x000001d2b30ebff0 Implicit null exception at 0x000001d29fb3bc76 to 0x000001d29fb3c164
Event: 276.319 Thread 0x000001d2b30ebff0 Implicit null exception at 0x000001d29fb3bc76 to 0x000001d29fb3c164
Event: 276.418 Thread 0x000001d2b30e8030 Implicit null exception at 0x000001d29fb3bc76 to 0x000001d29fb3c164
Event: 276.418 Thread 0x000001d2b30e8030 Implicit null exception at 0x000001d29fb3bc76 to 0x000001d29fb3c164
Event: 1371.032 Thread 0x000001d2b30e9570 Implicit null exception at 0x000001d29fa9f4dc to 0x000001d29faa0ac0
Event: 1375.774 Thread 0x000001d2b30eea70 Implicit null exception at 0x000001d29f50a82c to 0x000001d29f510960
Event: 1419.313 Thread 0x000001d2af644da0 Exception <a 'sun/net/ConnectionResetException'{0x00000000c7008c78}: Connection reset> (0x00000000c7008c78) 
thrown [s\open\src\hotspot\share\prims\jni.cpp, line 536]
Event: 1610.388 Thread 0x000001d2b30e9570 Implicit null exception at 0x000001d29fe43e0c to 0x000001d29fe48590
Event: 1610.394 Thread 0x000001d2b30e9570 Exception <a 'java/io/IOException'{0x00000000c6167090}> (0x00000000c6167090) 
thrown [s\open\src\hotspot\share\prims\jni.cpp, line 517]
Event: 1610.394 Thread 0x000001d2b30e9570 Exception <a 'java/io/IOException'{0x00000000c6167960}> (0x00000000c6167960) 
thrown [s\open\src\hotspot\share\prims\jni.cpp, line 517]
Event: 1610.400 Thread 0x000001d2b30e9570 Implicit null exception at 0x000001d29f3f72e3 to 0x000001d29f3f73a8
Event: 1610.402 Thread 0x000001d2b30e9570 Implicit null exception at 0x000001d29f314d7e to 0x000001d29f3166a4
Event: 1610.543 Thread 0x000001d2b30e9570 Implicit null exception at 0x000001d29f49da4d to 0x000001d29f49e508
Event: 1610.545 Thread 0x000001d2b30e9570 Implicit null exception at 0x000001d29f4aef2e to 0x000001d29f4af318
Event: 1610.551 Thread 0x000001d2b30e9570 Implicit null exception at 0x000001d29f49fbdb to 0x000001d29f4a0704
Event: 1610.637 Thread 0x000001d2b30eea70 Implicit null exception at 0x000001d29f4994ca to 0x000001d29f499b18

VM Operations (20 events):
Event: 1636.862 Executing VM operation: G1CollectForAllocation
Event: 1636.864 Executing VM operation: G1CollectForAllocation done
Event: 1636.958 Executing VM operation: G1PauseRemark
Event: 1636.966 Executing VM operation: G1PauseRemark done
Event: 1637.013 Executing VM operation: G1PauseCleanup
Event: 1637.013 Executing VM operation: G1PauseCleanup done
Event: 1638.016 Executing VM operation: Cleanup
Event: 1638.016 Executing VM operation: Cleanup done
Event: 1638.320 Executing VM operation: G1CollectForAllocation
Event: 1638.322 Executing VM operation: G1CollectForAllocation done
Event: 1638.391 Executing VM operation: G1CollectForAllocation
Event: 1638.395 Executing VM operation: G1CollectForAllocation done
Event: 1639.409 Executing VM operation: Cleanup
Event: 1639.409 Executing VM operation: Cleanup done
Event: 1639.801 Executing VM operation: G1CollectForAllocation
Event: 1639.803 Executing VM operation: G1CollectForAllocation done
Event: 1639.905 Executing VM operation: G1PauseRemark
Event: 1639.913 Executing VM operation: G1PauseRemark done
Event: 1639.957 Executing VM operation: G1PauseCleanup
Event: 1639.957 Executing VM operation: G1PauseCleanup done

Events (20 events):
Event: 1629.727 Thread 0x000001d2ab1d9870 flushing nmethod 0x000001d298f6d390
Event: 1629.728 Thread 0x000001d2ab1d9870 flushing nmethod 0x000001d298ff7590
Event: 1629.728 Thread 0x000001d2ab1d9870 flushing nmethod 0x000001d299052a10
Event: 1629.728 Thread 0x000001d2ab1d9870 flushing nmethod 0x000001d299071410
Event: 1629.728 Thread 0x000001d2ab1d9870 flushing nmethod 0x000001d2990a0490
Event: 1629.728 Thread 0x000001d2ab1d9870 flushing nmethod 0x000001d2990c7e90
Event: 1629.728 Thread 0x000001d2ab1d9870 flushing nmethod 0x000001d2990cff10
Event: 1629.728 Thread 0x000001d2ab1d9870 flushing nmethod 0x000001d2990e3690
Event: 1629.728 Thread 0x000001d2ab1d9870 flushing nmethod 0x000001d2990e8f90
Event: 1629.728 Thread 0x000001d2ab1d9870 flushing nmethod 0x000001d2990e9a10
Event: 1629.728 Thread 0x000001d2ab1d9870 flushing nmethod 0x000001d2990f0f10
Event: 1629.728 Thread 0x000001d2ab1d9870 flushing nmethod 0x000001d2990f4c90
Event: 1629.728 Thread 0x000001d2ab1d9870 flushing nmethod 0x000001d2990fa810
Event: 1629.728 Thread 0x000001d2ab1d9870 flushing nmethod 0x000001d299107f10
Event: 1629.728 Thread 0x000001d2ab1d9870 flushing nmethod 0x000001d29910cf10
Event: 1629.728 Thread 0x000001d2ab1d9870 flushing nmethod 0x000001d29910df10
Event: 1629.728 Thread 0x000001d2ab1d9870 flushing nmethod 0x000001d299110890
Event: 1629.728 Thread 0x000001d2ab1d9870 flushing nmethod 0x000001d29911d790
Event: 1629.728 Thread 0x000001d2ab1d9870 flushing nmethod 0x000001d299129b10
Event: 1629.728 Thread 0x000001d2ab1d9870 flushing nmethod 0x000001d299130010


Dynamic libraries:
0x00007ff6d77a0000 - 0x00007ff6d77ae000 	C:\Users\zoand\.jdks\openjdk-19.0.2\bin\java.exe
0x00007fff1e290000 - 0x00007fff1e488000 	C:\WINDOWS\SYSTEM32\ntdll.dll
0x00007fff1c5f0000 - 0x00007fff1c6af000 	C:\WINDOWS\System32\KERNEL32.DLL
0x00007fff1bac0000 - 0x00007fff1bdb6000 	C:\WINDOWS\System32\KERNELBASE.dll
0x00007fff1c080000 - 0x00007fff1c180000 	C:\WINDOWS\System32\ucrtbase.dll
0x00007fff13100000 - 0x00007fff1311b000 	C:\Users\zoand\.jdks\openjdk-19.0.2\bin\VCRUNTIME140.dll
0x00007fff15900000 - 0x00007fff15917000 	C:\Users\zoand\.jdks\openjdk-19.0.2\bin\jli.dll
0x00007fff1d3c0000 - 0x00007fff1d55d000 	C:\WINDOWS\System32\USER32.dll
0x00007fff0db70000 - 0x00007fff0de0a000 	C:\WINDOWS\WinSxS\amd64_microsoft.windows.common-controls_6595b64144ccf1df_6.0.19041.1110_none_60b5254171f9507e\COMCTL32.dll
0x00007fff1c210000 - 0x00007fff1c232000 	C:\WINDOWS\System32\win32u.dll
0x00007fff1d570000 - 0x00007fff1d59c000 	C:\WINDOWS\System32\GDI32.dll
0x00007fff1d650000 - 0x00007fff1d6ee000 	C:\WINDOWS\System32\msvcrt.dll
0x00007fff1b970000 - 0x00007fff1ba85000 	C:\WINDOWS\System32\gdi32full.dll
0x00007fff1bdc0000 - 0x00007fff1be5d000 	C:\WINDOWS\System32\msvcp_win.dll
0x00007fff1c9e0000 - 0x00007fff1ca10000 	C:\WINDOWS\System32\IMM32.DLL
0x00007fff18f50000 - 0x00007fff18f5c000 	C:\Users\zoand\.jdks\openjdk-19.0.2\bin\vcruntime140_1.dll
0x00007ffed6f00000 - 0x00007ffed6f8e000 	C:\Users\zoand\.jdks\openjdk-19.0.2\bin\msvcp140.dll
0x00007ffece8f0000 - 0x00007ffecf5b0000 	C:\Users\zoand\.jdks\openjdk-19.0.2\bin\server\jvm.dll
0x00007fff1dd10000 - 0x00007fff1ddbf000 	C:\WINDOWS\System32\ADVAPI32.dll
0x00007fff1ca10000 - 0x00007fff1caac000 	C:\WINDOWS\System32\sechost.dll
0x00007fff1ddc0000 - 0x00007fff1dee6000 	C:\WINDOWS\System32\RPCRT4.dll
0x00007fff0a760000 - 0x00007fff0a787000 	C:\WINDOWS\SYSTEM32\WINMM.dll
0x00007fff0b560000 - 0x00007fff0b56a000 	C:\WINDOWS\SYSTEM32\VERSION.dll
0x00007fff16d40000 - 0x00007fff16d49000 	C:\WINDOWS\SYSTEM32\WSOCK32.dll
0x00007fff1cab0000 - 0x00007fff1cb1b000 	C:\WINDOWS\System32\WS2_32.dll
0x00007fff19740000 - 0x00007fff19752000 	C:\WINDOWS\SYSTEM32\kernel.appcore.dll
0x00007fff12720000 - 0x00007fff1272a000 	C:\Users\zoand\.jdks\openjdk-19.0.2\bin\jimage.dll
0x00007fff0a8c0000 - 0x00007fff0aaa4000 	C:\WINDOWS\SYSTEM32\DBGHELP.DLL
0x00007fff0a670000 - 0x00007fff0a6a4000 	C:\WINDOWS\SYSTEM32\dbgcore.DLL
0x00007fff1c180000 - 0x00007fff1c202000 	C:\WINDOWS\System32\bcryptPrimitives.dll
0x00007fff178a0000 - 0x00007fff178ae000 	C:\Users\zoand\.jdks\openjdk-19.0.2\bin\instrument.dll
0x00007fff00330000 - 0x00007fff00356000 	C:\Users\zoand\.jdks\openjdk-19.0.2\bin\java.dll
0x00007ffed3cd0000 - 0x00007ffed3da7000 	C:\Users\zoand\.jdks\openjdk-19.0.2\bin\jsvml.dll
0x00007fff1cbd0000 - 0x00007fff1d314000 	C:\WINDOWS\System32\SHELL32.dll
0x00007fff19a20000 - 0x00007fff1a1b3000 	C:\WINDOWS\SYSTEM32\windows.storage.dll
0x00007fff1def0000 - 0x00007fff1e244000 	C:\WINDOWS\System32\combase.dll
0x00007fff1b3c0000 - 0x00007fff1b3ee000 	C:\WINDOWS\SYSTEM32\Wldp.dll
0x00007fff1d5a0000 - 0x00007fff1d64d000 	C:\WINDOWS\System32\SHCORE.dll
0x00007fff1d750000 - 0x00007fff1d7a5000 	C:\WINDOWS\System32\shlwapi.dll
0x00007fff1b8b0000 - 0x00007fff1b8cf000 	C:\WINDOWS\SYSTEM32\profapi.dll
0x00007ffee0530000 - 0x00007ffee0548000 	C:\Users\zoand\.jdks\openjdk-19.0.2\bin\zip.dll
0x00007fff00310000 - 0x00007fff00323000 	C:\Users\zoand\.jdks\openjdk-19.0.2\bin\net.dll
0x00007fff0dff0000 - 0x00007fff0e0fa000 	C:\WINDOWS\SYSTEM32\WINHTTP.dll
0x00007fff1b120000 - 0x00007fff1b18a000 	C:\WINDOWS\system32\mswsock.dll
0x00007ffee07b0000 - 0x00007ffee07c6000 	C:\Users\zoand\.jdks\openjdk-19.0.2\bin\nio.dll
0x00007fff15160000 - 0x00007fff1517a000 	C:\Program Files\JetBrains\IntelliJ IDEA Community Edition 2022.3.2\bin\breakgen64.dll
0x00007fff12710000 - 0x00007fff12718000 	C:\Users\zoand\.jdks\openjdk-19.0.2\bin\extnet.dll
0x00007fff0c6f0000 - 0x00007fff0c700000 	C:\Users\zoand\.jdks\openjdk-19.0.2\bin\verify.dll
0x00007fff15d30000 - 0x00007fff15d3a000 	C:\Users\zoand\.jdks\openjdk-19.0.2\bin\management.dll
0x00007fff15520000 - 0x00007fff1552b000 	C:\Users\zoand\.jdks\openjdk-19.0.2\bin\management_ext.dll
0x00007fff1d560000 - 0x00007fff1d568000 	C:\WINDOWS\System32\PSAPI.DLL
0x00007ffeff040000 - 0x00007ffeff057000 	C:\WINDOWS\system32\napinsp.dll
0x00007ffeff020000 - 0x00007ffeff03b000 	C:\WINDOWS\system32\pnrpnsp.dll
0x00007fff15010000 - 0x00007fff1502d000 	C:\WINDOWS\system32\NLAapi.dll
0x00007fff1adc0000 - 0x00007fff1adfc000 	C:\WINDOWS\SYSTEM32\IPHLPAPI.DLL
0x00007fff12bd0000 - 0x00007fff12be5000 	C:\WINDOWS\system32\wshbth.dll
0x00007fff1ae10000 - 0x00007fff1aeda000 	C:\WINDOWS\SYSTEM32\DNSAPI.dll
0x00007fff1d3b0000 - 0x00007fff1d3b8000 	C:\WINDOWS\System32\NSI.dll
0x00007ffefebf0000 - 0x00007ffefec02000 	C:\WINDOWS\System32\winrnr.dll
0x00007fff0c800000 - 0x00007fff0c80a000 	C:\Windows\System32\rasadhlp.dll
0x00007fff0ca00000 - 0x00007fff0ca82000 	C:\WINDOWS\System32\fwpuclnt.dll
0x00007fff1ba90000 - 0x00007fff1bab7000 	C:\WINDOWS\System32\bcrypt.dll
0x00007fff1b310000 - 0x00007fff1b328000 	C:\WINDOWS\SYSTEM32\CRYPTSP.dll
0x00007fff1a9d0000 - 0x00007fff1aa04000 	C:\WINDOWS\system32\rsaenh.dll
0x00007fff1b830000 - 0x00007fff1b85e000 	C:\WINDOWS\SYSTEM32\USERENV.dll
0x00007fff1b330000 - 0x00007fff1b33c000 	C:\WINDOWS\SYSTEM32\CRYPTBASE.dll
0x00007fff0e3d0000 - 0x00007fff0e3e7000 	C:\WINDOWS\SYSTEM32\dhcpcsvc6.DLL
0x00007fff0e640000 - 0x00007fff0e65d000 	C:\WINDOWS\SYSTEM32\dhcpcsvc.DLL
0x00007fff15140000 - 0x00007fff1514e000 	C:\Users\zoand\.jdks\openjdk-19.0.2\bin\sunmscapi.dll
0x00007fff1bf20000 - 0x00007fff1c07e000 	C:\WINDOWS\System32\CRYPT32.dll
0x00007fff1b430000 - 0x00007fff1b458000 	C:\WINDOWS\SYSTEM32\ncrypt.dll
0x00007fff1b3f0000 - 0x00007fff1b42b000 	C:\WINDOWS\SYSTEM32\NTASN1.dll
0x00007fff0d650000 - 0x00007fff0d657000 	C:\WINDOWS\system32\wshunix.dll

dbghelp: loaded successfully - version: 4.0.5 - missing functions: none
symbol engine: initialized successfully - sym options: 0x614 - pdb path: .;C:\Users\zoand\.jdks\openjdk-19.0.2\bin;C:\WINDOWS\SYSTEM32;C:\WINDOWS\WinSxS\amd64_microsoft.windows.common-controls_6595b64144ccf1df_6.0.19041.1110_none_60b5254171f9507e;C:\Users\zoand\.jdks\openjdk-19.0.2\bin\server;C:\Program Files\JetBrains\IntelliJ IDEA Community Edition 2022.3.2\bin

VM Arguments:
jvm_args: -javaagent:C:\Program Files\JetBrains\IntelliJ IDEA Community Edition 2022.3.2\lib\idea_rt.jar=1426:C:\Program Files\JetBrains\IntelliJ IDEA Community Edition 2022.3.2\bin -Dfile.encoding=UTF-8 -Dsun.stdout.encoding=UTF-8 -Dsun.stderr.encoding=UTF-8 
java_command: com.fichier.fichier.FichierApplication
java_class_path (initial): C:\PROJET\Spring\fichierTest\fichier\target\classes;C:\Users\zoand\.m2\repository\org\springframework\boot\spring-boot-starter-data-jpa\2.7.11\spring-boot-starter-data-jpa-2.7.11.jar;C:\Users\zoand\.m2\repository\org\springframework\boot\spring-boot-starter-aop\2.7.11\spring-boot-starter-aop-2.7.11.jar;C:\Users\zoand\.m2\repository\org\aspectj\aspectjweaver\1.9.7\aspectjweaver-1.9.7.jar;C:\Users\zoand\.m2\repository\org\springframework\boot\spring-boot-starter-jdbc\2.7.11\spring-boot-starter-jdbc-2.7.11.jar;C:\Users\zoand\.m2\repository\com\zaxxer\HikariCP\4.0.3\HikariCP-4.0.3.jar;C:\Users\zoand\.m2\repository\org\springframework\spring-jdbc\5.3.27\spring-jdbc-5.3.27.jar;C:\Users\zoand\.m2\repository\jakarta\transaction\jakarta.transaction-api\1.3.3\jakarta.transaction-api-1.3.3.jar;C:\Users\zoand\.m2\repository\jakarta\persistence\jakarta.persistence-api\2.2.3\jakarta.persistence-api-2.2.3.jar;C:\Users\zoand\.m2\repository\org\hibernate\hibernate-core\5.6.15.Final\hibernate-core-5.6.15.Final.jar;C:\Users\zoand\.m2\repository\org\jboss\logging\jboss-logging\3.4.3.Final\jboss-logging-3.4.3.Final.jar;C:\Users\zoand\.m2\repository\net\bytebuddy\byte-buddy\1.12.23\byte-buddy-1.12.23.jar;C:\Users\zoand\.m2\repository\antlr\antlr\2.7.7\antlr-2.7.7.jar;C:\Users\zoand\.m2\repository\org\jboss\jandex\2.4.2.Final\jandex-2.4.2.Final.jar;C:\Users\zoand\.m2\repository\com\fasterxml\classmate\1.5.1\classmate-1.5.1.jar;C:\Users\zoand\.m2\repository\org\hibernate\common\hibernate-commons-annotations\5.1.2.Final\hibernate-commons-annotations-5.1.2.Final.jar;C:\Users\zoand\.m2\repository\org\glassfish\jaxb\jaxb-runtime\2.3.8\jaxb-runtime-2.3.8.jar;C:\Users\zoand\.m2\repository\org\glassfish\jaxb\txw2\2.3.8\txw2-2.3.8.jar;C:\Users\zoand\.m2\repository\com\sun\istack\istack-commons-runtime\3.0.12\istack-commons-runtime-3.0.12.jar;C:\Users\zoand\.m2\repository\com\sun\activation\jakarta.activation\1.2.2\jakarta.activation-1.2.2.jar;C:\Users\zoand\.m2\repository\org\springframework\data\spring-data-jpa\2.7.11\spring-data-jpa-2.7.11.jar;C:\Users\zoand\.m2\repository\org\springframework\data\spring-data-commons\2.7.11\spring-data-commons-2.7.11.jar;C:\Users\zoand\.m2\repository\org\springframework\spring-orm\5.3.27\spring-orm-5.3.27.jar;C:\Users\zoand\.m2\repository\org\springframework\spring-context\5.3.27\spring-context-5.3.27.jar;C:\Users\zoand\.m2\repository\org\springframework\spring-tx\5.3.27\spring-tx-5.3.27.jar;C:\Users\zoand\.m2\repository\org\springframework\spring-beans\5.3.27\spring-beans-5.3.27.jar;C:\Users\zoand\.m2\repository\org\springframework\spring-aspects\5.3.27\spring-aspects-5.3.27.jar;C:\Users\zoand\.m2\repository\org\springframework\boot\spring-boot-starter-security\2.7.11\spring-boot-starter-security-2.7.11.jar;C:\Users\zoand\.m2\repository\org\springframework\boot\spring-boot-starter\2.7.11\spring-boot-starter-2.7.11.jar;C:\Users\zoand\.m2\repository\org\springframework\boot\spring-boot-starter-logging\2.7.11\spring-boot-starter-logging-2.7.11.jar;C:\Users\zoand\.m2\repository\ch\qos\logback\logback-classic\1.2.12\logback-classic-1.2.12.jar;C:\Users\zoand\.m2\repository\ch\qos\logback\logback-core\1.2.12\logback-core-1.2.12.jar;C:\Users\zoand\.m2\repository\org\apache\logging\log4j\log4j-to-slf4j\2.17.2\log4j-to-slf4j-2.17.2.jar;C:\Users\zoand\.m2\repository\org\slf4j\jul-to-slf4j\1.7.36\jul-to-slf4j-1.7.36.jar;C:\Users\zoand\.m2\repository\jakarta\annotation\jakarta.annotation-api\1.3.5\jakarta.annotation-api-1.3.5.jar;C:\Users\zoand\.m2\repository\org\yaml\snakeyaml\1.30\snakeyaml-1.30.jar;C:\Users\zoand\.m2\repository\org\springframework\spring-aop\5.3.27\spring-aop-5.3.27.jar;C:\Users\zoand\.m2\repository\org\springframework\security\spring-security-config\5.7.8\spring-security-config-5.7.8.jar;C:\Users\zoand\.m2\repository\org\springframework\security\spring-security-web\5.7.8\spring-security-web-5.7.8.jar;C:\Users\zoand\.m2\repository\org\springframework\spring-expression\5.3.27\spring-expression-5.3.27.jar;C:\Users\zoand\.m2\repository\org\springframework\boot\spring-boot-starter-web\2.7.11\spring-boot-starter-web-2.7.11.jar;C:\Users\zoand\.m2\repository\org\springframework\boot\spring-boot-starter-json\2.7.11\spring-boot-starter-json-2.7.11.jar;C:\Users\zoand\.m2\repository\com\fasterxml\jackson\datatype\jackson-datatype-jdk8\2.13.5\jackson-datatype-jdk8-2.13.5.jar;C:\Users\zoand\.m2\repository\com\fasterxml\jackson\datatype\jackson-datatype-jsr310\2.13.5\jackson-datatype-jsr310-2.13.5.jar;C:\Users\zoand\.m2\repository\com\fasterxml\jackson\module\jackson-module-parameter-names\2.13.5\jackson-module-parameter-names-2.13.5.jar;C:\Users\zoand\.m2\repository\org\springframework\boot\spring-boot-starter-tomcat\2.7.11\spring-boot-starter-tomcat-2.7.11.jar;C:\Users\zoand\.m2\repository\org\apache\tomcat\embed\tomcat-embed-core\9.0.74\tomcat-embed-core-9.0.74.jar;C:\Users\zoand\.m2\repository\org\apache\tomcat\embed\tomcat-embed-el\9.0.74\tomcat-embed-el-9.0.74.jar;C:\Users\zoand\.m2\repository\org\apache\tomcat\embed\tomcat-embed-websocket\9.0.74\tomcat-embed-websocket-9.0.74.jar;C:\Users\zoand\.m2\repository\org\springframework\spring-web\5.3.27\spring-web-5.3.27.jar;C:\Users\zoand\.m2\repository\org\springframework\spring-webmvc\5.3.27\spring-webmvc-5.3.27.jar;C:\Users\zoand\.m2\repository\org\springframework\boot\spring-boot-devtools\2.7.11\spring-boot-devtools-2.7.11.jar;C:\Users\zoand\.m2\repository\org\springframework\boot\spring-boot\2.7.11\spring-boot-2.7.11.jar;C:\Users\zoand\.m2\repository\org\springframework\boot\spring-boot-autoconfigure\2.7.11\spring-boot-autoconfigure-2.7.11.jar;C:\Users\zoand\.m2\repository\com\mysql\mysql-connector-j\8.0.33\mysql-connector-j-8.0.33.jar;C:\Users\zoand\.m2\repository\org\springframework\boot\spring-boot-configuration-processor\2.7.11\spring-boot-configuration-processor-2.7.11.jar;C:\Users\zoand\.m2\repository\io\jsonwebtoken\jjwt\0.9.1\jjwt-0.9.1.jar;C:\Users\zoand\.m2\repository\com\fasterxml\jackson\core\jackson-databind\2.13.5\jackson-databind-2.13.5.jar;C:\Users\zoand\.m2\repository\com\fasterxml\jackson\core\jackson-annotations\2.13.5\jackson-annotations-2.13.5.jar;C:\Users\zoand\.m2\repository\com\auth0\java-jwt\3.11.0\java-jwt-3.11.0.jar;C:\Users\zoand\.m2\repository\commons-codec\commons-codec\1.15\commons-codec-1.15.jar;C:\Users\zoand\.m2\repository\org\projectlombok\lombok\1.18.26\lombok-1.18.26.jar;C:\Users\zoand\.m2\repository\jakarta\xml\bind\jakarta.xml.bind-api\2.3.3\jakarta.xml.bind-api-2.3.3.jar;C:\Users\zoand\.m2\repository\jakarta\activation\jakarta.activation-api\1.2.2\jakarta.activation-api-1.2.2.jar;C:\Users\zoand\.m2\repository\org\springframework\spring-core\5.3.27\spring-core-5.3.27.jar;C:\Users\zoand\.m2\repository\org\springframework\spring-jcl\5.3.27\spring-jcl-5.3.27.jar;C:\Users\zoand\.m2\repository\org\springframework\security\spring-security-core\5.7.8\spring-security-core-5.7.8.jar;C:\Users\zoand\.m2\repository\org\springframework\security\spring-security-crypto\5.7.8\spring-security-crypto-5.7.8.jar;C:\Users\zoand\.m2\repository\org\apache\poi\poi\5.2.0\poi-5.2.0.jar;C:\Users\zoand\.m2\repository\org\apache\commons\commons-collections4\4.4\commons-collections4-4.4.jar;C:\Users\zoand\.m2\repository\org\apache\commons\commons-math3\3.6.1\commons-math3-3.6.1.jar;C:\Users\zoand\.m2\repository\commons-io\commons-io\2.11.0\commons-io-2.11.0.jar;C:\Users\zoand\.m2\repository\com\zaxxer\SparseBitSet\1.2\SparseBitSet-1.2.jar;C:\Users\zoand\.m2\repository\org\apache\logging\log4j\log4j-api\2.17.2\log4j-api-2.17.2.jar;C:\Users\zoand\.m2\repository\org\apache\poi\poi-ooxml\5.2.0\poi-ooxml-5.2.0.jar;C:\Users\zoand\.m2\repository\org\apache\poi\poi-ooxml-lite\5.2.0\poi-ooxml-lite-5.2.0.jar;C:\Users\zoand\.m2\repository\org\apache\xmlbeans\xmlbeans\5.0.3\xmlbeans-5.0.3.jar;C:\Users\zoand\.m2\repository\org\apache\commons\commons-compress\1.21\commons-compress-1.21.jar;C:\Users\zoand\.m2\repository\com\github\virtuald\curvesapi\1.06\curvesapi-1.06.jar;C:\Users\zoand\.m2\repository\org\springframework\boot\spring-boot-starter-websocket\2.7.11\spring-boot-starter-websocket-2.7.11.jar;C:\Users\zoand\.m2\repository\org\springframework\spring-messaging\5.3.27\spring-messaging-5.3.27.jar;C:\Users\zoand\.m2\repository\org\springframework\spring-websocket\5.3.27\spring-websocket-5.3.27.jar;C:\Users\zoand\.m2\repository\javax\websocket\javax.websocket-api\1.1\javax.websocket-api-1.1.jar;C:\Users\zoand\.m2\repository\org\webjars\webjars-locator-core\0.50\webjars-locator-core-0.50.jar;C:\Users\zoand\.m2\repository\org\slf4j\slf4j-api\1.7.36\slf4j-api-1.7.36.jar;C:\Users\zoand\.m2\repository\io\github\classgraph\classgraph\4.8.139\classgraph-4.8.139.jar;C:\Users\zoand\.m2\repository\com\fasterxml\jackson\core\jackson-core\2.13.5\jackson-core-2.13.5.jar;C:\Users\zoand\.m2\repository\org\webjars\sockjs-client\1.0.2\sockjs-client-1.0.2.jar;C:\Users\zoand\.m2\repository\org\webjars\stomp-websocket\2.3.3\stomp-websocket-2.3.3.jar;C:\Users\zoand\.m2\repository\org\webjars\bootstrap\3.3.7\bootstrap-3.3.7.jar;C:\Users\zoand\.m2\repository\org\webjars\jquery\3.1.1-1\jquery-3.1.1-1.jar
Launcher Type: SUN_STANDARD

[Global flags]
     intx CICompilerCount                          = 3                                         {product} {ergonomic}
     uint ConcGCThreads                            = 1                                         {product} {ergonomic}
     uint G1ConcRefinementThreads                  = 4                                         {product} {ergonomic}
   size_t G1HeapRegionSize                         = 1048576                                   {product} {ergonomic}
    uintx GCDrainStackTargetSize                   = 64                                        {product} {ergonomic}
   size_t InitialHeapSize                          = 67108864                                  {product} {ergonomic}
   size_t MarkStackSize                            = 4194304                                   {product} {ergonomic}
   size_t MaxHeapSize                              = 1046478848                                {product} {ergonomic}
   size_t MaxNewSize                               = 627048448                                 {product} {ergonomic}
   size_t MinHeapDeltaBytes                        = 1048576                                   {product} {ergonomic}
   size_t MinHeapSize                              = 8388608                                   {product} {ergonomic}
    uintx NonNMethodCodeHeapSize                   = 5832780                                {pd product} {ergonomic}
    uintx NonProfiledCodeHeapSize                  = 122912730                              {pd product} {ergonomic}
    uintx ProfiledCodeHeapSize                     = 122912730                              {pd product} {ergonomic}
    uintx ReservedCodeCacheSize                    = 251658240                              {pd product} {ergonomic}
     bool SegmentedCodeCache                       = true                                      {product} {ergonomic}
   size_t SoftMaxHeapSize                          = 1046478848                             {manageable} {ergonomic}
     bool UseCompressedClassPointers               = true                           {product lp64_product} {ergonomic}
     bool UseCompressedOops                        = true                           {product lp64_product} {ergonomic}
     bool UseG1GC                                  = true                                      {product} {ergonomic}
     bool UseLargePagesIndividualAllocation        = false                                  {pd product} {ergonomic}

Logging:
Log output configuration:
 #0: stdout all=warning uptime,level,tags foldmultilines=false
 #1: stderr all=off uptime,level,tags foldmultilines=false

Environment Variables:
JAVA_HOME=C:\Program Files\Java\jdk1.8.0_201
PATH=C:\Program Files (x86)\Common Files\Oracle\Java\javapath;C:\WINDOWS\system32;C:\WINDOWS;C:\WINDOWS\System32\Wbem;C:\WINDOWS\System32\WindowsPowerShell\v1.0\;C:\WINDOWS\System32\OpenSSH\;C:\Program Files\Git\cmd;C:\Program Files (x86)\Microsoft SQL Server\150\Tools\Binn\;C:\Program Files\Microsoft SQL Server\150\Tools\Binn\;C:\Program Files\Microsoft SQL Server\150\DTS\Binn\;C:\Program Files\Microsoft SQL Server\Client SDK\ODBC\170\Tools\Binn\;C:\Program Files (x86)\Microsoft SQL Server\150\DTS\Binn\;C:\Program Files\Azure Data Studio\bin;C:\Program Files\dotnet\;C:\Program Files (x86)\nodejs\;C:\Program Files\MongoDB\Server\5.0\bin;C:\ProgramData\ComposerSetup\bin;C:\Program Files\Java\jdk1.8.0_201\bin;C:\Apache Software Foundation\Tomcat 10.0\bin;C:\Program Files\Java\jre1.8.0_201\bin;C:\Users\zoand\scoop\shims;C:\Users\zoand\AppData\Local\Microsoft\WindowsApps;C:\Users\zoand\AppData\Local\Programs\Microsoft VS Code\bin;C:\Program Files\Azure Data Studio\bin;C:\Users\zoand\.dotnet\tools;C:\Users\zoand\AppData\Roaming\npm;C:\Program Files\JetBrains\IntelliJ IDEA Community Edition 2022.3.2\bin;;C:\Users\zoand\AppData\Roaming\Composer\vendor\bin;C:\wamp64\bin\php\php8.0.26;C:\Program Files\Tomcat;C:\Apache Software Foundation\Tomcat 10.0\bin;C:\apache-maven-3.9.2\bin;
USERNAME=zoand
OS=Windows_NT
PROCESSOR_IDENTIFIER=Intel64 Family 6 Model 58 Stepping 9, GenuineIntel
TMP=C:\Users\zoand\AppData\Local\Temp
TEMP=C:\Users\zoand\AppData\Local\Temp



---------------  S Y S T E M  ---------------

OS:
 Windows 10 , 64 bit Build 19041 (10.0.19041.3031)
OS uptime: 5 days 6:48 hours

CPU: total 4 (initial active 4) (2 cores per cpu, 2 threads per core) family 6 model 58 stepping 9 microcode 0x21, cx8, cmov, fxsr, ht, mmx, sse, sse2, sse3, ssse3, sse4.1, sse4.2, popcnt, tsc, tscinvbit, avx, aes, erms, clmul, vzeroupper, clflush, rdtscp

Memory: 4k page, system-wide physical 3990M (310M free)
TotalPageFile size 16278M (AvailPageFile size 6M)
current process WorkingSet (physical memory assigned to process): 267M, peak: 349M
current process commit charge ("private bytes"): 365M, peak: 483M

vm_info: OpenJDK 64-Bit Server VM (19.0.2+7-44) for windows-amd64 JRE (19.0.2+7-44), built on 2022-11-30T18:02:09Z by "mach5one" with MS VC++ 17.1 (VS2022)

END.
