#
# There is insufficient memory for the Java Runtime Environment to continue.
# Native memory allocation (malloc) failed to allocate 1154896 bytes for Chunk::new
# Possible reasons:
#   The system is out of physical RAM or swap space
#   The process is running with CompressedOops enabled, and the Java Heap may be blocking the growth of the native heap
# Possible solutions:
#   Reduce memory load on the system
#   Increase physical memory or swap space
#   Check if swap backing store is full
#   Decrease Java heap size (-Xmx/-Xms)
#   Decrease number of Java threads
#   Decrease Java thread stack sizes (-Xss)
#   Set larger code cache with -XX:ReservedCodeCacheSize=
#   JVM is running with Unscaled Compressed Oops mode in which the Java heap is
#     placed in the first 4GB address space. The Java Heap base address is the
#     maximum limit for the native heap growth. Please use -XX:HeapBaseMinAddress
#     to set the Java Heap base and to place the Java Heap above 4GB virtual address.
# This output file may be truncated or incomplete.
#
#  Out of Memory Error (arena.cpp:184), pid=8440, tid=9204
#
# JRE version: OpenJDK Runtime Environment (19.0.2+7) (build 19.0.2+7-44)
# Java VM: OpenJDK 64-Bit Server VM (19.0.2+7-44, mixed mode, sharing, tiered, compressed oops, compressed class ptrs, g1 gc, windows-amd64)
# No core dump will be written. Minidumps are not enabled by default on client versions of Windows
#

---------------  S U M M A R Y ------------

Command Line: -javaagent:C:\Program Files\JetBrains\IntelliJ IDEA Community Edition 2022.3.2\lib\idea_rt.jar=3181:C:\Program Files\JetBrains\IntelliJ IDEA Community Edition 2022.3.2\bin -Dfile.encoding=UTF-8 -Dsun.stdout.encoding=UTF-8 -Dsun.stderr.encoding=UTF-8 com.fichier.fichier.FichierApplication

Host: Intel(R) Core(TM) i5-3437U CPU @ 1.90GHz, 4 cores, 3G,  Windows 10 , 64 bit Build 19041 (10.0.19041.3031)
Time: Tue Jul 11 15:22:56 2023 Afrique de l, 64 bit Build 19041 (10.0.19041.3031) elapsed time: 2066.705783 seconds (0d 0h 34m 26s)

---------------  T H R E A D  ---------------

Current thread (0x0000022924467ed0):  JavaThread "C2 CompilerThread0" daemon [_thread_in_native, id=9204, stack(0x000000ad76400000,0x000000ad76500000)]


Current CompileTask:
C2:2066705 14850   !   4       org.springframework.web.filter.DelegatingFilterProxy::doFilter (89 bytes)

Stack: [0x000000ad76400000,0x000000ad76500000]
Native frames: (J=compiled Java code, j=interpreted, Vv=VM code, C=native code)
V  [jvm.dll+0x6ee21a]
V  [jvm.dll+0x85765e]
V  [jvm.dll+0x85904e]
V  [jvm.dll+0x859703]
V  [jvm.dll+0x28298f]
V  [jvm.dll+0xc9adf]
V  [jvm.dll+0xc9e65]
V  [jvm.dll+0x3bca12]
V  [jvm.dll+0x3860e1]
V  [jvm.dll+0x38555a]
V  [jvm.dll+0x24c3d9]
V  [jvm.dll+0x24b781]
V  [jvm.dll+0x1d6ce1]
V  [jvm.dll+0x25b25a]
V  [jvm.dll+0x2596e8]
V  [jvm.dll+0x807588]
V  [jvm.dll+0x80125a]
V  [jvm.dll+0x6ecf0b]
C  [ucrtbase.dll+0x21bb2]
C  [KERNEL32.DLL+0x17614]
C  [ntdll.dll+0x526f1]


---------------  P R O C E S S  ---------------

Threads class SMR info:
_java_thread_list=0x000002292c2a1800, length=33, elements={
0x000002292445c150, 0x000002292445ddf0, 0x000002292445f0a0, 0x000002292445ff30,
0x00000229244629b0, 0x0000022924463420, 0x0000022924467ed0, 0x0000022924476890,
0x00000229244775f0, 0x0000022908c123e0, 0x0000022928afa6d0, 0x0000022928afac10,
0x000002292a265d10, 0x000002292a263290, 0x000002292a265270, 0x000002292a263d30,
0x000002292a262d40, 0x000002292af91c50, 0x000002292af8cca0, 0x000002292af90c60,
0x000002292af8dc90, 0x000002292af8acc0, 0x000002292af8e1e0, 0x000002292af8b210,
0x000002292af8c750, 0x000002292af8d740, 0x000002292af90710, 0x000002292af8b760,
0x000002292af8e730, 0x000002292af911b0, 0x000002292af8ec80, 0x000002292af8f1d0,
0x0000022929abbae0
}

Java Threads: ( => current thread )
  0x000002292445c150 JavaThread "Reference Handler" daemon [_thread_blocked, id=3824, stack(0x000000ad75e00000,0x000000ad75f00000)]
  0x000002292445ddf0 JavaThread "Finalizer" daemon [_thread_blocked, id=12228, stack(0x000000ad75f00000,0x000000ad76000000)]
  0x000002292445f0a0 JavaThread "Signal Dispatcher" daemon [_thread_blocked, id=5976, stack(0x000000ad76000000,0x000000ad76100000)]
  0x000002292445ff30 JavaThread "Attach Listener" daemon [_thread_blocked, id=9236, stack(0x000000ad76100000,0x000000ad76200000)]
  0x00000229244629b0 JavaThread "Service Thread" daemon [_thread_blocked, id=12420, stack(0x000000ad76200000,0x000000ad76300000)]
  0x0000022924463420 JavaThread "Monitor Deflation Thread" daemon [_thread_blocked, id=14876, stack(0x000000ad76300000,0x000000ad76400000)]
=>0x0000022924467ed0 JavaThread "C2 CompilerThread0" daemon [_thread_in_native, id=9204, stack(0x000000ad76400000,0x000000ad76500000)]
  0x0000022924476890 JavaThread "C1 CompilerThread0" daemon [_thread_blocked, id=15308, stack(0x000000ad76500000,0x000000ad76600000)]
  0x00000229244775f0 JavaThread "Sweeper thread" daemon [_thread_blocked, id=13840, stack(0x000000ad76600000,0x000000ad76700000)]
  0x0000022908c123e0 JavaThread "Common-Cleaner" daemon [_thread_blocked, id=12244, stack(0x000000ad76700000,0x000000ad76800000)]
  0x0000022928afa6d0 JavaThread "Monitor Ctrl-Break" daemon [_thread_in_native, id=6956, stack(0x000000ad76800000,0x000000ad76900000)]
  0x0000022928afac10 JavaThread "Notification Thread" daemon [_thread_blocked, id=6420, stack(0x000000ad76900000,0x000000ad76a00000)]
  0x000002292a265d10 JavaThread "mysql-cj-abandoned-connection-cleanup" daemon [_thread_blocked, id=1336, stack(0x000000ad76b00000,0x000000ad76c00000)]
  0x000002292a263290 JavaThread "HikariPool-1 housekeeper" daemon [_thread_blocked, id=4160, stack(0x000000ad77200000,0x000000ad77300000)]
  0x000002292a265270 JavaThread "Catalina-utility-1" [_thread_in_Java, id=13616, stack(0x000000ad77300000,0x000000ad77400000)]
  0x000002292a263d30 JavaThread "Catalina-utility-2" [_thread_blocked, id=14256, stack(0x000000ad77400000,0x000000ad77500000)]
  0x000002292a262d40 JavaThread "container-0" [_thread_blocked, id=5852, stack(0x000000ad77500000,0x000000ad77600000)]
  0x000002292af91c50 JavaThread "File Watcher" daemon [_thread_blocked, id=14156, stack(0x000000ad77800000,0x000000ad77900000)]
  0x000002292af8cca0 JavaThread "Live Reload Server" daemon [_thread_in_native, id=11624, stack(0x000000ad77a00000,0x000000ad77b00000)]
  0x000002292af90c60 JavaThread "http-nio-8085-exec-1" daemon [_thread_blocked, id=3964, stack(0x000000ad77900000,0x000000ad77a00000)]
  0x000002292af8dc90 JavaThread "http-nio-8085-exec-2" daemon [_thread_in_native, id=11580, stack(0x000000ad77b00000,0x000000ad77c00000)]
  0x000002292af8acc0 JavaThread "http-nio-8085-exec-3" daemon [_thread_in_native, id=6524, stack(0x000000ad77c00000,0x000000ad77d00000)]
  0x000002292af8e1e0 JavaThread "http-nio-8085-exec-4" daemon [_thread_blocked, id=8072, stack(0x000000ad77d00000,0x000000ad77e00000)]
  0x000002292af8b210 JavaThread "http-nio-8085-exec-5" daemon [_thread_blocked, id=7036, stack(0x000000ad77e00000,0x000000ad77f00000)]
  0x000002292af8c750 JavaThread "http-nio-8085-exec-6" daemon [_thread_in_native, id=7220, stack(0x000000ad77f00000,0x000000ad78000000)]
  0x000002292af8d740 JavaThread "http-nio-8085-exec-7" daemon [_thread_blocked, id=7268, stack(0x000000ad78000000,0x000000ad78100000)]
  0x000002292af90710 JavaThread "http-nio-8085-exec-8" daemon [_thread_blocked, id=10264, stack(0x000000ad78100000,0x000000ad78200000)]
  0x000002292af8b760 JavaThread "http-nio-8085-exec-9" daemon [_thread_in_native, id=13692, stack(0x000000ad78200000,0x000000ad78300000)]
  0x000002292af8e730 JavaThread "http-nio-8085-exec-10" daemon [_thread_in_native, id=10916, stack(0x000000ad78300000,0x000000ad78400000)]
  0x000002292af911b0 JavaThread "http-nio-8085-Poller" daemon [_thread_in_native, id=13048, stack(0x000000ad78400000,0x000000ad78500000)]
  0x000002292af8ec80 JavaThread "http-nio-8085-Acceptor" daemon [_thread_in_native, id=1928, stack(0x000000ad78500000,0x000000ad78600000)]
  0x000002292af8f1d0 JavaThread "DestroyJavaVM" [_thread_blocked, id=12548, stack(0x000000ad75700000,0x000000ad75800000)]
  0x0000022929abbae0 JavaThread "HikariPool-1 connection adder" daemon [_thread_blocked, id=14240, stack(0x000000ad75400000,0x000000ad75500000)]

Other Threads:
  0x0000022924440610 VMThread "VM Thread" [stack: 0x000000ad75d00000,0x000000ad75e00000] [id=13128]
  0x0000022928aea3c0 WatcherThread "VM Periodic Task Thread" [stack: 0x000000ad76a00000,0x000000ad76b00000] [id=9128]
  0x0000022908b9e360 WorkerThread "GC Thread#0" [stack: 0x000000ad75800000,0x000000ad75900000] [id=1440]
  0x0000022928ded820 WorkerThread "GC Thread#1" [stack: 0x000000ad76c00000,0x000000ad76d00000] [id=14960]
  0x0000022928f63010 WorkerThread "GC Thread#2" [stack: 0x000000ad76d00000,0x000000ad76e00000] [id=8648]
  0x0000022928f95660 WorkerThread "GC Thread#3" [stack: 0x000000ad76e00000,0x000000ad76f00000] [id=7928]
  0x0000022908ba7120 ConcurrentGCThread "G1 Main Marker" [stack: 0x000000ad75900000,0x000000ad75a00000] [id=11688]
  0x0000022908ba82f0 WorkerThread "G1 Conc#0" [stack: 0x000000ad75a00000,0x000000ad75b00000] [id=10444]
  0x0000022908bfba60 ConcurrentGCThread "G1 Refine#0" [stack: 0x000000ad75b00000,0x000000ad75c00000] [id=3532]
  0x0000022908bfc5a0 ConcurrentGCThread "G1 Service" [stack: 0x000000ad75c00000,0x000000ad75d00000] [id=15336]

Threads with active compile tasks:
C2 CompilerThread0  2066786 14850   !   4       org.springframework.web.filter.DelegatingFilterProxy::doFilter (89 bytes)

VM state: not at safepoint (normal execution)

VM Mutex/Monitor currently owned by a thread: None

Heap address: 0x00000000c1a00000, size: 998 MB, Compressed Oops mode: 32-bit

CDS archive(s) mapped at: [0x0000000800000000-0x0000000800c40000-0x0000000800c40000), size 12845056, SharedBaseAddress: 0x0000000800000000, ArchiveRelocationMode: 0.
Compressed class space mapped at: 0x0000000801000000-0x0000000841000000, reserved size: 1073741824
Narrow klass base: 0x0000000800000000, Narrow klass shift: 0, Narrow klass range: 0x100000000

GC Precious Log:
 CardTable entry size: 512
 Card Set container configuration: InlinePtr #cards 5 size 8 Array Of Cards #cards 12 size 40 Howl #buckets 4 coarsen threshold 1843 Howl Bitmap #cards 512 size 80 coarsen threshold 460 Card regions per heap region 1 cards per card region 2048
 CPUs: 4 total, 4 available
 Memory: 3990M
 Large Page Support: Disabled
 NUMA Support: Disabled
 Compressed Oops: Enabled (32-bit)
 Heap Region Size: 1M
 Heap Min Capacity: 8M
 Heap Initial Capacity: 64M
 Heap Max Capacity: 998M
 Pre-touch: Disabled
 Parallel Workers: 4
 Concurrent Workers: 1
 Concurrent Refinement Workers: 4
 Periodic GC: Disabled

Heap:
 garbage-first heap   total 271360K, used 111782K [0x00000000c1a00000, 0x0000000100000000)
  region size 1024K, 65 young (66560K), 2 survivors (2048K)
 Metaspace       used 70210K, committed 70784K, reserved 1114112K
  class space    used 8395K, committed 8640K, reserved 1048576K

Heap Regions: E=young(eden), S=young(survivor), O=old, HS=humongous(starts), HC=humongous(continues), CS=collection set, F=free, OA=open archive, CA=closed archive, TAMS=top-at-mark-start (previous, next)
|   0|0x00000000c1a00000, 0x00000000c1b00000, 0x00000000c1b00000|100%|HS|  |TAMS 0x00000000c1b00000, 0x00000000c1a00000| Complete 
|   1|0x00000000c1b00000, 0x00000000c1c00000, 0x00000000c1c00000|100%| O|  |TAMS 0x00000000c1c00000, 0x00000000c1b00000| Untracked 
|   2|0x00000000c1c00000, 0x00000000c1d00000, 0x00000000c1d00000|100%| O|  |TAMS 0x00000000c1d00000, 0x00000000c1c00000| Untracked 
|   3|0x00000000c1d00000, 0x00000000c1e00000, 0x00000000c1e00000|100%| O|  |TAMS 0x00000000c1e00000, 0x00000000c1d00000| Untracked 
|   4|0x00000000c1e00000, 0x00000000c1f00000, 0x00000000c1f00000|100%| O|  |TAMS 0x00000000c1f00000, 0x00000000c1e00000| Untracked 
|   5|0x00000000c1f00000, 0x00000000c2000000, 0x00000000c2000000|100%| O|  |TAMS 0x00000000c2000000, 0x00000000c1f00000| Untracked 
|   6|0x00000000c2000000, 0x00000000c2100000, 0x00000000c2100000|100%| O|  |TAMS 0x00000000c2100000, 0x00000000c2000000| Untracked 
|   7|0x00000000c2100000, 0x00000000c2200000, 0x00000000c2200000|100%| O|  |TAMS 0x00000000c2200000, 0x00000000c2100000| Untracked 
|   8|0x00000000c2200000, 0x00000000c2300000, 0x00000000c2300000|100%| O|  |TAMS 0x00000000c2300000, 0x00000000c2200000| Untracked 
|   9|0x00000000c2300000, 0x00000000c2400000, 0x00000000c2400000|100%| O|  |TAMS 0x00000000c2400000, 0x00000000c2300000| Untracked 
|  10|0x00000000c2400000, 0x00000000c2500000, 0x00000000c2500000|100%| O|  |TAMS 0x00000000c2500000, 0x00000000c2400000| Untracked 
|  11|0x00000000c2500000, 0x00000000c2600000, 0x00000000c2600000|100%| O|  |TAMS 0x00000000c2600000, 0x00000000c2500000| Untracked 
|  12|0x00000000c2600000, 0x00000000c2700000, 0x00000000c2700000|100%| O|  |TAMS 0x00000000c2700000, 0x00000000c2600000| Untracked 
|  13|0x00000000c2700000, 0x00000000c2800000, 0x00000000c2800000|100%| O|  |TAMS 0x00000000c2800000, 0x00000000c2700000| Untracked 
|  14|0x00000000c2800000, 0x00000000c2900000, 0x00000000c2900000|100%| O|  |TAMS 0x00000000c2900000, 0x00000000c2800000| Untracked 
|  15|0x00000000c2900000, 0x00000000c2a00000, 0x00000000c2a00000|100%| O|  |TAMS 0x00000000c2a00000, 0x00000000c2900000| Untracked 
|  16|0x00000000c2a00000, 0x00000000c2b00000, 0x00000000c2b00000|100%| O|  |TAMS 0x00000000c2b00000, 0x00000000c2a00000| Untracked 
|  17|0x00000000c2b00000, 0x00000000c2c00000, 0x00000000c2c00000|100%| O|  |TAMS 0x00000000c2c00000, 0x00000000c2b00000| Untracked 
|  18|0x00000000c2c00000, 0x00000000c2d00000, 0x00000000c2d00000|100%| O|  |TAMS 0x00000000c2d00000, 0x00000000c2c00000| Untracked 
|  19|0x00000000c2d00000, 0x00000000c2e00000, 0x00000000c2e00000|100%| O|  |TAMS 0x00000000c2e00000, 0x00000000c2d00000| Untracked 
|  20|0x00000000c2e00000, 0x00000000c2f00000, 0x00000000c2f00000|100%| O|  |TAMS 0x00000000c2f00000, 0x00000000c2e00000| Untracked 
|  21|0x00000000c2f00000, 0x00000000c3000000, 0x00000000c3000000|100%| O|  |TAMS 0x00000000c3000000, 0x00000000c2f00000| Untracked 
|  22|0x00000000c3000000, 0x00000000c3100000, 0x00000000c3100000|100%| O|  |TAMS 0x00000000c3100000, 0x00000000c3000000| Untracked 
|  23|0x00000000c3100000, 0x00000000c3200000, 0x00000000c3200000|100%| O|  |TAMS 0x00000000c3200000, 0x00000000c3100000| Untracked 
|  24|0x00000000c3200000, 0x00000000c3300000, 0x00000000c3300000|100%| O|  |TAMS 0x00000000c3300000, 0x00000000c3200000| Untracked 
|  25|0x00000000c3300000, 0x00000000c3400000, 0x00000000c3400000|100%| O|  |TAMS 0x00000000c3400000, 0x00000000c3300000| Untracked 
|  26|0x00000000c3400000, 0x00000000c3400000, 0x00000000c3500000|  0%| F|  |TAMS 0x00000000c3400000, 0x00000000c3400000| Untracked 
|  27|0x00000000c3500000, 0x00000000c3600000, 0x00000000c3600000|100%| O|  |TAMS 0x00000000c3600000, 0x00000000c3500000| Untracked 
|  28|0x00000000c3600000, 0x00000000c3700000, 0x00000000c3700000|100%| O|  |TAMS 0x00000000c3600000, 0x00000000c3600000| Untracked 
|  29|0x00000000c3700000, 0x00000000c3800000, 0x00000000c3800000|100%| O|  |TAMS 0x00000000c3700000, 0x00000000c3700000| Untracked 
|  30|0x00000000c3800000, 0x00000000c3900000, 0x00000000c3900000|100%| O|  |TAMS 0x00000000c3800000, 0x00000000c3800000| Untracked 
|  31|0x00000000c3900000, 0x00000000c397c200, 0x00000000c3a00000| 48%| O|  |TAMS 0x00000000c3900000, 0x00000000c3900000| Untracked 
|  32|0x00000000c3a00000, 0x00000000c3b00000, 0x00000000c3b00000|100%| O|  |TAMS 0x00000000c3b00000, 0x00000000c3a00000| Untracked 
|  33|0x00000000c3b00000, 0x00000000c3c00000, 0x00000000c3c00000|100%| O|  |TAMS 0x00000000c3c00000, 0x00000000c3b00000| Untracked 
|  34|0x00000000c3c00000, 0x00000000c3d00000, 0x00000000c3d00000|100%| O|  |TAMS 0x00000000c3d00000, 0x00000000c3c00000| Untracked 
|  35|0x00000000c3d00000, 0x00000000c3e00000, 0x00000000c3e00000|100%| O|  |TAMS 0x00000000c3e00000, 0x00000000c3d00000| Untracked 
|  36|0x00000000c3e00000, 0x00000000c3e00000, 0x00000000c3f00000|  0%| F|  |TAMS 0x00000000c3e00000, 0x00000000c3e00000| Untracked 
|  37|0x00000000c3f00000, 0x00000000c3f00000, 0x00000000c4000000|  0%| F|  |TAMS 0x00000000c3f00000, 0x00000000c3f00000| Untracked 
|  38|0x00000000c4000000, 0x00000000c4000000, 0x00000000c4100000|  0%| F|  |TAMS 0x00000000c4000000, 0x00000000c4000000| Untracked 
|  39|0x00000000c4100000, 0x00000000c4200000, 0x00000000c4200000|100%| O|  |TAMS 0x00000000c4200000, 0x00000000c4100000| Untracked 
|  40|0x00000000c4200000, 0x00000000c4300000, 0x00000000c4300000|100%| O|  |TAMS 0x00000000c4300000, 0x00000000c4200000| Untracked 
|  41|0x00000000c4300000, 0x00000000c4300000, 0x00000000c4400000|  0%| F|  |TAMS 0x00000000c4300000, 0x00000000c4300000| Untracked 
|  42|0x00000000c4400000, 0x00000000c4400000, 0x00000000c4500000|  0%| F|  |TAMS 0x00000000c4400000, 0x00000000c4400000| Untracked 
|  43|0x00000000c4500000, 0x00000000c4500000, 0x00000000c4600000|  0%| F|  |TAMS 0x00000000c4500000, 0x00000000c4500000| Untracked 
|  44|0x00000000c4600000, 0x00000000c4700000, 0x00000000c4700000|100%| O|  |TAMS 0x00000000c4700000, 0x00000000c4600000| Untracked 
|  45|0x00000000c4700000, 0x00000000c4700000, 0x00000000c4800000|  0%| F|  |TAMS 0x00000000c4700000, 0x00000000c4700000| Untracked 
|  46|0x00000000c4800000, 0x00000000c4800000, 0x00000000c4900000|  0%| F|  |TAMS 0x00000000c4800000, 0x00000000c4800000| Untracked 
|  47|0x00000000c4900000, 0x00000000c4900000, 0x00000000c4a00000|  0%| F|  |TAMS 0x00000000c4900000, 0x00000000c4900000| Untracked 
|  48|0x00000000c4a00000, 0x00000000c4a00000, 0x00000000c4b00000|  0%| F|  |TAMS 0x00000000c4a00000, 0x00000000c4a00000| Untracked 
|  49|0x00000000c4b00000, 0x00000000c4b00000, 0x00000000c4c00000|  0%| F|  |TAMS 0x00000000c4b00000, 0x00000000c4b00000| Untracked 
|  50|0x00000000c4c00000, 0x00000000c4c00000, 0x00000000c4d00000|  0%| F|  |TAMS 0x00000000c4c00000, 0x00000000c4c00000| Untracked 
|  51|0x00000000c4d00000, 0x00000000c4e00000, 0x00000000c4e00000|100%| O|  |TAMS 0x00000000c4d40400, 0x00000000c4d00000| Untracked 
|  52|0x00000000c4e00000, 0x00000000c4f00000, 0x00000000c4f00000|100%| O|  |TAMS 0x00000000c4e00000, 0x00000000c4e00000| Untracked 
|  53|0x00000000c4f00000, 0x00000000c5000000, 0x00000000c5000000|100%| O|  |TAMS 0x00000000c4f00000, 0x00000000c4f00000| Untracked 
|  54|0x00000000c5000000, 0x00000000c5100000, 0x00000000c5100000|100%| O|  |TAMS 0x00000000c5000000, 0x00000000c5000000| Untracked 
|  55|0x00000000c5100000, 0x00000000c5200000, 0x00000000c5200000|100%| O|  |TAMS 0x00000000c5100000, 0x00000000c5100000| Untracked 
|  56|0x00000000c5200000, 0x00000000c5300000, 0x00000000c5300000|100%| O|  |TAMS 0x00000000c5200000, 0x00000000c5200000| Untracked 
|  57|0x00000000c5300000, 0x00000000c5400000, 0x00000000c5400000|100%| O|  |TAMS 0x00000000c5300000, 0x00000000c5300000| Untracked 
|  58|0x00000000c5400000, 0x00000000c5500000, 0x00000000c5500000|100%| O|  |TAMS 0x00000000c5400000, 0x00000000c5400000| Untracked 
|  59|0x00000000c5500000, 0x00000000c5500000, 0x00000000c5600000|  0%| F|  |TAMS 0x00000000c5500000, 0x00000000c5500000| Untracked 
|  60|0x00000000c5600000, 0x00000000c5600000, 0x00000000c5700000|  0%| F|  |TAMS 0x00000000c5600000, 0x00000000c5600000| Untracked 
|  61|0x00000000c5700000, 0x00000000c5700000, 0x00000000c5800000|  0%| F|  |TAMS 0x00000000c5700000, 0x00000000c5700000| Untracked 
|  62|0x00000000c5800000, 0x00000000c5800000, 0x00000000c5900000|  0%| F|  |TAMS 0x00000000c5800000, 0x00000000c5800000| Untracked 
|  63|0x00000000c5900000, 0x00000000c5900000, 0x00000000c5a00000|  0%| F|  |TAMS 0x00000000c5900000, 0x00000000c5900000| Untracked 
|  64|0x00000000c5a00000, 0x00000000c5a00000, 0x00000000c5b00000|  0%| F|  |TAMS 0x00000000c5a00000, 0x00000000c5a00000| Untracked 
|  65|0x00000000c5b00000, 0x00000000c5b00000, 0x00000000c5c00000|  0%| F|  |TAMS 0x00000000c5b00000, 0x00000000c5b00000| Untracked 
|  66|0x00000000c5c00000, 0x00000000c5c00000, 0x00000000c5d00000|  0%| F|  |TAMS 0x00000000c5c00000, 0x00000000c5c00000| Untracked 
|  67|0x00000000c5d00000, 0x00000000c5d00000, 0x00000000c5e00000|  0%| F|  |TAMS 0x00000000c5d00000, 0x00000000c5d00000| Untracked 
|  68|0x00000000c5e00000, 0x00000000c5e00000, 0x00000000c5f00000|  0%| F|  |TAMS 0x00000000c5e00000, 0x00000000c5e00000| Untracked 
|  69|0x00000000c5f00000, 0x00000000c5f00000, 0x00000000c6000000|  0%| F|  |TAMS 0x00000000c5f00000, 0x00000000c5f00000| Untracked 
|  70|0x00000000c6000000, 0x00000000c6000000, 0x00000000c6100000|  0%| F|  |TAMS 0x00000000c6000000, 0x00000000c6000000| Untracked 
|  71|0x00000000c6100000, 0x00000000c6100000, 0x00000000c6200000|  0%| F|  |TAMS 0x00000000c6100000, 0x00000000c6100000| Untracked 
|  72|0x00000000c6200000, 0x00000000c6200000, 0x00000000c6300000|  0%| F|  |TAMS 0x00000000c6200000, 0x00000000c6200000| Untracked 
|  73|0x00000000c6300000, 0x00000000c6300000, 0x00000000c6400000|  0%| F|  |TAMS 0x00000000c6300000, 0x00000000c6300000| Untracked 
|  74|0x00000000c6400000, 0x00000000c6400000, 0x00000000c6500000|  0%| F|  |TAMS 0x00000000c6400000, 0x00000000c6400000| Untracked 
|  75|0x00000000c6500000, 0x00000000c6500000, 0x00000000c6600000|  0%| F|  |TAMS 0x00000000c6500000, 0x00000000c6500000| Untracked 
|  76|0x00000000c6600000, 0x00000000c6600000, 0x00000000c6700000|  0%| F|  |TAMS 0x00000000c6600000, 0x00000000c6600000| Untracked 
|  77|0x00000000c6700000, 0x00000000c6700000, 0x00000000c6800000|  0%| F|  |TAMS 0x00000000c6700000, 0x00000000c6700000| Untracked 
|  78|0x00000000c6800000, 0x00000000c6800000, 0x00000000c6900000|  0%| F|  |TAMS 0x00000000c6800000, 0x00000000c6800000| Untracked 
|  79|0x00000000c6900000, 0x00000000c6900000, 0x00000000c6a00000|  0%| F|  |TAMS 0x00000000c6900000, 0x00000000c6900000| Untracked 
|  80|0x00000000c6a00000, 0x00000000c6a00000, 0x00000000c6b00000|  0%| F|  |TAMS 0x00000000c6a00000, 0x00000000c6a00000| Untracked 
|  81|0x00000000c6b00000, 0x00000000c6b00000, 0x00000000c6c00000|  0%| F|  |TAMS 0x00000000c6b00000, 0x00000000c6b00000| Untracked 
|  82|0x00000000c6c00000, 0x00000000c6c00000, 0x00000000c6d00000|  0%| F|  |TAMS 0x00000000c6c00000, 0x00000000c6c00000| Untracked 
|  83|0x00000000c6d00000, 0x00000000c6d00000, 0x00000000c6e00000|  0%| F|  |TAMS 0x00000000c6d00000, 0x00000000c6d00000| Untracked 
|  84|0x00000000c6e00000, 0x00000000c6e00000, 0x00000000c6f00000|  0%| F|  |TAMS 0x00000000c6e00000, 0x00000000c6e00000| Untracked 
|  85|0x00000000c6f00000, 0x00000000c6f00000, 0x00000000c7000000|  0%| F|  |TAMS 0x00000000c6f00000, 0x00000000c6f00000| Untracked 
|  86|0x00000000c7000000, 0x00000000c7000000, 0x00000000c7100000|  0%| F|  |TAMS 0x00000000c7000000, 0x00000000c7000000| Untracked 
|  87|0x00000000c7100000, 0x00000000c7100000, 0x00000000c7200000|  0%| F|  |TAMS 0x00000000c7100000, 0x00000000c7100000| Untracked 
|  88|0x00000000c7200000, 0x00000000c7200000, 0x00000000c7300000|  0%| F|  |TAMS 0x00000000c7200000, 0x00000000c7200000| Untracked 
|  89|0x00000000c7300000, 0x00000000c7300000, 0x00000000c7400000|  0%| F|  |TAMS 0x00000000c7300000, 0x00000000c7300000| Untracked 
|  90|0x00000000c7400000, 0x00000000c7400000, 0x00000000c7500000|  0%| F|  |TAMS 0x00000000c7400000, 0x00000000c7400000| Untracked 
|  91|0x00000000c7500000, 0x00000000c7500000, 0x00000000c7600000|  0%| F|  |TAMS 0x00000000c7500000, 0x00000000c7500000| Untracked 
|  92|0x00000000c7600000, 0x00000000c7600000, 0x00000000c7700000|  0%| F|  |TAMS 0x00000000c7600000, 0x00000000c7600000| Untracked 
|  93|0x00000000c7700000, 0x00000000c7700000, 0x00000000c7800000|  0%| F|  |TAMS 0x00000000c7700000, 0x00000000c7700000| Untracked 
|  94|0x00000000c7800000, 0x00000000c7800000, 0x00000000c7900000|  0%| F|  |TAMS 0x00000000c7800000, 0x00000000c7800000| Untracked 
|  95|0x00000000c7900000, 0x00000000c7900000, 0x00000000c7a00000|  0%| F|  |TAMS 0x00000000c7900000, 0x00000000c7900000| Untracked 
|  96|0x00000000c7a00000, 0x00000000c7a00000, 0x00000000c7b00000|  0%| F|  |TAMS 0x00000000c7a00000, 0x00000000c7a00000| Untracked 
|  97|0x00000000c7b00000, 0x00000000c7b00000, 0x00000000c7c00000|  0%| F|  |TAMS 0x00000000c7b00000, 0x00000000c7b00000| Untracked 
|  98|0x00000000c7c00000, 0x00000000c7c00000, 0x00000000c7d00000|  0%| F|  |TAMS 0x00000000c7c00000, 0x00000000c7c00000| Untracked 
|  99|0x00000000c7d00000, 0x00000000c7d00000, 0x00000000c7e00000|  0%| F|  |TAMS 0x00000000c7d00000, 0x00000000c7d00000| Untracked 
| 100|0x00000000c7e00000, 0x00000000c7e00000, 0x00000000c7f00000|  0%| F|  |TAMS 0x00000000c7e00000, 0x00000000c7e00000| Untracked 
| 101|0x00000000c7f00000, 0x00000000c7f00000, 0x00000000c8000000|  0%| F|  |TAMS 0x00000000c7f00000, 0x00000000c7f00000| Untracked 
| 102|0x00000000c8000000, 0x00000000c8000000, 0x00000000c8100000|  0%| F|  |TAMS 0x00000000c8000000, 0x00000000c8000000| Untracked 
| 103|0x00000000c8100000, 0x00000000c8100000, 0x00000000c8200000|  0%| F|  |TAMS 0x00000000c8100000, 0x00000000c8100000| Untracked 
| 104|0x00000000c8200000, 0x00000000c8200000, 0x00000000c8300000|  0%| F|  |TAMS 0x00000000c8200000, 0x00000000c8200000| Untracked 
| 105|0x00000000c8300000, 0x00000000c83ad780, 0x00000000c8400000| 67%| S|CS|TAMS 0x00000000c8300000, 0x00000000c8300000| Complete 
| 106|0x00000000c8400000, 0x00000000c8400000, 0x00000000c8500000|  0%| F|  |TAMS 0x00000000c8400000, 0x00000000c8400000| Untracked 
| 107|0x00000000c8500000, 0x00000000c8600000, 0x00000000c8600000|100%| S|CS|TAMS 0x00000000c8500000, 0x00000000c8500000| Complete 
| 108|0x00000000c8600000, 0x00000000c8600000, 0x00000000c8700000|  0%| F|  |TAMS 0x00000000c8600000, 0x00000000c8600000| Untracked 
| 109|0x00000000c8700000, 0x00000000c8700000, 0x00000000c8800000|  0%| F|  |TAMS 0x00000000c8700000, 0x00000000c8700000| Untracked 
| 110|0x00000000c8800000, 0x00000000c8800000, 0x00000000c8900000|  0%| F|  |TAMS 0x00000000c8800000, 0x00000000c8800000| Untracked 
| 111|0x00000000c8900000, 0x00000000c8900000, 0x00000000c8a00000|  0%| F|  |TAMS 0x00000000c8900000, 0x00000000c8900000| Untracked 
| 112|0x00000000c8a00000, 0x00000000c8a00000, 0x00000000c8b00000|  0%| F|  |TAMS 0x00000000c8a00000, 0x00000000c8a00000| Untracked 
| 113|0x00000000c8b00000, 0x00000000c8b00000, 0x00000000c8c00000|  0%| F|  |TAMS 0x00000000c8b00000, 0x00000000c8b00000| Untracked 
| 114|0x00000000c8c00000, 0x00000000c8c00000, 0x00000000c8d00000|  0%| F|  |TAMS 0x00000000c8c00000, 0x00000000c8c00000| Untracked 
| 115|0x00000000c8d00000, 0x00000000c8d00000, 0x00000000c8e00000|  0%| F|  |TAMS 0x00000000c8d00000, 0x00000000c8d00000| Untracked 
| 116|0x00000000c8e00000, 0x00000000c8e00000, 0x00000000c8f00000|  0%| F|  |TAMS 0x00000000c8e00000, 0x00000000c8e00000| Untracked 
| 117|0x00000000c8f00000, 0x00000000c8f00000, 0x00000000c9000000|  0%| F|  |TAMS 0x00000000c8f00000, 0x00000000c8f00000| Untracked 
| 118|0x00000000c9000000, 0x00000000c9000000, 0x00000000c9100000|  0%| F|  |TAMS 0x00000000c9000000, 0x00000000c9000000| Untracked 
| 119|0x00000000c9100000, 0x00000000c9100000, 0x00000000c9200000|  0%| F|  |TAMS 0x00000000c9100000, 0x00000000c9100000| Untracked 
| 120|0x00000000c9200000, 0x00000000c9200000, 0x00000000c9300000|  0%| F|  |TAMS 0x00000000c9200000, 0x00000000c9200000| Untracked 
| 121|0x00000000c9300000, 0x00000000c9300000, 0x00000000c9400000|  0%| F|  |TAMS 0x00000000c9300000, 0x00000000c9300000| Untracked 
| 122|0x00000000c9400000, 0x00000000c9400000, 0x00000000c9500000|  0%| F|  |TAMS 0x00000000c9400000, 0x00000000c9400000| Untracked 
| 123|0x00000000c9500000, 0x00000000c9500000, 0x00000000c9600000|  0%| F|  |TAMS 0x00000000c9500000, 0x00000000c9500000| Untracked 
| 124|0x00000000c9600000, 0x00000000c9600000, 0x00000000c9700000|  0%| F|  |TAMS 0x00000000c9600000, 0x00000000c9600000| Untracked 
| 125|0x00000000c9700000, 0x00000000c9700000, 0x00000000c9800000|  0%| F|  |TAMS 0x00000000c9700000, 0x00000000c9700000| Untracked 
| 126|0x00000000c9800000, 0x00000000c9800000, 0x00000000c9900000|  0%| F|  |TAMS 0x00000000c9800000, 0x00000000c9800000| Untracked 
| 127|0x00000000c9900000, 0x00000000c9900000, 0x00000000c9a00000|  0%| F|  |TAMS 0x00000000c9900000, 0x00000000c9900000| Untracked 
| 128|0x00000000c9a00000, 0x00000000c9a00000, 0x00000000c9b00000|  0%| F|  |TAMS 0x00000000c9a00000, 0x00000000c9a00000| Untracked 
| 129|0x00000000c9b00000, 0x00000000c9b00000, 0x00000000c9c00000|  0%| F|  |TAMS 0x00000000c9b00000, 0x00000000c9b00000| Untracked 
| 130|0x00000000c9c00000, 0x00000000c9c00000, 0x00000000c9d00000|  0%| F|  |TAMS 0x00000000c9c00000, 0x00000000c9c00000| Untracked 
| 131|0x00000000c9d00000, 0x00000000c9d00000, 0x00000000c9e00000|  0%| F|  |TAMS 0x00000000c9d00000, 0x00000000c9d00000| Untracked 
| 132|0x00000000c9e00000, 0x00000000c9e00000, 0x00000000c9f00000|  0%| F|  |TAMS 0x00000000c9e00000, 0x00000000c9e00000| Untracked 
| 133|0x00000000c9f00000, 0x00000000c9f00000, 0x00000000ca000000|  0%| F|  |TAMS 0x00000000c9f00000, 0x00000000c9f00000| Untracked 
| 134|0x00000000ca000000, 0x00000000ca000000, 0x00000000ca100000|  0%| F|  |TAMS 0x00000000ca000000, 0x00000000ca000000| Untracked 
| 135|0x00000000ca100000, 0x00000000ca100000, 0x00000000ca200000|  0%| F|  |TAMS 0x00000000ca100000, 0x00000000ca100000| Untracked 
| 136|0x00000000ca200000, 0x00000000ca200000, 0x00000000ca300000|  0%| F|  |TAMS 0x00000000ca200000, 0x00000000ca200000| Untracked 
| 137|0x00000000ca300000, 0x00000000ca300000, 0x00000000ca400000|  0%| F|  |TAMS 0x00000000ca300000, 0x00000000ca300000| Untracked 
| 138|0x00000000ca400000, 0x00000000ca400000, 0x00000000ca500000|  0%| F|  |TAMS 0x00000000ca400000, 0x00000000ca400000| Untracked 
| 139|0x00000000ca500000, 0x00000000ca500000, 0x00000000ca600000|  0%| F|  |TAMS 0x00000000ca500000, 0x00000000ca500000| Untracked 
| 140|0x00000000ca600000, 0x00000000ca600000, 0x00000000ca700000|  0%| F|  |TAMS 0x00000000ca600000, 0x00000000ca600000| Untracked 
| 141|0x00000000ca700000, 0x00000000ca700000, 0x00000000ca800000|  0%| F|  |TAMS 0x00000000ca700000, 0x00000000ca700000| Untracked 
| 142|0x00000000ca800000, 0x00000000ca800000, 0x00000000ca900000|  0%| F|  |TAMS 0x00000000ca800000, 0x00000000ca800000| Untracked 
| 143|0x00000000ca900000, 0x00000000ca900000, 0x00000000caa00000|  0%| F|  |TAMS 0x00000000ca900000, 0x00000000ca900000| Untracked 
| 144|0x00000000caa00000, 0x00000000caa00000, 0x00000000cab00000|  0%| F|  |TAMS 0x00000000caa00000, 0x00000000caa00000| Untracked 
| 145|0x00000000cab00000, 0x00000000cab00000, 0x00000000cac00000|  0%| F|  |TAMS 0x00000000cab00000, 0x00000000cab00000| Untracked 
| 146|0x00000000cac00000, 0x00000000cac00000, 0x00000000cad00000|  0%| F|  |TAMS 0x00000000cac00000, 0x00000000cac00000| Untracked 
| 147|0x00000000cad00000, 0x00000000cad00000, 0x00000000cae00000|  0%| F|  |TAMS 0x00000000cad00000, 0x00000000cad00000| Untracked 
| 148|0x00000000cae00000, 0x00000000cae00000, 0x00000000caf00000|  0%| F|  |TAMS 0x00000000cae00000, 0x00000000cae00000| Untracked 
| 149|0x00000000caf00000, 0x00000000caf00000, 0x00000000cb000000|  0%| F|  |TAMS 0x00000000caf00000, 0x00000000caf00000| Untracked 
| 150|0x00000000cb000000, 0x00000000cb000000, 0x00000000cb100000|  0%| F|  |TAMS 0x00000000cb000000, 0x00000000cb000000| Untracked 
| 151|0x00000000cb100000, 0x00000000cb100000, 0x00000000cb200000|  0%| F|  |TAMS 0x00000000cb100000, 0x00000000cb100000| Untracked 
| 152|0x00000000cb200000, 0x00000000cb200000, 0x00000000cb300000|  0%| F|  |TAMS 0x00000000cb200000, 0x00000000cb200000| Untracked 
| 153|0x00000000cb300000, 0x00000000cb300000, 0x00000000cb400000|  0%| F|  |TAMS 0x00000000cb300000, 0x00000000cb300000| Untracked 
| 154|0x00000000cb400000, 0x00000000cb400000, 0x00000000cb500000|  0%| F|  |TAMS 0x00000000cb400000, 0x00000000cb400000| Untracked 
| 155|0x00000000cb500000, 0x00000000cb500000, 0x00000000cb600000|  0%| F|  |TAMS 0x00000000cb500000, 0x00000000cb500000| Untracked 
| 156|0x00000000cb600000, 0x00000000cb600000, 0x00000000cb700000|  0%| F|  |TAMS 0x00000000cb600000, 0x00000000cb600000| Untracked 
| 157|0x00000000cb700000, 0x00000000cb700000, 0x00000000cb800000|  0%| F|  |TAMS 0x00000000cb700000, 0x00000000cb700000| Untracked 
| 158|0x00000000cb800000, 0x00000000cb800000, 0x00000000cb900000|  0%| F|  |TAMS 0x00000000cb800000, 0x00000000cb800000| Untracked 
| 159|0x00000000cb900000, 0x00000000cb900000, 0x00000000cba00000|  0%| F|  |TAMS 0x00000000cb900000, 0x00000000cb900000| Untracked 
| 160|0x00000000cba00000, 0x00000000cba00000, 0x00000000cbb00000|  0%| F|  |TAMS 0x00000000cba00000, 0x00000000cba00000| Untracked 
| 161|0x00000000cbb00000, 0x00000000cbb00000, 0x00000000cbc00000|  0%| F|  |TAMS 0x00000000cbb00000, 0x00000000cbb00000| Untracked 
| 162|0x00000000cbc00000, 0x00000000cbc00000, 0x00000000cbd00000|  0%| F|  |TAMS 0x00000000cbc00000, 0x00000000cbc00000| Untracked 
| 163|0x00000000cbd00000, 0x00000000cbd00000, 0x00000000cbe00000|  0%| F|  |TAMS 0x00000000cbd00000, 0x00000000cbd00000| Untracked 
| 164|0x00000000cbe00000, 0x00000000cbe00000, 0x00000000cbf00000|  0%| F|  |TAMS 0x00000000cbe00000, 0x00000000cbe00000| Untracked 
| 165|0x00000000cbf00000, 0x00000000cbf00000, 0x00000000cc000000|  0%| F|  |TAMS 0x00000000cbf00000, 0x00000000cbf00000| Untracked 
| 166|0x00000000cc000000, 0x00000000cc000000, 0x00000000cc100000|  0%| F|  |TAMS 0x00000000cc000000, 0x00000000cc000000| Untracked 
| 167|0x00000000cc100000, 0x00000000cc100000, 0x00000000cc200000|  0%| F|  |TAMS 0x00000000cc100000, 0x00000000cc100000| Untracked 
| 168|0x00000000cc200000, 0x00000000cc200000, 0x00000000cc300000|  0%| F|  |TAMS 0x00000000cc200000, 0x00000000cc200000| Untracked 
| 169|0x00000000cc300000, 0x00000000cc300000, 0x00000000cc400000|  0%| F|  |TAMS 0x00000000cc300000, 0x00000000cc300000| Untracked 
| 170|0x00000000cc400000, 0x00000000cc400000, 0x00000000cc500000|  0%| F|  |TAMS 0x00000000cc400000, 0x00000000cc400000| Untracked 
| 171|0x00000000cc500000, 0x00000000cc500000, 0x00000000cc600000|  0%| F|  |TAMS 0x00000000cc500000, 0x00000000cc500000| Untracked 
| 172|0x00000000cc600000, 0x00000000cc600000, 0x00000000cc700000|  0%| F|  |TAMS 0x00000000cc600000, 0x00000000cc600000| Untracked 
| 173|0x00000000cc700000, 0x00000000cc700000, 0x00000000cc800000|  0%| F|  |TAMS 0x00000000cc700000, 0x00000000cc700000| Untracked 
| 174|0x00000000cc800000, 0x00000000cc800000, 0x00000000cc900000|  0%| F|  |TAMS 0x00000000cc800000, 0x00000000cc800000| Untracked 
| 175|0x00000000cc900000, 0x00000000cc900000, 0x00000000cca00000|  0%| F|  |TAMS 0x00000000cc900000, 0x00000000cc900000| Untracked 
| 176|0x00000000cca00000, 0x00000000cca00000, 0x00000000ccb00000|  0%| F|  |TAMS 0x00000000cca00000, 0x00000000cca00000| Untracked 
| 177|0x00000000ccb00000, 0x00000000ccb00000, 0x00000000ccc00000|  0%| F|  |TAMS 0x00000000ccb00000, 0x00000000ccb00000| Untracked 
| 178|0x00000000ccc00000, 0x00000000ccc00000, 0x00000000ccd00000|  0%| F|  |TAMS 0x00000000ccc00000, 0x00000000ccc00000| Untracked 
| 179|0x00000000ccd00000, 0x00000000ccd00000, 0x00000000cce00000|  0%| F|  |TAMS 0x00000000ccd00000, 0x00000000ccd00000| Untracked 
| 180|0x00000000cce00000, 0x00000000cce00000, 0x00000000ccf00000|  0%| F|  |TAMS 0x00000000cce00000, 0x00000000cce00000| Untracked 
| 181|0x00000000ccf00000, 0x00000000ccf00000, 0x00000000cd000000|  0%| F|  |TAMS 0x00000000ccf00000, 0x00000000ccf00000| Untracked 
| 182|0x00000000cd000000, 0x00000000cd000000, 0x00000000cd100000|  0%| F|  |TAMS 0x00000000cd000000, 0x00000000cd000000| Untracked 
| 183|0x00000000cd100000, 0x00000000cd100000, 0x00000000cd200000|  0%| F|  |TAMS 0x00000000cd100000, 0x00000000cd100000| Untracked 
| 184|0x00000000cd200000, 0x00000000cd200000, 0x00000000cd300000|  0%| F|  |TAMS 0x00000000cd200000, 0x00000000cd200000| Untracked 
| 185|0x00000000cd300000, 0x00000000cd300000, 0x00000000cd400000|  0%| F|  |TAMS 0x00000000cd300000, 0x00000000cd300000| Untracked 
| 186|0x00000000cd400000, 0x00000000cd400000, 0x00000000cd500000|  0%| F|  |TAMS 0x00000000cd400000, 0x00000000cd400000| Untracked 
| 187|0x00000000cd500000, 0x00000000cd500000, 0x00000000cd600000|  0%| F|  |TAMS 0x00000000cd500000, 0x00000000cd500000| Untracked 
| 188|0x00000000cd600000, 0x00000000cd600000, 0x00000000cd700000|  0%| F|  |TAMS 0x00000000cd600000, 0x00000000cd600000| Untracked 
| 189|0x00000000cd700000, 0x00000000cd700000, 0x00000000cd800000|  0%| F|  |TAMS 0x00000000cd700000, 0x00000000cd700000| Untracked 
| 190|0x00000000cd800000, 0x00000000cd800000, 0x00000000cd900000|  0%| F|  |TAMS 0x00000000cd800000, 0x00000000cd800000| Untracked 
| 191|0x00000000cd900000, 0x00000000cd900000, 0x00000000cda00000|  0%| F|  |TAMS 0x00000000cd900000, 0x00000000cd900000| Untracked 
| 192|0x00000000cda00000, 0x00000000cda00000, 0x00000000cdb00000|  0%| F|  |TAMS 0x00000000cda00000, 0x00000000cda00000| Untracked 
| 193|0x00000000cdb00000, 0x00000000cdb00000, 0x00000000cdc00000|  0%| F|  |TAMS 0x00000000cdb00000, 0x00000000cdb00000| Untracked 
| 194|0x00000000cdc00000, 0x00000000cdc00000, 0x00000000cdd00000|  0%| F|  |TAMS 0x00000000cdc00000, 0x00000000cdc00000| Untracked 
| 195|0x00000000cdd00000, 0x00000000cdd00000, 0x00000000cde00000|  0%| F|  |TAMS 0x00000000cdd00000, 0x00000000cdd00000| Untracked 
| 196|0x00000000cde00000, 0x00000000cde00000, 0x00000000cdf00000|  0%| F|  |TAMS 0x00000000cde00000, 0x00000000cde00000| Untracked 
| 197|0x00000000cdf00000, 0x00000000cdf00000, 0x00000000ce000000|  0%| F|  |TAMS 0x00000000cdf00000, 0x00000000cdf00000| Untracked 
| 198|0x00000000ce000000, 0x00000000ce000000, 0x00000000ce100000|  0%| F|  |TAMS 0x00000000ce000000, 0x00000000ce000000| Untracked 
| 199|0x00000000ce100000, 0x00000000ce100000, 0x00000000ce200000|  0%| F|  |TAMS 0x00000000ce100000, 0x00000000ce100000| Untracked 
| 200|0x00000000ce200000, 0x00000000ce200000, 0x00000000ce300000|  0%| F|  |TAMS 0x00000000ce200000, 0x00000000ce200000| Untracked 
| 201|0x00000000ce300000, 0x00000000ce300000, 0x00000000ce400000|  0%| F|  |TAMS 0x00000000ce300000, 0x00000000ce300000| Untracked 
| 202|0x00000000ce400000, 0x00000000ce500000, 0x00000000ce500000|100%| E|  |TAMS 0x00000000ce400000, 0x00000000ce400000| Complete 
| 203|0x00000000ce500000, 0x00000000ce600000, 0x00000000ce600000|100%| E|CS|TAMS 0x00000000ce500000, 0x00000000ce500000| Complete 
| 204|0x00000000ce600000, 0x00000000ce700000, 0x00000000ce700000|100%| E|CS|TAMS 0x00000000ce600000, 0x00000000ce600000| Complete 
| 205|0x00000000ce700000, 0x00000000ce800000, 0x00000000ce800000|100%| E|CS|TAMS 0x00000000ce700000, 0x00000000ce700000| Complete 
| 206|0x00000000ce800000, 0x00000000ce900000, 0x00000000ce900000|100%| E|CS|TAMS 0x00000000ce800000, 0x00000000ce800000| Complete 
| 207|0x00000000ce900000, 0x00000000cea00000, 0x00000000cea00000|100%| E|CS|TAMS 0x00000000ce900000, 0x00000000ce900000| Complete 
| 208|0x00000000cea00000, 0x00000000ceb00000, 0x00000000ceb00000|100%| E|CS|TAMS 0x00000000cea00000, 0x00000000cea00000| Complete 
| 209|0x00000000ceb00000, 0x00000000cec00000, 0x00000000cec00000|100%| E|CS|TAMS 0x00000000ceb00000, 0x00000000ceb00000| Complete 
| 210|0x00000000cec00000, 0x00000000ced00000, 0x00000000ced00000|100%| E|CS|TAMS 0x00000000cec00000, 0x00000000cec00000| Complete 
| 211|0x00000000ced00000, 0x00000000cee00000, 0x00000000cee00000|100%| E|CS|TAMS 0x00000000ced00000, 0x00000000ced00000| Complete 
| 212|0x00000000cee00000, 0x00000000cef00000, 0x00000000cef00000|100%| E|CS|TAMS 0x00000000cee00000, 0x00000000cee00000| Complete 
| 213|0x00000000cef00000, 0x00000000cf000000, 0x00000000cf000000|100%| E|CS|TAMS 0x00000000cef00000, 0x00000000cef00000| Complete 
| 214|0x00000000cf000000, 0x00000000cf100000, 0x00000000cf100000|100%| E|CS|TAMS 0x00000000cf000000, 0x00000000cf000000| Complete 
| 215|0x00000000cf100000, 0x00000000cf200000, 0x00000000cf200000|100%| E|CS|TAMS 0x00000000cf100000, 0x00000000cf100000| Complete 
| 216|0x00000000cf200000, 0x00000000cf300000, 0x00000000cf300000|100%| E|CS|TAMS 0x00000000cf200000, 0x00000000cf200000| Complete 
| 217|0x00000000cf300000, 0x00000000cf400000, 0x00000000cf400000|100%| E|CS|TAMS 0x00000000cf300000, 0x00000000cf300000| Complete 
| 218|0x00000000cf400000, 0x00000000cf500000, 0x00000000cf500000|100%| E|CS|TAMS 0x00000000cf400000, 0x00000000cf400000| Complete 
| 219|0x00000000cf500000, 0x00000000cf600000, 0x00000000cf600000|100%| E|CS|TAMS 0x00000000cf500000, 0x00000000cf500000| Complete 
| 220|0x00000000cf600000, 0x00000000cf700000, 0x00000000cf700000|100%| E|CS|TAMS 0x00000000cf600000, 0x00000000cf600000| Complete 
| 221|0x00000000cf700000, 0x00000000cf800000, 0x00000000cf800000|100%| E|CS|TAMS 0x00000000cf700000, 0x00000000cf700000| Complete 
| 222|0x00000000cf800000, 0x00000000cf900000, 0x00000000cf900000|100%| E|CS|TAMS 0x00000000cf800000, 0x00000000cf800000| Complete 
| 223|0x00000000cf900000, 0x00000000cfa00000, 0x00000000cfa00000|100%| E|CS|TAMS 0x00000000cf900000, 0x00000000cf900000| Complete 
| 224|0x00000000cfa00000, 0x00000000cfb00000, 0x00000000cfb00000|100%| E|CS|TAMS 0x00000000cfa00000, 0x00000000cfa00000| Complete 
| 225|0x00000000cfb00000, 0x00000000cfc00000, 0x00000000cfc00000|100%| E|CS|TAMS 0x00000000cfb00000, 0x00000000cfb00000| Complete 
| 226|0x00000000cfc00000, 0x00000000cfd00000, 0x00000000cfd00000|100%| E|CS|TAMS 0x00000000cfc00000, 0x00000000cfc00000| Complete 
| 227|0x00000000cfd00000, 0x00000000cfe00000, 0x00000000cfe00000|100%| E|CS|TAMS 0x00000000cfd00000, 0x00000000cfd00000| Complete 
| 228|0x00000000cfe00000, 0x00000000cff00000, 0x00000000cff00000|100%| E|CS|TAMS 0x00000000cfe00000, 0x00000000cfe00000| Complete 
| 229|0x00000000cff00000, 0x00000000d0000000, 0x00000000d0000000|100%| E|CS|TAMS 0x00000000cff00000, 0x00000000cff00000| Complete 
| 230|0x00000000d0000000, 0x00000000d0100000, 0x00000000d0100000|100%| E|CS|TAMS 0x00000000d0000000, 0x00000000d0000000| Complete 
| 231|0x00000000d0100000, 0x00000000d0200000, 0x00000000d0200000|100%| E|CS|TAMS 0x00000000d0100000, 0x00000000d0100000| Complete 
| 232|0x00000000d0200000, 0x00000000d0300000, 0x00000000d0300000|100%| E|CS|TAMS 0x00000000d0200000, 0x00000000d0200000| Complete 
| 233|0x00000000d0300000, 0x00000000d0400000, 0x00000000d0400000|100%| E|CS|TAMS 0x00000000d0300000, 0x00000000d0300000| Complete 
| 234|0x00000000d0400000, 0x00000000d0500000, 0x00000000d0500000|100%| E|CS|TAMS 0x00000000d0400000, 0x00000000d0400000| Complete 
| 235|0x00000000d0500000, 0x00000000d0600000, 0x00000000d0600000|100%| E|CS|TAMS 0x00000000d0500000, 0x00000000d0500000| Complete 
| 236|0x00000000d0600000, 0x00000000d0700000, 0x00000000d0700000|100%| E|CS|TAMS 0x00000000d0600000, 0x00000000d0600000| Complete 
| 237|0x00000000d0700000, 0x00000000d0800000, 0x00000000d0800000|100%| E|CS|TAMS 0x00000000d0700000, 0x00000000d0700000| Complete 
| 238|0x00000000d0800000, 0x00000000d0900000, 0x00000000d0900000|100%| E|CS|TAMS 0x00000000d0800000, 0x00000000d0800000| Complete 
| 239|0x00000000d0900000, 0x00000000d0a00000, 0x00000000d0a00000|100%| E|CS|TAMS 0x00000000d0900000, 0x00000000d0900000| Complete 
| 240|0x00000000d0a00000, 0x00000000d0b00000, 0x00000000d0b00000|100%| E|CS|TAMS 0x00000000d0a00000, 0x00000000d0a00000| Complete 
| 241|0x00000000d0b00000, 0x00000000d0c00000, 0x00000000d0c00000|100%| E|CS|TAMS 0x00000000d0b00000, 0x00000000d0b00000| Complete 
| 242|0x00000000d0c00000, 0x00000000d0d00000, 0x00000000d0d00000|100%| E|CS|TAMS 0x00000000d0c00000, 0x00000000d0c00000| Complete 
| 243|0x00000000d0d00000, 0x00000000d0e00000, 0x00000000d0e00000|100%| E|CS|TAMS 0x00000000d0d00000, 0x00000000d0d00000| Complete 
| 244|0x00000000d0e00000, 0x00000000d0f00000, 0x00000000d0f00000|100%| E|CS|TAMS 0x00000000d0e00000, 0x00000000d0e00000| Complete 
| 245|0x00000000d0f00000, 0x00000000d1000000, 0x00000000d1000000|100%| E|CS|TAMS 0x00000000d0f00000, 0x00000000d0f00000| Complete 
| 246|0x00000000d1000000, 0x00000000d1100000, 0x00000000d1100000|100%| E|CS|TAMS 0x00000000d1000000, 0x00000000d1000000| Complete 
| 247|0x00000000d1100000, 0x00000000d1200000, 0x00000000d1200000|100%| E|CS|TAMS 0x00000000d1100000, 0x00000000d1100000| Complete 
| 248|0x00000000d1200000, 0x00000000d1300000, 0x00000000d1300000|100%| E|CS|TAMS 0x00000000d1200000, 0x00000000d1200000| Complete 
| 249|0x00000000d1300000, 0x00000000d1400000, 0x00000000d1400000|100%| E|CS|TAMS 0x00000000d1300000, 0x00000000d1300000| Complete 
| 250|0x00000000d1400000, 0x00000000d1500000, 0x00000000d1500000|100%| E|CS|TAMS 0x00000000d1400000, 0x00000000d1400000| Complete 
| 251|0x00000000d1500000, 0x00000000d1600000, 0x00000000d1600000|100%| E|CS|TAMS 0x00000000d1500000, 0x00000000d1500000| Complete 
| 252|0x00000000d1600000, 0x00000000d1700000, 0x00000000d1700000|100%| E|CS|TAMS 0x00000000d1600000, 0x00000000d1600000| Complete 
| 253|0x00000000d1700000, 0x00000000d1800000, 0x00000000d1800000|100%| E|CS|TAMS 0x00000000d1700000, 0x00000000d1700000| Complete 
| 254|0x00000000d1800000, 0x00000000d1900000, 0x00000000d1900000|100%| E|CS|TAMS 0x00000000d1800000, 0x00000000d1800000| Complete 
| 255|0x00000000d1900000, 0x00000000d1a00000, 0x00000000d1a00000|100%| E|CS|TAMS 0x00000000d1900000, 0x00000000d1900000| Complete 
| 256|0x00000000d1a00000, 0x00000000d1b00000, 0x00000000d1b00000|100%| E|CS|TAMS 0x00000000d1a00000, 0x00000000d1a00000| Complete 
| 257|0x00000000d1b00000, 0x00000000d1c00000, 0x00000000d1c00000|100%| E|CS|TAMS 0x00000000d1b00000, 0x00000000d1b00000| Complete 
| 258|0x00000000d1c00000, 0x00000000d1d00000, 0x00000000d1d00000|100%| E|CS|TAMS 0x00000000d1c00000, 0x00000000d1c00000| Complete 
| 259|0x00000000d1d00000, 0x00000000d1e00000, 0x00000000d1e00000|100%| E|CS|TAMS 0x00000000d1d00000, 0x00000000d1d00000| Complete 
| 260|0x00000000d1e00000, 0x00000000d1f00000, 0x00000000d1f00000|100%| E|CS|TAMS 0x00000000d1e00000, 0x00000000d1e00000| Complete 
| 261|0x00000000d1f00000, 0x00000000d2000000, 0x00000000d2000000|100%| E|CS|TAMS 0x00000000d1f00000, 0x00000000d1f00000| Complete 
| 262|0x00000000d2000000, 0x00000000d2100000, 0x00000000d2100000|100%| E|CS|TAMS 0x00000000d2000000, 0x00000000d2000000| Complete 
| 263|0x00000000d2100000, 0x00000000d2200000, 0x00000000d2200000|100%| E|CS|TAMS 0x00000000d2100000, 0x00000000d2100000| Complete 
| 264|0x00000000d2200000, 0x00000000d2300000, 0x00000000d2300000|100%| E|CS|TAMS 0x00000000d2200000, 0x00000000d2200000| Complete 

Card table byte_map: [0x000002291fcb0000,0x000002291feb0000] _byte_map_base: 0x000002291f6a3000

Marking Bits (Prev, Next): (CMBitMap*) 0x0000022908b9e990, (CMBitMap*) 0x0000022908b9e9d0
 Prev Bits: [0x00000229200b0000, 0x0000022921048000)
 Next Bits: [0x0000022921050000, 0x0000022921fe8000)

Polling page: 0x0000022906b10000

Metaspace:

Usage:
  Non-class:     60.37 MB used.
      Class:      8.20 MB used.
       Both:     68.57 MB used.

Virtual space:
  Non-class space:       64.00 MB reserved,      60.69 MB ( 95%) committed,  1 nodes.
      Class space:        1.00 GB reserved,       8.44 MB ( <1%) committed,  1 nodes.
             Both:        1.06 GB reserved,      69.12 MB (  6%) committed. 

Chunk freelists:
   Non-Class:  2.39 MB
       Class:  3.52 MB
        Both:  5.90 MB

MaxMetaspaceSize: unlimited
CompressedClassSpaceSize: 1.00 GB
Initial GC threshold: 21.00 MB
Current GC threshold: 106.69 MB
CDS: on
MetaspaceReclaimPolicy: balanced
 - commit_granule_bytes: 65536.
 - commit_granule_words: 8192.
 - virtual_space_node_default_size: 8388608.
 - enlarge_chunks_in_place: 1.
 - new_chunks_are_fully_committed: 0.
 - uncommit_free_chunks: 1.
 - use_allocation_guard: 0.


Internal statistics:

num_allocs_failed_limit: 9.
num_arena_births: 884.
num_arena_deaths: 12.
num_vsnodes_births: 2.
num_vsnodes_deaths: 0.
num_space_committed: 1106.
num_space_uncommitted: 0.
num_chunks_returned_to_freelist: 27.
num_chunks_taken_from_freelist: 3565.
num_chunk_merges: 6.
num_chunk_splits: 2512.
num_chunks_enlarged: 1980.
num_inconsistent_stats: 0.

CodeHeap 'non-profiled nmethods': size=120000Kb used=12289Kb max_used=12295Kb free=107710Kb
 bounds [0x0000022918580000, 0x0000022919190000, 0x000002291fab0000]
CodeHeap 'profiled nmethods': size=120000Kb used=20154Kb max_used=25487Kb free=99845Kb
 bounds [0x0000022910ab0000, 0x00000229123d0000, 0x0000022917fe0000]
CodeHeap 'non-nmethods': size=5760Kb used=1425Kb max_used=1482Kb free=4334Kb
 bounds [0x0000022917fe0000, 0x0000022918250000, 0x0000022918580000]
 total_blobs=12160 nmethods=11490 adapters=577
 compilation: enabled
              stopped_count=0, restarted_count=0
 full_count=0

Compilation events (20 events):
Event: 2065.878 Thread 0x0000022924476890 nmethod 14840 0x0000022910caac90 code [0x0000022910caae60, 0x0000022910cab228]
Event: 2065.878 Thread 0x0000022924476890 14841  s    3       java.io.FileDescriptor::set (30 bytes)
Event: 2065.879 Thread 0x0000022924476890 nmethod 14841 0x0000022911b8c090 code [0x0000022911b8c240, 0x0000022911b8c588]
Event: 2065.951 Thread 0x0000022924467ed0 14843       4       com.fasterxml.jackson.core.sym.ByteQuadsCanonicalizer::findName (137 bytes)
Event: 2065.954 Thread 0x0000022924467ed0 nmethod 14843 0x0000022918d9a890 code [0x0000022918d9aa20, 0x0000022918d9ac18]
Event: 2066.017 Thread 0x0000022924467ed0 14845       4       org.apache.catalina.authenticator.AuthenticatorBase::invoke (810 bytes)
Event: 2066.101 Thread 0x0000022924467ed0 nmethod 14845 0x0000022918bf2490 code [0x0000022918bf2820, 0x0000022918bf3d78]
Event: 2066.101 Thread 0x0000022924467ed0 14846   !   4       org.apache.catalina.core.StandardContextValve::invoke (175 bytes)
Event: 2066.164 Thread 0x0000022924467ed0 nmethod 14846 0x0000022918befe90 code [0x0000022918bf01a0, 0x0000022918bf1300]
Event: 2066.165 Thread 0x0000022924467ed0 14847       4       org.apache.catalina.realm.RealmBase::findSecurityConstraints (1354 bytes)
Event: 2066.168 Thread 0x0000022924467ed0 nmethod 14847 0x0000022918bef990 code [0x0000022918befb20, 0x0000022918befc58]
Event: 2066.168 Thread 0x0000022924467ed0 14848       4       org.springframework.web.filter.RequestContextFilter::initContextHolders (62 bytes)
Event: 2066.189 Thread 0x0000022924467ed0 nmethod 14848 0x0000022918bee590 code [0x0000022918bee7e0, 0x0000022918beef70]
Event: 2066.189 Thread 0x0000022924467ed0 14849       4       org.springframework.web.filter.CorsFilter::doFilterInternal (49 bytes)
Event: 2066.384 Thread 0x0000022924467ed0 nmethod 14849 0x0000022918738810 code [0x0000022918738cc0, 0x000002291873b900]
Event: 2066.384 Thread 0x0000022924467ed0 14852   !   4       org.springframework.web.servlet.handler.HandlerMappingIntrospector::doWithHandlerMapping (187 bytes)
Event: 2066.501 Thread 0x0000022924467ed0 nmethod 14852 0x0000022918735090 code [0x0000022918735440, 0x0000022918737038]
Event: 2066.501 Thread 0x0000022924467ed0 14850   !   4       org.springframework.web.filter.DelegatingFilterProxy::doFilter (89 bytes)
Event: 2066.591 Thread 0x0000022924476890 14854       3       java.lang.invoke.VarHandleBooleans$FieldInstanceReadWrite::compareAndSet (32 bytes)
Event: 2066.592 Thread 0x0000022924476890 nmethod 14854 0x0000022910bb0710 code [0x0000022910bb0940, 0x0000022910bb1158]

GC Heap History (20 events):
Event: 380.414 GC heap before
{Heap before GC invocations=30 (full 0):
 garbage-first heap   total 271360K, used 191122K [0x00000000c1a00000, 0x0000000100000000)
  region size 1024K, 143 young (146432K), 1 survivors (1024K)
 Metaspace       used 69542K, committed 70080K, reserved 1114112K
  class space    used 8371K, committed 8640K, reserved 1048576K
}
Event: 380.419 GC heap after
{Heap after GC invocations=31 (full 0):
 garbage-first heap   total 271360K, used 46935K [0x00000000c1a00000, 0x0000000100000000)
  region size 1024K, 1 young (1024K), 1 survivors (1024K)
 Metaspace       used 69542K, committed 70080K, reserved 1114112K
  class space    used 8371K, committed 8640K, reserved 1048576K
}
Event: 573.400 GC heap before
{Heap before GC invocations=31 (full 0):
 garbage-first heap   total 271360K, used 208727K [0x00000000c1a00000, 0x0000000100000000)
  region size 1024K, 159 young (162816K), 1 survivors (1024K)
 Metaspace       used 69776K, committed 70336K, reserved 1114112K
  class space    used 8372K, committed 8640K, reserved 1048576K
}
Event: 573.412 GC heap after
{Heap after GC invocations=32 (full 0):
 garbage-first heap   total 271360K, used 47058K [0x00000000c1a00000, 0x0000000100000000)
  region size 1024K, 1 young (1024K), 1 survivors (1024K)
 Metaspace       used 69776K, committed 70336K, reserved 1114112K
  class space    used 8372K, committed 8640K, reserved 1048576K
}
Event: 972.033 GC heap before
{Heap before GC invocations=32 (full 0):
 garbage-first heap   total 271360K, used 208850K [0x00000000c1a00000, 0x0000000100000000)
  region size 1024K, 159 young (162816K), 1 survivors (1024K)
 Metaspace       used 69806K, committed 70400K, reserved 1114112K
  class space    used 8374K, committed 8640K, reserved 1048576K
}
Event: 972.147 GC heap after
{Heap after GC invocations=33 (full 0):
 garbage-first heap   total 271360K, used 47162K [0x00000000c1a00000, 0x0000000100000000)
  region size 1024K, 1 young (1024K), 1 survivors (1024K)
 Metaspace       used 69806K, committed 70400K, reserved 1114112K
  class space    used 8374K, committed 8640K, reserved 1048576K
}
Event: 1097.266 GC heap before
{Heap before GC invocations=33 (full 0):
 garbage-first heap   total 271360K, used 208954K [0x00000000c1a00000, 0x0000000100000000)
  region size 1024K, 159 young (162816K), 1 survivors (1024K)
 Metaspace       used 69838K, committed 70400K, reserved 1114112K
  class space    used 8377K, committed 8640K, reserved 1048576K
}
Event: 1097.350 GC heap after
{Heap after GC invocations=34 (full 0):
 garbage-first heap   total 271360K, used 47168K [0x00000000c1a00000, 0x0000000100000000)
  region size 1024K, 1 young (1024K), 1 survivors (1024K)
 Metaspace       used 69838K, committed 70400K, reserved 1114112K
  class space    used 8377K, committed 8640K, reserved 1048576K
}
Event: 1253.479 GC heap before
{Heap before GC invocations=34 (full 0):
 garbage-first heap   total 271360K, used 208960K [0x00000000c1a00000, 0x0000000100000000)
  region size 1024K, 159 young (162816K), 1 survivors (1024K)
 Metaspace       used 69842K, committed 70400K, reserved 1114112K
  class space    used 8378K, committed 8640K, reserved 1048576K
}
Event: 1253.498 GC heap after
{Heap after GC invocations=35 (full 0):
 garbage-first heap   total 271360K, used 47225K [0x00000000c1a00000, 0x0000000100000000)
  region size 1024K, 1 young (1024K), 1 survivors (1024K)
 Metaspace       used 69842K, committed 70400K, reserved 1114112K
  class space    used 8378K, committed 8640K, reserved 1048576K
}
Event: 1580.391 GC heap before
{Heap before GC invocations=35 (full 0):
 garbage-first heap   total 271360K, used 209017K [0x00000000c1a00000, 0x0000000100000000)
  region size 1024K, 159 young (162816K), 1 survivors (1024K)
 Metaspace       used 69852K, committed 70400K, reserved 1114112K
  class space    used 8380K, committed 8640K, reserved 1048576K
}
Event: 1580.446 GC heap after
{Heap after GC invocations=36 (full 0):
 garbage-first heap   total 271360K, used 47212K [0x00000000c1a00000, 0x0000000100000000)
  region size 1024K, 1 young (1024K), 1 survivors (1024K)
 Metaspace       used 69852K, committed 70400K, reserved 1114112K
  class space    used 8380K, committed 8640K, reserved 1048576K
}
Event: 2047.127 GC heap before
{Heap before GC invocations=36 (full 0):
 garbage-first heap   total 271360K, used 209004K [0x00000000c1a00000, 0x0000000100000000)
  region size 1024K, 159 young (162816K), 1 survivors (1024K)
 Metaspace       used 70164K, committed 70720K, reserved 1114112K
  class space    used 8395K, committed 8640K, reserved 1048576K
}
Event: 2047.180 GC heap after
{Heap after GC invocations=37 (full 0):
 garbage-first heap   total 271360K, used 48065K [0x00000000c1a00000, 0x0000000100000000)
  region size 1024K, 2 young (2048K), 2 survivors (2048K)
 Metaspace       used 70164K, committed 70720K, reserved 1114112K
  class space    used 8395K, committed 8640K, reserved 1048576K
}
Event: 2052.280 GC heap before
{Heap before GC invocations=37 (full 0):
 garbage-first heap   total 271360K, used 208833K [0x00000000c1a00000, 0x0000000100000000)
  region size 1024K, 159 young (162816K), 2 survivors (2048K)
 Metaspace       used 70207K, committed 70720K, reserved 1114112K
  class space    used 8395K, committed 8640K, reserved 1048576K
}
Event: 2052.290 GC heap after
{Heap after GC invocations=38 (full 0):
 garbage-first heap   total 271360K, used 48163K [0x00000000c1a00000, 0x0000000100000000)
  region size 1024K, 2 young (2048K), 2 survivors (2048K)
 Metaspace       used 70207K, committed 70720K, reserved 1114112K
  class space    used 8395K, committed 8640K, reserved 1048576K
}
Event: 2057.916 GC heap before
{Heap before GC invocations=38 (full 0):
 garbage-first heap   total 271360K, used 208931K [0x00000000c1a00000, 0x0000000100000000)
  region size 1024K, 159 young (162816K), 2 survivors (2048K)
 Metaspace       used 70207K, committed 70720K, reserved 1114112K
  class space    used 8395K, committed 8640K, reserved 1048576K
}
Event: 2057.922 GC heap after
{Heap after GC invocations=39 (full 0):
 garbage-first heap   total 271360K, used 48179K [0x00000000c1a00000, 0x0000000100000000)
  region size 1024K, 2 young (2048K), 2 survivors (2048K)
 Metaspace       used 70207K, committed 70720K, reserved 1114112K
  class space    used 8395K, committed 8640K, reserved 1048576K
}
Event: 2064.790 GC heap before
{Heap before GC invocations=39 (full 0):
 garbage-first heap   total 271360K, used 208947K [0x00000000c1a00000, 0x0000000100000000)
  region size 1024K, 159 young (162816K), 2 survivors (2048K)
 Metaspace       used 70208K, committed 70720K, reserved 1114112K
  class space    used 8395K, committed 8640K, reserved 1048576K
}
Event: 2064.795 GC heap after
{Heap after GC invocations=40 (full 0):
 garbage-first heap   total 271360K, used 48294K [0x00000000c1a00000, 0x0000000100000000)
  region size 1024K, 2 young (2048K), 2 survivors (2048K)
 Metaspace       used 70208K, committed 70720K, reserved 1114112K
  class space    used 8395K, committed 8640K, reserved 1048576K
}

Dll operation events (14 events):
Event: 0.064 Loaded shared library C:\Users\zoand\.jdks\openjdk-19.0.2\bin\java.dll
Event: 0.078 Loaded shared library C:\Users\zoand\.jdks\openjdk-19.0.2\bin\jsvml.dll
Event: 0.313 Loaded shared library C:\Users\zoand\.jdks\openjdk-19.0.2\bin\zip.dll
Event: 0.319 Loaded shared library C:\Users\zoand\.jdks\openjdk-19.0.2\bin\instrument.dll
Event: 0.331 Loaded shared library C:\Users\zoand\.jdks\openjdk-19.0.2\bin\net.dll
Event: 0.334 Loaded shared library C:\Users\zoand\.jdks\openjdk-19.0.2\bin\nio.dll
Event: 0.340 Loaded shared library C:\Users\zoand\.jdks\openjdk-19.0.2\bin\zip.dll
Event: 0.671 Loaded shared library C:\Program Files\JetBrains\IntelliJ IDEA Community Edition 2022.3.2\bin\breakgen64.dll
Event: 0.706 Loaded shared library C:\Users\zoand\.jdks\openjdk-19.0.2\bin\extnet.dll
Event: 0.766 Loaded shared library C:\Users\zoand\.jdks\openjdk-19.0.2\bin\verify.dll
Event: 0.778 Loaded shared library C:\Users\zoand\.jdks\openjdk-19.0.2\bin\jimage.dll
Event: 1.494 Loaded shared library C:\Users\zoand\.jdks\openjdk-19.0.2\bin\management.dll
Event: 1.503 Loaded shared library C:\Users\zoand\.jdks\openjdk-19.0.2\bin\management_ext.dll
Event: 14.754 Loaded shared library C:\Users\zoand\.jdks\openjdk-19.0.2\bin\sunmscapi.dll

Deoptimization events (20 events):
Event: 2044.380 Thread 0x000002292af8c750 Uncommon trap: trap_request=0xffffff45 fr.pc=0x0000022919052970 relative=0x00000000000003b0
Event: 2044.380 Thread 0x000002292af8c750 Uncommon trap: reason=unstable_if action=reinterpret pc=0x0000022919052970 method=java.util.concurrent.ConcurrentLinkedDeque.last()Ljava/util/concurrent/ConcurrentLinkedDeque$Node; @ 24 c2
Event: 2044.380 Thread 0x000002292af8c750 DEOPT PACKING pc=0x0000022919052970 sp=0x000000ad77ffb3c0
Event: 2044.380 Thread 0x000002292af8c750 DEOPT UNPACKING pc=0x0000022918046da3 sp=0x000000ad77ffb308 mode 2
Event: 2044.923 Thread 0x000002292af8acc0 DEOPT PACKING pc=0x0000022911cf2950 sp=0x000000ad77cfea00
Event: 2044.923 Thread 0x000002292af8acc0 DEOPT UNPACKING pc=0x0000022918047543 sp=0x000000ad77cfde78 mode 0
Event: 2045.672 Thread 0x000002292af8b210 DEOPT PACKING pc=0x0000022911e48bd0 sp=0x000000ad77efe610
Event: 2045.672 Thread 0x000002292af8b210 DEOPT UNPACKING pc=0x0000022918047543 sp=0x000000ad77efda90 mode 0
Event: 2046.372 Thread 0x000002292af8acc0 Uncommon trap: trap_request=0xffffff45 fr.pc=0x0000022918f152d8 relative=0x0000000000000b98
Event: 2046.372 Thread 0x000002292af8acc0 Uncommon trap: reason=unstable_if action=reinterpret pc=0x0000022918f152d8 method=com.zaxxer.hikari.util.ConcurrentBag.requite(Lcom/zaxxer/hikari/util/ConcurrentBag$IConcurrentBagEntry;)V @ 16 c2
Event: 2046.373 Thread 0x000002292af8acc0 DEOPT PACKING pc=0x0000022918f152d8 sp=0x000000ad77cfc6e0
Event: 2046.373 Thread 0x000002292af8acc0 DEOPT UNPACKING pc=0x0000022918046da3 sp=0x000000ad77cfc420 mode 2
Event: 2052.259 Thread 0x000002292af8dc90 Uncommon trap: trap_request=0xffffff45 fr.pc=0x0000022918f181fc relative=0x0000000000000e7c
Event: 2052.259 Thread 0x000002292af8dc90 Uncommon trap: reason=unstable_if action=reinterpret pc=0x0000022918f181fc method=java.util.concurrent.locks.AbstractQueuedSynchronizer.acquire(Ljava/util/concurrent/locks/AbstractQueuedSynchronizer$Node;IZZZJ)I @ 271 c2
Event: 2052.260 Thread 0x000002292af8dc90 DEOPT PACKING pc=0x0000022918f181fc sp=0x000000ad77bfefd0
Event: 2052.260 Thread 0x000002292af8dc90 DEOPT UNPACKING pc=0x0000022918046da3 sp=0x000000ad77bfefb0 mode 2
Event: 2052.330 Thread 0x000002292af8dc90 Uncommon trap: trap_request=0xffffff45 fr.pc=0x0000022919059e8c relative=0x0000000000000e0c
Event: 2052.330 Thread 0x000002292af8dc90 Uncommon trap: reason=unstable_if action=reinterpret pc=0x0000022919059e8c method=java.util.concurrent.ConcurrentLinkedDeque.unlinkLast(Ljava/util/concurrent/ConcurrentLinkedDeque$Node;Ljava/util/concurrent/ConcurrentLinkedDeque$Node;)V @ 61 c2
Event: 2052.330 Thread 0x000002292af8dc90 DEOPT PACKING pc=0x0000022919059e8c sp=0x000000ad77bfcff0
Event: 2052.330 Thread 0x000002292af8dc90 DEOPT UNPACKING pc=0x0000022918046da3 sp=0x000000ad77bfcf00 mode 2

Classes loaded (20 events):
Event: 1776.933 Loading class javax/net/ssl/SSLSocket
Event: 1776.942 Loading class javax/net/ssl/SSLSocket done
Event: 1776.942 Loading class java/security/spec/InvalidKeySpecException
Event: 1776.944 Loading class java/security/spec/InvalidKeySpecException done
Event: 1776.945 Loading class javax/crypto/NoSuchPaddingException
Event: 1776.947 Loading class javax/crypto/NoSuchPaddingException done
Event: 1776.947 Loading class javax/crypto/IllegalBlockSizeException
Event: 1776.949 Loading class javax/crypto/IllegalBlockSizeException done
Event: 1776.949 Loading class javax/crypto/BadPaddingException
Event: 1776.950 Loading class javax/crypto/BadPaddingException done
Event: 1776.953 Loading class java/security/UnrecoverableKeyException
Event: 1776.953 Loading class java/security/UnrecoverableEntryException
Event: 1776.955 Loading class java/security/UnrecoverableEntryException done
Event: 1776.955 Loading class java/security/UnrecoverableKeyException done
Event: 1776.955 Loading class java/security/KeyStoreException
Event: 1776.956 Loading class java/security/KeyStoreException done
Event: 1776.956 Loading class java/security/KeyManagementException
Event: 1776.957 Loading class java/security/KeyManagementException done
Event: 1776.957 Loading class javax/net/ssl/TrustManager
Event: 1776.959 Loading class javax/net/ssl/TrustManager done

Classes unloaded (6 events):
Event: 63.762 Thread 0x0000022924440610 Unloading class 0x0000000801734000 'jdk/internal/reflect/GeneratedSerializationConstructorAccessor6'
Event: 63.762 Thread 0x0000022924440610 Unloading class 0x0000000801709000 'jdk/internal/reflect/GeneratedSerializationConstructorAccessor5'
Event: 63.762 Thread 0x0000022924440610 Unloading class 0x0000000801708c00 'jdk/internal/reflect/GeneratedSerializationConstructorAccessor4'
Event: 63.762 Thread 0x0000022924440610 Unloading class 0x0000000801701000 'jdk/internal/reflect/GeneratedSerializationConstructorAccessor3'
Event: 63.762 Thread 0x0000022924440610 Unloading class 0x0000000801700000 'jdk/internal/reflect/GeneratedSerializationConstructorAccessor2'
Event: 63.762 Thread 0x0000022924440610 Unloading class 0x00000008016d0c00 'jdk/internal/reflect/GeneratedSerializationConstructorAccessor1'

Classes redefined (0 events):
No events

Internal exceptions (20 events):
Event: 67.458 Thread 0x000002292af90c60 Exception <a 'java/lang/NoSuchMethodError'{0x00000000c7b1ba98}: 'java.lang.Object java.lang.invoke.DirectMethodHandle$Holder.invokeInterface(java.lang.Object, java.lang.Object, java.lang.Object, java.lang.Object, java.lang.Object)'> (0x00000000c7b1ba98) 
thrown [s\open\src\hotspot\share\interpreter\linkResolver.cpp, line 774]
Event: 86.029 Thread 0x000002292af8acc0 Exception <a 'java/lang/ClassNotFoundException'{0x00000000cf69dbc8}: java/lang/ObjectCustomizer> (0x00000000cf69dbc8) 
thrown [s\open\src\hotspot\share\classfile\systemDictionary.cpp, line 255]
Event: 86.032 Thread 0x000002292af8acc0 Exception <a 'java/lang/ClassNotFoundException'{0x00000000cf6acf28}: com/fichier/fichier/entity/ChatgCustomizer> (0x00000000cf6acf28) 
thrown [s\open\src\hotspot\share\classfile\systemDictionary.cpp, line 255]
Event: 483.713 Thread 0x000002292af8c750 Exception <a 'java/io/IOException'{0x00000000cf736620}> (0x00000000cf736620) 
thrown [s\open\src\hotspot\share\prims\jni.cpp, line 517]
Event: 499.480 Thread 0x000002292af8e1e0 Exception <a 'java/lang/ClassNotFoundException'{0x00000000cce01838}: java/lang/ObjectCustomizer> (0x00000000cce01838) 
thrown [s\open\src\hotspot\share\classfile\systemDictionary.cpp, line 255]
Event: 499.502 Thread 0x000002292af8e1e0 Exception <a 'java/lang/ClassNotFoundException'{0x00000000cce0e9c8}: com/fichier/fichier/entity/ChatCustomizer> (0x00000000cce0e9c8) 
thrown [s\open\src\hotspot\share\classfile\systemDictionary.cpp, line 255]
Event: 843.409 Thread 0x000002292af8b760 Implicit null exception at 0x0000022918dd06f6 to 0x0000022918dd0be8
Event: 843.413 Thread 0x000002292af8b760 Implicit null exception at 0x0000022918dd06f6 to 0x0000022918dd0be8
Event: 844.409 Thread 0x000002292af8acc0 Implicit null exception at 0x0000022918dd06f6 to 0x0000022918dd0be8
Event: 844.409 Thread 0x000002292af8acc0 Implicit null exception at 0x0000022918dd06f6 to 0x0000022918dd0be8
Event: 1091.963 Thread 0x000002292af90c60 Exception <a 'java/io/IOException'{0x00000000c91041b0}> (0x00000000c91041b0) 
thrown [s\open\src\hotspot\share\prims\jni.cpp, line 517]
Event: 1776.823 Thread 0x0000022929ab9b00 Implicit null exception at 0x0000022918b81aa3 to 0x0000022918b82314
Event: 1776.835 Thread 0x0000022929ab9b00 Implicit null exception at 0x0000022918cd5450 to 0x0000022918cd5480
Event: 1776.906 Thread 0x0000022929ab9b00 Implicit null exception at 0x0000022918840ab9 to 0x0000022918841708
Event: 1776.912 Thread 0x0000022929ab9b00 Implicit null exception at 0x00000229189d14a3 to 0x00000229189d1878
Event: 1776.920 Thread 0x0000022929ab9b00 Implicit null exception at 0x0000022918a4b2d7 to 0x0000022918a4bd48
Event: 1776.926 Thread 0x0000022929ab9b00 Implicit null exception at 0x00000229189e6ce8 to 0x00000229189e72a4
Event: 2043.171 Thread 0x000002292af90c60 Implicit null exception at 0x0000022918f09550 to 0x0000022918f0956a
Event: 2043.173 Thread 0x000002292af90710 Implicit null exception at 0x0000022918f09550 to 0x0000022918f0956a
Event: 2043.537 Thread 0x000002292af8dc90 Implicit null exception at 0x0000022918d55bdc to 0x0000022918d571c0

VM Operations (20 events):
Event: 2057.899 Executing VM operation: G1CollectForAllocation
Event: 2057.951 Executing VM operation: G1CollectForAllocation done
Event: 2059.969 Executing VM operation: Cleanup
Event: 2061.033 Executing VM operation: Cleanup done
Event: 2062.044 Executing VM operation: Cleanup
Event: 2062.044 Executing VM operation: Cleanup done
Event: 2063.045 Executing VM operation: Cleanup
Event: 2063.045 Executing VM operation: Cleanup done
Event: 2063.795 Executing VM operation: HandshakeAllThreads
Event: 2063.795 Executing VM operation: HandshakeAllThreads done
Event: 2064.198 Executing VM operation: HandshakeAllThreads
Event: 2064.199 Executing VM operation: HandshakeAllThreads done
Event: 2064.199 Executing VM operation: Cleanup
Event: 2064.199 Executing VM operation: Cleanup done
Event: 2064.347 Executing VM operation: HandshakeAllThreads
Event: 2064.348 Executing VM operation: HandshakeAllThreads done
Event: 2064.790 Executing VM operation: G1CollectForAllocation
Event: 2064.796 Executing VM operation: G1CollectForAllocation done
Event: 2065.806 Executing VM operation: Cleanup
Event: 2065.806 Executing VM operation: Cleanup done

Events (20 events):
Event: 2064.391 Thread 0x00000229244775f0 flushing nmethod 0x0000022912317c90
Event: 2064.391 Thread 0x00000229244775f0 flushing nmethod 0x0000022912318290
Event: 2064.391 Thread 0x00000229244775f0 flushing nmethod 0x000002291232a410
Event: 2064.391 Thread 0x00000229244775f0 flushing nmethod 0x000002291232b090
Event: 2064.391 Thread 0x00000229244775f0 flushing nmethod 0x000002291232bb10
Event: 2064.392 Thread 0x00000229244775f0 flushing nmethod 0x000002291232c610
Event: 2064.392 Thread 0x00000229244775f0 flushing nmethod 0x000002291232cb10
Event: 2064.392 Thread 0x00000229244775f0 flushing nmethod 0x000002291234ae10
Event: 2064.392 Thread 0x00000229244775f0 flushing nmethod 0x000002291234d490
Event: 2064.392 Thread 0x00000229244775f0 flushing nmethod 0x0000022912350390
Event: 2064.392 Thread 0x00000229244775f0 flushing nmethod 0x0000022912356810
Event: 2064.392 Thread 0x00000229244775f0 flushing nmethod 0x0000022912356b90
Event: 2064.392 Thread 0x00000229244775f0 flushing nmethod 0x0000022912356f10
Event: 2064.392 Thread 0x00000229244775f0 flushing nmethod 0x0000022912357290
Event: 2064.392 Thread 0x00000229244775f0 flushing nmethod 0x0000022912357610
Event: 2064.392 Thread 0x00000229244775f0 flushing nmethod 0x0000022912357990
Event: 2064.392 Thread 0x00000229244775f0 flushing nmethod 0x0000022912357d10
Event: 2064.392 Thread 0x00000229244775f0 flushing nmethod 0x0000022912358090
Event: 2064.392 Thread 0x00000229244775f0 flushing nmethod 0x0000022912366590
Event: 2064.392 Thread 0x00000229244775f0 flushing nmethod 0x000002291237b210


Dynamic libraries:
0x00007ff6d3e10000 - 0x00007ff6d3e1e000 	C:\Users\zoand\.jdks\openjdk-19.0.2\bin\java.exe
0x00007fff1e290000 - 0x00007fff1e488000 	C:\WINDOWS\SYSTEM32\ntdll.dll
0x00007fff1c5f0000 - 0x00007fff1c6af000 	C:\WINDOWS\System32\KERNEL32.DLL
0x00007fff1bac0000 - 0x00007fff1bdb6000 	C:\WINDOWS\System32\KERNELBASE.dll
0x00007fff1c080000 - 0x00007fff1c180000 	C:\WINDOWS\System32\ucrtbase.dll
0x00007fff121a0000 - 0x00007fff121b7000 	C:\Users\zoand\.jdks\openjdk-19.0.2\bin\jli.dll
0x00007fff11470000 - 0x00007fff1148b000 	C:\Users\zoand\.jdks\openjdk-19.0.2\bin\VCRUNTIME140.dll
0x00007fff1d3c0000 - 0x00007fff1d55d000 	C:\WINDOWS\System32\USER32.dll
0x00007fff1c210000 - 0x00007fff1c232000 	C:\WINDOWS\System32\win32u.dll
0x00007fff1d570000 - 0x00007fff1d59c000 	C:\WINDOWS\System32\GDI32.dll
0x00007fff1b970000 - 0x00007fff1ba85000 	C:\WINDOWS\System32\gdi32full.dll
0x00007fff0db70000 - 0x00007fff0de0a000 	C:\WINDOWS\WinSxS\amd64_microsoft.windows.common-controls_6595b64144ccf1df_6.0.19041.1110_none_60b5254171f9507e\COMCTL32.dll
0x00007fff1bdc0000 - 0x00007fff1be5d000 	C:\WINDOWS\System32\msvcp_win.dll
0x00007fff1d650000 - 0x00007fff1d6ee000 	C:\WINDOWS\System32\msvcrt.dll
0x00007fff1c9e0000 - 0x00007fff1ca10000 	C:\WINDOWS\System32\IMM32.DLL
0x00007fff12450000 - 0x00007fff1245c000 	C:\Users\zoand\.jdks\openjdk-19.0.2\bin\vcruntime140_1.dll
0x00007ffefe630000 - 0x00007ffefe6be000 	C:\Users\zoand\.jdks\openjdk-19.0.2\bin\msvcp140.dll
0x00007ffee08f0000 - 0x00007ffee15b0000 	C:\Users\zoand\.jdks\openjdk-19.0.2\bin\server\jvm.dll
0x00007fff1dd10000 - 0x00007fff1ddbf000 	C:\WINDOWS\System32\ADVAPI32.dll
0x00007fff1ca10000 - 0x00007fff1caac000 	C:\WINDOWS\System32\sechost.dll
0x00007fff1ddc0000 - 0x00007fff1dee6000 	C:\WINDOWS\System32\RPCRT4.dll
0x00007fff16d40000 - 0x00007fff16d49000 	C:\WINDOWS\SYSTEM32\WSOCK32.dll
0x00007fff0a760000 - 0x00007fff0a787000 	C:\WINDOWS\SYSTEM32\WINMM.dll
0x00007fff0b560000 - 0x00007fff0b56a000 	C:\WINDOWS\SYSTEM32\VERSION.dll
0x00007fff1cab0000 - 0x00007fff1cb1b000 	C:\WINDOWS\System32\WS2_32.dll
0x00007fff19740000 - 0x00007fff19752000 	C:\WINDOWS\SYSTEM32\kernel.appcore.dll
0x00007fff123b0000 - 0x00007fff123ba000 	C:\Users\zoand\.jdks\openjdk-19.0.2\bin\jimage.dll
0x00007fff0a8c0000 - 0x00007fff0aaa4000 	C:\WINDOWS\SYSTEM32\DBGHELP.DLL
0x00007fff0a670000 - 0x00007fff0a6a4000 	C:\WINDOWS\SYSTEM32\dbgcore.DLL
0x00007fff1c180000 - 0x00007fff1c202000 	C:\WINDOWS\System32\bcryptPrimitives.dll
0x00007fff19180000 - 0x00007fff1918e000 	C:\Users\zoand\.jdks\openjdk-19.0.2\bin\instrument.dll
0x00007fff10fd0000 - 0x00007fff10ff6000 	C:\Users\zoand\.jdks\openjdk-19.0.2\bin\java.dll
0x00007ffeecb40000 - 0x00007ffeecc17000 	C:\Users\zoand\.jdks\openjdk-19.0.2\bin\jsvml.dll
0x00007fff1cbd0000 - 0x00007fff1d314000 	C:\WINDOWS\System32\SHELL32.dll
0x00007fff19a20000 - 0x00007fff1a1b3000 	C:\WINDOWS\SYSTEM32\windows.storage.dll
0x00007fff1def0000 - 0x00007fff1e244000 	C:\WINDOWS\System32\combase.dll
0x00007fff1b3c0000 - 0x00007fff1b3ee000 	C:\WINDOWS\SYSTEM32\Wldp.dll
0x00007fff1d5a0000 - 0x00007fff1d64d000 	C:\WINDOWS\System32\SHCORE.dll
0x00007fff1d750000 - 0x00007fff1d7a5000 	C:\WINDOWS\System32\shlwapi.dll
0x00007fff1b8b0000 - 0x00007fff1b8cf000 	C:\WINDOWS\SYSTEM32\profapi.dll
0x00007fff10c30000 - 0x00007fff10c48000 	C:\Users\zoand\.jdks\openjdk-19.0.2\bin\zip.dll
0x00007fff113b0000 - 0x00007fff113c3000 	C:\Users\zoand\.jdks\openjdk-19.0.2\bin\net.dll
0x00007fff0dff0000 - 0x00007fff0e0fa000 	C:\WINDOWS\SYSTEM32\WINHTTP.dll
0x00007fff1b120000 - 0x00007fff1b18a000 	C:\WINDOWS\system32\mswsock.dll
0x00007fff10e60000 - 0x00007fff10e76000 	C:\Users\zoand\.jdks\openjdk-19.0.2\bin\nio.dll
0x00007fff18f50000 - 0x00007fff18f6a000 	C:\Program Files\JetBrains\IntelliJ IDEA Community Edition 2022.3.2\bin\breakgen64.dll
0x00007fff12390000 - 0x00007fff12398000 	C:\Users\zoand\.jdks\openjdk-19.0.2\bin\extnet.dll
0x00007fff10e50000 - 0x00007fff10e60000 	C:\Users\zoand\.jdks\openjdk-19.0.2\bin\verify.dll
0x00007fff19160000 - 0x00007fff1916a000 	C:\Users\zoand\.jdks\openjdk-19.0.2\bin\management.dll
0x00007fff18f90000 - 0x00007fff18f9b000 	C:\Users\zoand\.jdks\openjdk-19.0.2\bin\management_ext.dll
0x00007fff1d560000 - 0x00007fff1d568000 	C:\WINDOWS\System32\PSAPI.DLL
0x00007ffeff040000 - 0x00007ffeff057000 	C:\WINDOWS\system32\napinsp.dll
0x00007ffeff020000 - 0x00007ffeff03b000 	C:\WINDOWS\system32\pnrpnsp.dll
0x00007fff15010000 - 0x00007fff1502d000 	C:\WINDOWS\system32\NLAapi.dll
0x00007fff1adc0000 - 0x00007fff1adfc000 	C:\WINDOWS\SYSTEM32\IPHLPAPI.DLL
0x00007fff12bd0000 - 0x00007fff12be5000 	C:\WINDOWS\system32\wshbth.dll
0x00007fff1ae10000 - 0x00007fff1aeda000 	C:\WINDOWS\SYSTEM32\DNSAPI.dll
0x00007fff1d3b0000 - 0x00007fff1d3b8000 	C:\WINDOWS\System32\NSI.dll
0x00007ffefebf0000 - 0x00007ffefec02000 	C:\WINDOWS\System32\winrnr.dll
0x00007fff0c800000 - 0x00007fff0c80a000 	C:\Windows\System32\rasadhlp.dll
0x00007fff0ca00000 - 0x00007fff0ca82000 	C:\WINDOWS\System32\fwpuclnt.dll
0x00007fff1ba90000 - 0x00007fff1bab7000 	C:\WINDOWS\System32\bcrypt.dll
0x00007fff1b310000 - 0x00007fff1b328000 	C:\WINDOWS\SYSTEM32\CRYPTSP.dll
0x00007fff1a9d0000 - 0x00007fff1aa04000 	C:\WINDOWS\system32\rsaenh.dll
0x00007fff1b830000 - 0x00007fff1b85e000 	C:\WINDOWS\SYSTEM32\USERENV.dll
0x00007fff1b330000 - 0x00007fff1b33c000 	C:\WINDOWS\SYSTEM32\CRYPTBASE.dll
0x00007fff0e3d0000 - 0x00007fff0e3e7000 	C:\WINDOWS\SYSTEM32\dhcpcsvc6.DLL
0x00007fff0e640000 - 0x00007fff0e65d000 	C:\WINDOWS\SYSTEM32\dhcpcsvc.DLL
0x00007fff18db0000 - 0x00007fff18dbe000 	C:\Users\zoand\.jdks\openjdk-19.0.2\bin\sunmscapi.dll
0x00007fff1bf20000 - 0x00007fff1c07e000 	C:\WINDOWS\System32\CRYPT32.dll
0x00007fff1b430000 - 0x00007fff1b458000 	C:\WINDOWS\SYSTEM32\ncrypt.dll
0x00007fff1b3f0000 - 0x00007fff1b42b000 	C:\WINDOWS\SYSTEM32\NTASN1.dll
0x00007fff14870000 - 0x00007fff14877000 	C:\WINDOWS\system32\wshunix.dll

dbghelp: loaded successfully - version: 4.0.5 - missing functions: none
symbol engine: initialized successfully - sym options: 0x614 - pdb path: .;C:\Users\zoand\.jdks\openjdk-19.0.2\bin;C:\WINDOWS\SYSTEM32;C:\WINDOWS\WinSxS\amd64_microsoft.windows.common-controls_6595b64144ccf1df_6.0.19041.1110_none_60b5254171f9507e;C:\Users\zoand\.jdks\openjdk-19.0.2\bin\server;C:\Program Files\JetBrains\IntelliJ IDEA Community Edition 2022.3.2\bin

VM Arguments:
jvm_args: -javaagent:C:\Program Files\JetBrains\IntelliJ IDEA Community Edition 2022.3.2\lib\idea_rt.jar=3181:C:\Program Files\JetBrains\IntelliJ IDEA Community Edition 2022.3.2\bin -Dfile.encoding=UTF-8 -Dsun.stdout.encoding=UTF-8 -Dsun.stderr.encoding=UTF-8 
java_command: com.fichier.fichier.FichierApplication
java_class_path (initial): C:\PROJET\Spring\fichierTest\fichier\target\classes;C:\Users\zoand\.m2\repository\org\springframework\boot\spring-boot-starter-data-jpa\2.7.11\spring-boot-starter-data-jpa-2.7.11.jar;C:\Users\zoand\.m2\repository\org\springframework\boot\spring-boot-starter-aop\2.7.11\spring-boot-starter-aop-2.7.11.jar;C:\Users\zoand\.m2\repository\org\aspectj\aspectjweaver\1.9.7\aspectjweaver-1.9.7.jar;C:\Users\zoand\.m2\repository\org\springframework\boot\spring-boot-starter-jdbc\2.7.11\spring-boot-starter-jdbc-2.7.11.jar;C:\Users\zoand\.m2\repository\com\zaxxer\HikariCP\4.0.3\HikariCP-4.0.3.jar;C:\Users\zoand\.m2\repository\org\springframework\spring-jdbc\5.3.27\spring-jdbc-5.3.27.jar;C:\Users\zoand\.m2\repository\jakarta\transaction\jakarta.transaction-api\1.3.3\jakarta.transaction-api-1.3.3.jar;C:\Users\zoand\.m2\repository\jakarta\persistence\jakarta.persistence-api\2.2.3\jakarta.persistence-api-2.2.3.jar;C:\Users\zoand\.m2\repository\org\hibernate\hibernate-core\5.6.15.Final\hibernate-core-5.6.15.Final.jar;C:\Users\zoand\.m2\repository\org\jboss\logging\jboss-logging\3.4.3.Final\jboss-logging-3.4.3.Final.jar;C:\Users\zoand\.m2\repository\net\bytebuddy\byte-buddy\1.12.23\byte-buddy-1.12.23.jar;C:\Users\zoand\.m2\repository\antlr\antlr\2.7.7\antlr-2.7.7.jar;C:\Users\zoand\.m2\repository\org\jboss\jandex\2.4.2.Final\jandex-2.4.2.Final.jar;C:\Users\zoand\.m2\repository\com\fasterxml\classmate\1.5.1\classmate-1.5.1.jar;C:\Users\zoand\.m2\repository\org\hibernate\common\hibernate-commons-annotations\5.1.2.Final\hibernate-commons-annotations-5.1.2.Final.jar;C:\Users\zoand\.m2\repository\org\glassfish\jaxb\jaxb-runtime\2.3.8\jaxb-runtime-2.3.8.jar;C:\Users\zoand\.m2\repository\org\glassfish\jaxb\txw2\2.3.8\txw2-2.3.8.jar;C:\Users\zoand\.m2\repository\com\sun\istack\istack-commons-runtime\3.0.12\istack-commons-runtime-3.0.12.jar;C:\Users\zoand\.m2\repository\com\sun\activation\jakarta.activation\1.2.2\jakarta.activation-1.2.2.jar;C:\Users\zoand\.m2\repository\org\springframework\data\spring-data-jpa\2.7.11\spring-data-jpa-2.7.11.jar;C:\Users\zoand\.m2\repository\org\springframework\data\spring-data-commons\2.7.11\spring-data-commons-2.7.11.jar;C:\Users\zoand\.m2\repository\org\springframework\spring-orm\5.3.27\spring-orm-5.3.27.jar;C:\Users\zoand\.m2\repository\org\springframework\spring-context\5.3.27\spring-context-5.3.27.jar;C:\Users\zoand\.m2\repository\org\springframework\spring-tx\5.3.27\spring-tx-5.3.27.jar;C:\Users\zoand\.m2\repository\org\springframework\spring-beans\5.3.27\spring-beans-5.3.27.jar;C:\Users\zoand\.m2\repository\org\springframework\spring-aspects\5.3.27\spring-aspects-5.3.27.jar;C:\Users\zoand\.m2\repository\org\springframework\boot\spring-boot-starter-security\2.7.11\spring-boot-starter-security-2.7.11.jar;C:\Users\zoand\.m2\repository\org\springframework\boot\spring-boot-starter\2.7.11\spring-boot-starter-2.7.11.jar;C:\Users\zoand\.m2\repository\org\springframework\boot\spring-boot-starter-logging\2.7.11\spring-boot-starter-logging-2.7.11.jar;C:\Users\zoand\.m2\repository\ch\qos\logback\logback-classic\1.2.12\logback-classic-1.2.12.jar;C:\Users\zoand\.m2\repository\ch\qos\logback\logback-core\1.2.12\logback-core-1.2.12.jar;C:\Users\zoand\.m2\repository\org\apache\logging\log4j\log4j-to-slf4j\2.17.2\log4j-to-slf4j-2.17.2.jar;C:\Users\zoand\.m2\repository\org\slf4j\jul-to-slf4j\1.7.36\jul-to-slf4j-1.7.36.jar;C:\Users\zoand\.m2\repository\jakarta\annotation\jakarta.annotation-api\1.3.5\jakarta.annotation-api-1.3.5.jar;C:\Users\zoand\.m2\repository\org\yaml\snakeyaml\1.30\snakeyaml-1.30.jar;C:\Users\zoand\.m2\repository\org\springframework\spring-aop\5.3.27\spring-aop-5.3.27.jar;C:\Users\zoand\.m2\repository\org\springframework\security\spring-security-config\5.7.8\spring-security-config-5.7.8.jar;C:\Users\zoand\.m2\repository\org\springframework\security\spring-security-web\5.7.8\spring-security-web-5.7.8.jar;C:\Users\zoand\.m2\repository\org\springframework\spring-expression\5.3.27\spring-expression-5.3.27.jar;C:\Users\zoand\.m2\repository\org\springframework\boot\spring-boot-starter-web\2.7.11\spring-boot-starter-web-2.7.11.jar;C:\Users\zoand\.m2\repository\org\springframework\boot\spring-boot-starter-json\2.7.11\spring-boot-starter-json-2.7.11.jar;C:\Users\zoand\.m2\repository\com\fasterxml\jackson\datatype\jackson-datatype-jdk8\2.13.5\jackson-datatype-jdk8-2.13.5.jar;C:\Users\zoand\.m2\repository\com\fasterxml\jackson\datatype\jackson-datatype-jsr310\2.13.5\jackson-datatype-jsr310-2.13.5.jar;C:\Users\zoand\.m2\repository\com\fasterxml\jackson\module\jackson-module-parameter-names\2.13.5\jackson-module-parameter-names-2.13.5.jar;C:\Users\zoand\.m2\repository\org\springframework\boot\spring-boot-starter-tomcat\2.7.11\spring-boot-starter-tomcat-2.7.11.jar;C:\Users\zoand\.m2\repository\org\apache\tomcat\embed\tomcat-embed-core\9.0.74\tomcat-embed-core-9.0.74.jar;C:\Users\zoand\.m2\repository\org\apache\tomcat\embed\tomcat-embed-el\9.0.74\tomcat-embed-el-9.0.74.jar;C:\Users\zoand\.m2\repository\org\apache\tomcat\embed\tomcat-embed-websocket\9.0.74\tomcat-embed-websocket-9.0.74.jar;C:\Users\zoand\.m2\repository\org\springframework\spring-web\5.3.27\spring-web-5.3.27.jar;C:\Users\zoand\.m2\repository\org\springframework\spring-webmvc\5.3.27\spring-webmvc-5.3.27.jar;C:\Users\zoand\.m2\repository\org\springframework\boot\spring-boot-devtools\2.7.11\spring-boot-devtools-2.7.11.jar;C:\Users\zoand\.m2\repository\org\springframework\boot\spring-boot\2.7.11\spring-boot-2.7.11.jar;C:\Users\zoand\.m2\repository\org\springframework\boot\spring-boot-autoconfigure\2.7.11\spring-boot-autoconfigure-2.7.11.jar;C:\Users\zoand\.m2\repository\com\mysql\mysql-connector-j\8.0.33\mysql-connector-j-8.0.33.jar;C:\Users\zoand\.m2\repository\org\springframework\boot\spring-boot-configuration-processor\2.7.11\spring-boot-configuration-processor-2.7.11.jar;C:\Users\zoand\.m2\repository\io\jsonwebtoken\jjwt\0.9.1\jjwt-0.9.1.jar;C:\Users\zoand\.m2\repository\com\fasterxml\jackson\core\jackson-databind\2.13.5\jackson-databind-2.13.5.jar;C:\Users\zoand\.m2\repository\com\fasterxml\jackson\core\jackson-annotations\2.13.5\jackson-annotations-2.13.5.jar;C:\Users\zoand\.m2\repository\com\auth0\java-jwt\3.11.0\java-jwt-3.11.0.jar;C:\Users\zoand\.m2\repository\commons-codec\commons-codec\1.15\commons-codec-1.15.jar;C:\Users\zoand\.m2\repository\org\projectlombok\lombok\1.18.26\lombok-1.18.26.jar;C:\Users\zoand\.m2\repository\jakarta\xml\bind\jakarta.xml.bind-api\2.3.3\jakarta.xml.bind-api-2.3.3.jar;C:\Users\zoand\.m2\repository\jakarta\activation\jakarta.activation-api\1.2.2\jakarta.activation-api-1.2.2.jar;C:\Users\zoand\.m2\repository\org\springframework\spring-core\5.3.27\spring-core-5.3.27.jar;C:\Users\zoand\.m2\repository\org\springframework\spring-jcl\5.3.27\spring-jcl-5.3.27.jar;C:\Users\zoand\.m2\repository\org\springframework\security\spring-security-core\5.7.8\spring-security-core-5.7.8.jar;C:\Users\zoand\.m2\repository\org\springframework\security\spring-security-crypto\5.7.8\spring-security-crypto-5.7.8.jar;C:\Users\zoand\.m2\repository\org\apache\poi\poi\5.2.0\poi-5.2.0.jar;C:\Users\zoand\.m2\repository\org\apache\commons\commons-collections4\4.4\commons-collections4-4.4.jar;C:\Users\zoand\.m2\repository\org\apache\commons\commons-math3\3.6.1\commons-math3-3.6.1.jar;C:\Users\zoand\.m2\repository\commons-io\commons-io\2.11.0\commons-io-2.11.0.jar;C:\Users\zoand\.m2\repository\com\zaxxer\SparseBitSet\1.2\SparseBitSet-1.2.jar;C:\Users\zoand\.m2\repository\org\apache\logging\log4j\log4j-api\2.17.2\log4j-api-2.17.2.jar;C:\Users\zoand\.m2\repository\org\apache\poi\poi-ooxml\5.2.0\poi-ooxml-5.2.0.jar;C:\Users\zoand\.m2\repository\org\apache\poi\poi-ooxml-lite\5.2.0\poi-ooxml-lite-5.2.0.jar;C:\Users\zoand\.m2\repository\org\apache\xmlbeans\xmlbeans\5.0.3\xmlbeans-5.0.3.jar;C:\Users\zoand\.m2\repository\org\apache\commons\commons-compress\1.21\commons-compress-1.21.jar;C:\Users\zoand\.m2\repository\com\github\virtuald\curvesapi\1.06\curvesapi-1.06.jar;C:\Users\zoand\.m2\repository\org\springframework\boot\spring-boot-starter-websocket\2.7.11\spring-boot-starter-websocket-2.7.11.jar;C:\Users\zoand\.m2\repository\org\springframework\spring-messaging\5.3.27\spring-messaging-5.3.27.jar;C:\Users\zoand\.m2\repository\org\springframework\spring-websocket\5.3.27\spring-websocket-5.3.27.jar;C:\Users\zoand\.m2\repository\javax\websocket\javax.websocket-api\1.1\javax.websocket-api-1.1.jar;C:\Users\zoand\.m2\repository\org\webjars\webjars-locator-core\0.50\webjars-locator-core-0.50.jar;C:\Users\zoand\.m2\repository\org\slf4j\slf4j-api\1.7.36\slf4j-api-1.7.36.jar;C:\Users\zoand\.m2\repository\io\github\classgraph\classgraph\4.8.139\classgraph-4.8.139.jar;C:\Users\zoand\.m2\repository\com\fasterxml\jackson\core\jackson-core\2.13.5\jackson-core-2.13.5.jar;C:\Users\zoand\.m2\repository\org\webjars\sockjs-client\1.0.2\sockjs-client-1.0.2.jar;C:\Users\zoand\.m2\repository\org\webjars\stomp-websocket\2.3.3\stomp-websocket-2.3.3.jar;C:\Users\zoand\.m2\repository\org\webjars\bootstrap\3.3.7\bootstrap-3.3.7.jar;C:\Users\zoand\.m2\repository\org\webjars\jquery\3.1.1-1\jquery-3.1.1-1.jar
Launcher Type: SUN_STANDARD

[Global flags]
     intx CICompilerCount                          = 3                                         {product} {ergonomic}
     uint ConcGCThreads                            = 1                                         {product} {ergonomic}
     uint G1ConcRefinementThreads                  = 4                                         {product} {ergonomic}
   size_t G1HeapRegionSize                         = 1048576                                   {product} {ergonomic}
    uintx GCDrainStackTargetSize                   = 64                                        {product} {ergonomic}
   size_t InitialHeapSize                          = 67108864                                  {product} {ergonomic}
   size_t MarkStackSize                            = 4194304                                   {product} {ergonomic}
   size_t MaxHeapSize                              = 1046478848                                {product} {ergonomic}
   size_t MaxNewSize                               = 627048448                                 {product} {ergonomic}
   size_t MinHeapDeltaBytes                        = 1048576                                   {product} {ergonomic}
   size_t MinHeapSize                              = 8388608                                   {product} {ergonomic}
    uintx NonNMethodCodeHeapSize                   = 5832780                                {pd product} {ergonomic}
    uintx NonProfiledCodeHeapSize                  = 122912730                              {pd product} {ergonomic}
    uintx ProfiledCodeHeapSize                     = 122912730                              {pd product} {ergonomic}
    uintx ReservedCodeCacheSize                    = 251658240                              {pd product} {ergonomic}
     bool SegmentedCodeCache                       = true                                      {product} {ergonomic}
   size_t SoftMaxHeapSize                          = 1046478848                             {manageable} {ergonomic}
     bool UseCompressedClassPointers               = true                           {product lp64_product} {ergonomic}
     bool UseCompressedOops                        = true                           {product lp64_product} {ergonomic}
     bool UseG1GC                                  = true                                      {product} {ergonomic}
     bool UseLargePagesIndividualAllocation        = false                                  {pd product} {ergonomic}

Logging:
Log output configuration:
 #0: stdout all=warning uptime,level,tags foldmultilines=false
 #1: stderr all=off uptime,level,tags foldmultilines=false

Environment Variables:
JAVA_HOME=C:\Program Files\Java\jdk1.8.0_201
PATH=C:\Program Files (x86)\Common Files\Oracle\Java\javapath;C:\WINDOWS\system32;C:\WINDOWS;C:\WINDOWS\System32\Wbem;C:\WINDOWS\System32\WindowsPowerShell\v1.0\;C:\WINDOWS\System32\OpenSSH\;C:\Program Files\Git\cmd;C:\Program Files (x86)\Microsoft SQL Server\150\Tools\Binn\;C:\Program Files\Microsoft SQL Server\150\Tools\Binn\;C:\Program Files\Microsoft SQL Server\150\DTS\Binn\;C:\Program Files\Microsoft SQL Server\Client SDK\ODBC\170\Tools\Binn\;C:\Program Files (x86)\Microsoft SQL Server\150\DTS\Binn\;C:\Program Files\Azure Data Studio\bin;C:\Program Files\dotnet\;C:\Program Files (x86)\nodejs\;C:\Program Files\MongoDB\Server\5.0\bin;C:\ProgramData\ComposerSetup\bin;C:\Program Files\Java\jdk1.8.0_201\bin;C:\Apache Software Foundation\Tomcat 10.0\bin;C:\Program Files\Java\jre1.8.0_201\bin;C:\Users\zoand\scoop\shims;C:\Users\zoand\AppData\Local\Microsoft\WindowsApps;C:\Users\zoand\AppData\Local\Programs\Microsoft VS Code\bin;C:\Program Files\Azure Data Studio\bin;C:\Users\zoand\.dotnet\tools;C:\Users\zoand\AppData\Roaming\npm;C:\Program Files\JetBrains\IntelliJ IDEA Community Edition 2022.3.2\bin;;C:\Users\zoand\AppData\Roaming\Composer\vendor\bin;C:\wamp64\bin\php\php8.0.26;C:\Program Files\Tomcat;C:\Apache Software Foundation\Tomcat 10.0\bin;C:\apache-maven-3.9.2\bin;
USERNAME=zoand
OS=Windows_NT
PROCESSOR_IDENTIFIER=Intel64 Family 6 Model 58 Stepping 9, GenuineIntel
TMP=C:\Users\zoand\AppData\Local\Temp
TEMP=C:\Users\zoand\AppData\Local\Temp



---------------  S Y S T E M  ---------------

OS:
 Windows 10 , 64 bit Build 19041 (10.0.19041.3031)
OS uptime: 6 days 7:26 hours

CPU: total 4 (initial active 4) (2 cores per cpu, 2 threads per core) family 6 model 58 stepping 9 microcode 0x21, cx8, cmov, fxsr, ht, mmx, sse, sse2, sse3, ssse3, sse4.1, sse4.2, popcnt, tsc, tscinvbit, avx, aes, erms, clmul, vzeroupper, clflush, rdtscp

Memory: 4k page, system-wide physical 3990M (231M free)
TotalPageFile size 16278M (AvailPageFile size 6M)
current process WorkingSet (physical memory assigned to process): 307M, peak: 426M
current process commit charge ("private bytes"): 510M, peak: 520M

vm_info: OpenJDK 64-Bit Server VM (19.0.2+7-44) for windows-amd64 JRE (19.0.2+7-44), built on 2022-11-30T18:02:09Z by "mach5one" with MS VC++ 17.1 (VS2022)

END.
